#
# A fatal error has been detected by the Java Runtime Environment:
#
#  EXCEPTION_ACCESS_VIOLATION (0xc0000005) at pc=0x000000005426f28a, pid=15608, tid=0x0000000000002994
#
# JRE version: Java(TM) SE Runtime Environment (8.0_152-b16) (build 1.8.0_152-b16)
# Java VM: Dynamic Code Evolution 64-Bit Server VM (25.71-b01-dcevmlight-30 mixed mode windows-amd64 compressed oops)
# Problematic frame:
# V  [jvm.dll+0xef28a]
#
# Failed to write core dump. Minidumps are not enabled by default on client versions of Windows
#
# If you would like to submit a bug report, please visit:
#   https://github.com/dcevm/dcevm/issues
#

---------------  T H R E A D  ---------------

Current thread (0x0000000021e83000):  JavaThread "Thread-693" daemon [_thread_in_vm, id=10644, stack(0x000000004b700000,0x000000004b800000)]

siginfo: ExceptionCode=0xc0000005, reading address 0x000000000000019a

Registers:
RAX=0x0000000000000000, RBX=0x0000000000000001, RCX=0x0000000000000000, RDX=0x0000000021e83000
RSP=0x000000004b7fe550, RBP=0x000000004b7fe6c0, RSI=0x0000000021e83000, RDI=0x0000000000000000
R8 =0x0003cfe216faa597, R9 =0x0000000022be40b8, R10=0x0000000022be9608, R11=0x0000000004f393b0
R12=0x000000001df5cbd0, R13=0x0000000000000008, R14=0x000000004b7feb50, R15=0x000000000000000a
RIP=0x000000005426f28a, EFLAGS=0x0000000000010206

Top of Stack: (sp=0x000000004b7fe550)
0x000000004b7fe550:   0000000100f54b58 00000001003ea201
0x000000004b7fe560:   0000000100f54b58 00000000000003d8
0x000000004b7fe570:   0000000021e83000 00000000543292d3
0x000000004b7fe580:   000000001a9bff10 000000001a9c0238
0x000000004b7fe590:   000000001a9c7ef8 00000000000080b0
0x000000004b7fe5a0:   000000004b7ff2c8 0000000021e83000
0x000000004b7fe5b0:   0000000000000000 000000005432e82f
0x000000004b7fe5c0:   0000000000000001 0000000100f54ec8
0x000000004b7fe5d0:   0000000000000038 0000000019fd82d0
0x000000004b7fe5e0:   000000004b7fe701 00000001003ea2a0
0x000000004b7fe5f0:   0000000021e83000 0000000000000000
0x000000004b7fe600:   00000001003ea2a0 000000000000101a
0x000000004b7fe610:   000000001de21ab0 000000001e4ce558
0x000000004b7fe620:   00000000000003d8 000000001e4ce180
0x000000004b7fe630:   000000000000000a 0000000100f54ec8
0x000000004b7fe640:   000000004b7fedf0 000000001e4ce170 

Instructions: (pc=0x000000005426f28a)
0x000000005426f26a:   48 8b cf e8 de fe ff ff 48 8b 5c 24 30 48 83 c4
0x000000005426f27a:   20 5f c3 cc cc cc 48 89 5c 24 08 57 48 83 ec 60
0x000000005426f28a:   80 b9 9a 01 00 00 02 48 8b fa 48 8b d9 73 21 48
0x000000005426f29a:   8d 4c 24 20 e8 fd 55 10 00 4c 8b c7 b2 01 48 8b 


Register to memory mapping:

RAX=0x0000000000000000 is an unknown value
RBX=0x0000000000000001 is an unknown value
RCX=0x0000000000000000 is an unknown value
RDX=0x0000000021e83000 is a thread
RSP=0x000000004b7fe550 is pointing into the stack for thread: 0x0000000021e83000
RBP=0x000000004b7fe6c0 is pointing into the stack for thread: 0x0000000021e83000
RSI=0x0000000021e83000 is a thread
RDI=0x0000000000000000 is an unknown value
R8 =0x0003cfe216faa597 is an unknown value
R9 =0x0000000022be40b8 is pointing into metadata
R10={method} {0x0000000022be9610} 'access$7' '(Lcom/patho/main/action/handler/GlobalEditViewHandler;)Lcom/patho/main/service/FavouriteListService;' in 'com/patho/main/action/handler/GlobalEditViewHandler'
R11=0x0000000004f393b0 is an unknown value
R12=0x000000001df5cbd0 is an unknown value
R13=0x0000000000000008 is an unknown value
R14=0x000000004b7feb50 is pointing into the stack for thread: 0x0000000021e83000
R15=0x000000000000000a is an unknown value


Stack: [0x000000004b700000,0x000000004b800000],  sp=0x000000004b7fe550,  free space=1017k
Native frames: (J=compiled Java code, j=interpreted, Vv=VM code, C=native code)
V  [jvm.dll+0xef28a]
V  [jvm.dll+0x1ae82f]
V  [jvm.dll+0x1af5a7]
V  [jvm.dll+0x22ba90]
V  [jvm.dll+0x17fa88]
V  [jvm.dll+0x3229b4]
C  [instrument.dll+0x3e33]
C  0x0000000005150d4c

Java frames: (J=compiled Java code, j=interpreted, Vv=VM code)
j  sun.instrument.InstrumentationImpl.redefineClasses0(J[Ljava/lang/instrument/ClassDefinition;)V+0
j  sun.instrument.InstrumentationImpl.redefineClasses([Ljava/lang/instrument/ClassDefinition;)V+73
j  org.hotswap.agent.config.PluginManager.hotswap(Ljava/util/Map;)V+168
j  org.hotswap.agent.plugin.hotswapper.HotswapperPlugin$1.executeCommand()V+14
J 18661 C1 org.hotswap.agent.command.impl.CommandExecutor.run()V (43 bytes) @ 0x000000000543b864 [0x000000000543b680+0x1e4]
v  ~StubRoutines::call_stub

---------------  P R O C E S S  ---------------

Java Threads: ( => current thread )
=>0x0000000021e83000 JavaThread "Thread-693" daemon [_thread_in_vm, id=10644, stack(0x000000004b700000,0x000000004b800000)]
  0x0000000021e95800 JavaThread "Thread-452" daemon [_thread_blocked, id=14544, stack(0x000000003c600000,0x000000003c700000)]
  0x0000000021e8a800 JavaThread "Thread-445" daemon [_thread_blocked, id=10764, stack(0x000000003bf00000,0x000000003c000000)]
  0x0000000021e91000 JavaThread "Thread-444" daemon [_thread_blocked, id=1288, stack(0x000000003be00000,0x000000003bf00000)]
  0x0000000021e8c000 JavaThread "Thread-436" daemon [_thread_blocked, id=2700, stack(0x000000003b600000,0x000000003b700000)]
  0x0000000021e88000 JavaThread "Thread-434" daemon [_thread_blocked, id=5352, stack(0x000000003b400000,0x000000003b500000)]
  0x0000000021e87800 JavaThread "Thread-433" daemon [_thread_blocked, id=16692, stack(0x000000003b300000,0x000000003b400000)]
  0x0000000021e8c800 JavaThread "Thread-432" daemon [_thread_blocked, id=5644, stack(0x000000003b200000,0x000000003b300000)]
  0x0000000021e84800 JavaThread "Thread-424" daemon [_thread_blocked, id=11452, stack(0x000000003aa00000,0x000000003ab00000)]
  0x0000000021e80800 JavaThread "Thread-421" daemon [_thread_blocked, id=10556, stack(0x000000003a700000,0x000000003a800000)]
  0x0000000021e15000 JavaThread "Thread-420" daemon [_thread_blocked, id=1896, stack(0x000000003a600000,0x000000003a700000)]
  0x0000000021e12000 JavaThread "Thread-416" daemon [_thread_blocked, id=1544, stack(0x000000003a200000,0x000000003a300000)]
  0x0000000021e0a000 JavaThread "Thread-413" daemon [_thread_blocked, id=15876, stack(0x0000000039f00000,0x000000003a000000)]
  0x0000000021e0f000 JavaThread "Thread-409" daemon [_thread_blocked, id=2996, stack(0x0000000039b00000,0x0000000039c00000)]
  0x0000000021e0c000 JavaThread "Thread-405" daemon [_thread_blocked, id=6924, stack(0x0000000039700000,0x0000000039800000)]
  0x0000000021e04000 JavaThread "Thread-396" daemon [_thread_blocked, id=7348, stack(0x0000000038e00000,0x0000000038f00000)]
  0x0000000021e03000 JavaThread "Thread-392" daemon [_thread_blocked, id=11760, stack(0x0000000038a00000,0x0000000038b00000)]
  0x0000000021e01000 JavaThread "Thread-391" daemon [_thread_blocked, id=5520, stack(0x0000000038900000,0x0000000038a00000)]
  0x0000000021e04800 JavaThread "Thread-389" daemon [_thread_blocked, id=3280, stack(0x0000000038700000,0x0000000038800000)]
  0x0000000021df6800 JavaThread "Thread-388" daemon [_thread_blocked, id=5928, stack(0x0000000038600000,0x0000000038700000)]
  0x0000000021df9800 JavaThread "Thread-387" daemon [_thread_blocked, id=92, stack(0x0000000038500000,0x0000000038600000)]
  0x0000000021df8000 JavaThread "Thread-381" daemon [_thread_blocked, id=1512, stack(0x0000000037f00000,0x0000000038000000)]
  0x0000000021d8a800 JavaThread "Thread-377" daemon [_thread_blocked, id=7124, stack(0x0000000037b00000,0x0000000037c00000)]
  0x0000000021d88800 JavaThread "Thread-372" daemon [_thread_blocked, id=9420, stack(0x0000000037600000,0x0000000037700000)]
  0x0000000021d85800 JavaThread "Thread-369" daemon [_thread_blocked, id=14488, stack(0x0000000037300000,0x0000000037400000)]
  0x0000000021d87000 JavaThread "Thread-365" daemon [_thread_blocked, id=15756, stack(0x0000000036f00000,0x0000000037000000)]
  0x0000000021d78000 JavaThread "Thread-361" daemon [_thread_blocked, id=12484, stack(0x0000000036b00000,0x0000000036c00000)]
  0x0000000021d7e800 JavaThread "Thread-360" daemon [_thread_blocked, id=7504, stack(0x0000000036a00000,0x0000000036b00000)]
  0x0000000021d77000 JavaThread "Thread-352" daemon [_thread_blocked, id=18280, stack(0x0000000036200000,0x0000000036300000)]
  0x0000000021d75000 JavaThread "Thread-349" daemon [_thread_blocked, id=18180, stack(0x0000000035f00000,0x0000000036000000)]
  0x0000000021d76800 JavaThread "Thread-348" daemon [_thread_blocked, id=16440, stack(0x0000000035e00000,0x0000000035f00000)]
  0x0000000021d6d800 JavaThread "Thread-347" daemon [_thread_blocked, id=3020, stack(0x0000000035d00000,0x0000000035e00000)]
  0x0000000021d56000 JavaThread "Thread-329" daemon [_thread_blocked, id=8020, stack(0x00000000348b0000,0x00000000349b0000)]
  0x0000000021d55800 JavaThread "Thread-328" daemon [_thread_blocked, id=4436, stack(0x00000000347b0000,0x00000000348b0000)]
  0x0000000021d54800 JavaThread "Thread-325" daemon [_thread_blocked, id=2896, stack(0x00000000344b0000,0x00000000345b0000)]
  0x0000000021d57800 JavaThread "Thread-324" daemon [_thread_in_vm, id=17720, stack(0x00000000343b0000,0x00000000344b0000)]
  0x0000000021d57000 JavaThread "Thread-321" daemon [_thread_blocked, id=4592, stack(0x00000000340b0000,0x00000000341b0000)]
  0x0000000021d4e000 JavaThread "Thread-315" daemon [_thread_blocked, id=12316, stack(0x0000000033ab0000,0x0000000033bb0000)]
  0x0000000021d4a000 JavaThread "Thread-313" daemon [_thread_blocked, id=2460, stack(0x00000000338b0000,0x00000000339b0000)]
  0x0000000021d4d000 JavaThread "Thread-312" daemon [_thread_blocked, id=4036, stack(0x00000000337b0000,0x00000000338b0000)]
  0x0000000021d45000 JavaThread "Thread-305" daemon [_thread_blocked, id=9740, stack(0x00000000330b0000,0x00000000331b0000)]
  0x0000000021d3d800 JavaThread "Thread-304" daemon [_thread_blocked, id=16292, stack(0x0000000032fb0000,0x00000000330b0000)]
  0x0000000021d43800 JavaThread "Thread-301" daemon [_thread_blocked, id=8948, stack(0x0000000032cb0000,0x0000000032db0000)]
  0x0000000021d41000 JavaThread "Thread-297" daemon [_thread_blocked, id=11144, stack(0x00000000328b0000,0x00000000329b0000)]
  0x0000000021d40800 JavaThread "Thread-295" daemon [_thread_blocked, id=3768, stack(0x00000000326b0000,0x00000000327b0000)]
  0x0000000021d39800 JavaThread "Thread-293" daemon [_thread_blocked, id=4944, stack(0x00000000324b0000,0x00000000325b0000)]
  0x0000000021d37000 JavaThread "Thread-288" daemon [_thread_blocked, id=9744, stack(0x0000000031fb0000,0x00000000320b0000)]
  0x0000000021d2c800 JavaThread "Thread-280" daemon [_thread_blocked, id=7104, stack(0x00000000317b0000,0x00000000318b0000)]
  0x0000000021d2e000 JavaThread "Thread-277" daemon [_thread_blocked, id=3508, stack(0x00000000314b0000,0x00000000315b0000)]
  0x0000000021d1b800 JavaThread "Thread-273" daemon [_thread_blocked, id=13868, stack(0x00000000310b0000,0x00000000311b0000)]
  0x0000000021d1b000 JavaThread "Thread-272" daemon [_thread_blocked, id=16776, stack(0x0000000030fb0000,0x00000000310b0000)]
  0x0000000021d1a000 JavaThread "Thread-270" daemon [_thread_blocked, id=8164, stack(0x0000000030db0000,0x0000000030eb0000)]
  0x0000000021d18800 JavaThread "Thread-269" daemon [_thread_blocked, id=7100, stack(0x0000000030cb0000,0x0000000030db0000)]
  0x0000000021d18000 JavaThread "Thread-265" daemon [_thread_blocked, id=18260, stack(0x00000000308b0000,0x00000000309b0000)]
  0x0000000021d10800 JavaThread "Thread-264" daemon [_thread_blocked, id=12240, stack(0x00000000307b0000,0x00000000308b0000)]
  0x0000000021d17000 JavaThread "Thread-263" daemon [_thread_blocked, id=6140, stack(0x00000000306b0000,0x00000000307b0000)]
  0x0000000021d12800 JavaThread "Thread-261" daemon [_thread_blocked, id=9928, stack(0x00000000304b0000,0x00000000305b0000)]
  0x0000000021d16800 JavaThread "Thread-260" daemon [_thread_blocked, id=8216, stack(0x00000000303b0000,0x00000000304b0000)]
  0x0000000021d12000 JavaThread "Thread-257" daemon [_thread_blocked, id=9880, stack(0x00000000300b0000,0x00000000301b0000)]
  0x0000000021d0f800 JavaThread "Thread-256" daemon [_thread_blocked, id=16820, stack(0x000000002ffb0000,0x00000000300b0000)]
  0x0000000021a95800 JavaThread "Thread-252" daemon [_thread_blocked, id=896, stack(0x000000002fbb0000,0x000000002fcb0000)]
  0x0000000021a9a000 JavaThread "Thread-249" daemon [_thread_blocked, id=7076, stack(0x000000002f8b0000,0x000000002f9b0000)]
  0x0000000021a97000 JavaThread "Thread-246" daemon [_thread_blocked, id=1784, stack(0x000000002f5b0000,0x000000002f6b0000)]
  0x0000000021a96000 JavaThread "Thread-245" daemon [_thread_blocked, id=12448, stack(0x000000002f4b0000,0x000000002f5b0000)]
  0x0000000021a94800 JavaThread "Thread-244" daemon [_thread_blocked, id=11412, stack(0x000000002f3b0000,0x000000002f4b0000)]
  0x0000000021a8d000 JavaThread "Thread-241" daemon [_thread_blocked, id=18256, stack(0x000000002f0b0000,0x000000002f1b0000)]
  0x0000000021a94000 JavaThread "Thread-240" daemon [_thread_blocked, id=5256, stack(0x000000002efb0000,0x000000002f0b0000)]
  0x0000000021a91800 JavaThread "Thread-238" daemon [_thread_blocked, id=5532, stack(0x000000002edb0000,0x000000002eeb0000)]
  0x0000000021a93000 JavaThread "Thread-237" daemon [_thread_blocked, id=7508, stack(0x000000002ecb0000,0x000000002edb0000)]
  0x0000000021a8e800 JavaThread "Thread-236" daemon [_thread_blocked, id=15796, stack(0x000000002ebb0000,0x000000002ecb0000)]
  0x00000000219fb800 JavaThread "Thread-231" daemon [_thread_blocked, id=11496, stack(0x000000002e6b0000,0x000000002e7b0000)]
  0x00000000219fa000 JavaThread "Thread-229" daemon [_thread_blocked, id=11828, stack(0x000000002e4b0000,0x000000002e5b0000)]
  0x00000000219f8800 JavaThread "Thread-225" daemon [_thread_blocked, id=3100, stack(0x000000002e0b0000,0x000000002e1b0000)]
  0x00000000219ee800 JavaThread "Thread-221" daemon [_thread_blocked, id=13552, stack(0x000000002dcb0000,0x000000002ddb0000)]
  0x00000000219f2800 JavaThread "Thread-220" daemon [_thread_blocked, id=14152, stack(0x000000002dbb0000,0x000000002dcb0000)]
  0x00000000219f1800 JavaThread "Thread-219" daemon [_thread_blocked, id=18240, stack(0x000000002dab0000,0x000000002dbb0000)]
  0x00000000219f0000 JavaThread "Thread-216" daemon [_thread_blocked, id=4156, stack(0x000000002d7b0000,0x000000002d8b0000)]
  0x00000000219f3000 JavaThread "Thread-215" daemon [_thread_blocked, id=14208, stack(0x000000002d6b0000,0x000000002d7b0000)]
  0x00000000219ed000 JavaThread "Thread-214" daemon [_thread_blocked, id=12896, stack(0x000000002d5b0000,0x000000002d6b0000)]
  0x000000001a9e6800 JavaThread "Thread-210" daemon [_thread_blocked, id=17100, stack(0x000000002d1b0000,0x000000002d2b0000)]
  0x000000001a9e5000 JavaThread "Thread-209" daemon [_thread_blocked, id=13120, stack(0x000000002d0b0000,0x000000002d1b0000)]
  0x000000001a9e4800 JavaThread "Thread-206" daemon [_thread_blocked, id=5356, stack(0x000000002cdb0000,0x000000002ceb0000)]
  0x000000001a9e3000 JavaThread "Thread-205" daemon [_thread_blocked, id=5164, stack(0x000000002ccb0000,0x000000002cdb0000)]
  0x000000001a9e2000 JavaThread "Thread-204" daemon [_thread_blocked, id=10360, stack(0x000000002cbb0000,0x000000002ccb0000)]
  0x000000001a9e1000 JavaThread "Thread-201" daemon [_thread_blocked, id=3152, stack(0x000000002c8b0000,0x000000002c9b0000)]
  0x000000001a9de000 JavaThread "Thread-198" daemon [_thread_blocked, id=11232, stack(0x000000002c5b0000,0x000000002c6b0000)]
  0x000000001a9dc800 JavaThread "Thread-197" daemon [_thread_blocked, id=1952, stack(0x000000002c4b0000,0x000000002c5b0000)]
  0x000000001a9dc000 JavaThread "Thread-193" daemon [_thread_blocked, id=16808, stack(0x000000002c0b0000,0x000000002c1b0000)]
  0x000000001aabb000 JavaThread "Thread-189" daemon [_thread_blocked, id=1936, stack(0x000000002bcb0000,0x000000002bdb0000)]
  0x000000001aab8000 JavaThread "Thread-185" daemon [_thread_blocked, id=17348, stack(0x000000002b8b0000,0x000000002b9b0000)]
  0x000000001aab7000 JavaThread "Thread-183" daemon [_thread_blocked, id=14556, stack(0x000000002b6b0000,0x000000002b7b0000)]
  0x000000001aabd000 JavaThread "Thread-181" daemon [_thread_blocked, id=12960, stack(0x000000002b4b0000,0x000000002b5b0000)]
  0x000000001aabc800 JavaThread "Thread-180" daemon [_thread_blocked, id=12860, stack(0x000000002b3b0000,0x000000002b4b0000)]
  0x000000001e30b800 JavaThread "Thread-178" daemon [_thread_blocked, id=15372, stack(0x000000002b1b0000,0x000000002b2b0000)]
  0x000000001e30c800 JavaThread "Thread-173" daemon [_thread_blocked, id=7448, stack(0x000000002acb0000,0x000000002adb0000)]
  0x0000000018243800 JavaThread "Thread-169" daemon [_thread_blocked, id=13792, stack(0x000000002a8b0000,0x000000002a9b0000)]
  0x0000000018245000 JavaThread "Thread-168" daemon [_thread_blocked, id=12552, stack(0x000000002a7b0000,0x000000002a8b0000)]
  0x0000000018241800 JavaThread "Thread-165" daemon [_thread_blocked, id=14532, stack(0x000000002a4b0000,0x000000002a5b0000)]
  0x0000000018247800 JavaThread "Thread-160" daemon [_thread_blocked, id=9484, stack(0x0000000029fb0000,0x000000002a0b0000)]
  0x000000001823f000 JavaThread "Thread-156" daemon [_thread_blocked, id=17856, stack(0x0000000029bb0000,0x0000000029cb0000)]
  0x000000001823a800 JavaThread "Thread-155" daemon [_thread_blocked, id=10392, stack(0x0000000029ab0000,0x0000000029bb0000)]
  0x000000001823d000 JavaThread "Thread-152" daemon [_thread_blocked, id=11468, stack(0x00000000297b0000,0x00000000298b0000)]
  0x000000001823b800 JavaThread "Thread-151" daemon [_thread_blocked, id=17048, stack(0x00000000296b0000,0x00000000297b0000)]
  0x000000001a9ff000 JavaThread "Thread-147" daemon [_thread_blocked, id=6876, stack(0x00000000292b0000,0x00000000293b0000)]
  0x000000001a9fc800 JavaThread "Thread-145" daemon [_thread_blocked, id=15780, stack(0x00000000290b0000,0x00000000291b0000)]
  0x000000001a9f9800 JavaThread "Thread-144" daemon [_thread_blocked, id=16144, stack(0x0000000028fb0000,0x00000000290b0000)]
  0x000000001a9fd000 JavaThread "Thread-142" daemon [_thread_blocked, id=11952, stack(0x0000000028db0000,0x0000000028eb0000)]
  0x000000001a9fa000 JavaThread "Thread-141" daemon [_thread_blocked, id=6936, stack(0x0000000028cb0000,0x0000000028db0000)]
  0x000000001a9fb800 JavaThread "Thread-140" daemon [_thread_blocked, id=10248, stack(0x0000000028bb0000,0x0000000028cb0000)]
  0x000000001a9f2000 JavaThread "Thread-139" daemon [_thread_blocked, id=5172, stack(0x0000000028ab0000,0x0000000028bb0000)]
  0x000000001a9f8800 JavaThread "Thread-138" daemon [_thread_blocked, id=11124, stack(0x00000000289b0000,0x0000000028ab0000)]
  0x000000001a9f5000 JavaThread "Thread-137" daemon [_thread_blocked, id=9764, stack(0x00000000288b0000,0x00000000289b0000)]
  0x000000001a9f8000 JavaThread "Thread-136" daemon [_thread_blocked, id=16576, stack(0x00000000287b0000,0x00000000288b0000)]
  0x000000001a9f3800 JavaThread "Thread-135" daemon [_thread_blocked, id=10160, stack(0x00000000286b0000,0x00000000287b0000)]
  0x000000001a9f0800 JavaThread "Thread-134" daemon [_thread_blocked, id=17764, stack(0x00000000285b0000,0x00000000286b0000)]
  0x000000001a9f4000 JavaThread "Thread-133" daemon [_thread_blocked, id=16008, stack(0x00000000284b0000,0x00000000285b0000)]
  0x000000001a9f1000 JavaThread "Thread-132" daemon [_thread_blocked, id=18236, stack(0x00000000283b0000,0x00000000284b0000)]
  0x000000001a9f7000 JavaThread "Thread-131" daemon [_thread_blocked, id=13700, stack(0x00000000282b0000,0x00000000283b0000)]
  0x000000001a9f6800 JavaThread "Thread-130" daemon [_thread_blocked, id=15724, stack(0x00000000281b0000,0x00000000282b0000)]
  0x000000001a9f2800 JavaThread "Thread-129" daemon [_thread_blocked, id=17212, stack(0x00000000280b0000,0x00000000281b0000)]
  0x000000001a9f5800 JavaThread "Thread-128" daemon [_thread_blocked, id=6124, stack(0x0000000027fb0000,0x00000000280b0000)]
  0x000000001a8e3800 JavaThread "Thread-127" daemon [_thread_blocked, id=1244, stack(0x0000000027eb0000,0x0000000027fb0000)]
  0x000000001a8e1800 JavaThread "Thread-126" daemon [_thread_blocked, id=16568, stack(0x0000000027db0000,0x0000000027eb0000)]
  0x000000001de44800 JavaThread "Thread-125" daemon [_thread_blocked, id=10788, stack(0x0000000027cb0000,0x0000000027db0000)]
  0x000000001de44000 JavaThread "Thread-124" daemon [_thread_blocked, id=10796, stack(0x0000000027bb0000,0x0000000027cb0000)]
  0x000000001de45800 JavaThread "Thread-123" daemon [_thread_blocked, id=18108, stack(0x0000000027ab0000,0x0000000027bb0000)]
  0x000000001de43000 JavaThread "Thread-122" daemon [_thread_blocked, id=11624, stack(0x00000000279b0000,0x0000000027ab0000)]
  0x000000001de48800 JavaThread "Thread-121" daemon [_thread_blocked, id=8924, stack(0x00000000278b0000,0x00000000279b0000)]
  0x000000001de47000 JavaThread "DestroyJavaVM" [_thread_blocked, id=16340, stack(0x0000000004d90000,0x0000000004e90000)]
  0x000000001de46000 JavaThread "http-nio-8080-AsyncTimeout" daemon [_thread_blocked, id=16904, stack(0x0000000020de0000,0x0000000020ee0000)]
  0x000000001de3b800 JavaThread "http-nio-8080-Acceptor-0" daemon [_thread_in_native, id=17420, stack(0x0000000020ce0000,0x0000000020de0000)]
  0x000000001de42800 JavaThread "http-nio-8080-ClientPoller-1" daemon [_thread_in_native, id=18244, stack(0x0000000020be0000,0x0000000020ce0000)]
  0x000000001de41800 JavaThread "http-nio-8080-ClientPoller-0" daemon [_thread_in_native, id=6176, stack(0x0000000020ae0000,0x0000000020be0000)]
  0x000000001de41000 JavaThread "http-nio-8080-exec-10" daemon [_thread_blocked, id=8104, stack(0x00000000209e0000,0x0000000020ae0000)]
  0x000000001de3d000 JavaThread "http-nio-8080-exec-9" daemon [_thread_blocked, id=15292, stack(0x00000000208e0000,0x00000000209e0000)]
  0x000000001de40000 JavaThread "http-nio-8080-exec-8" daemon [_thread_blocked, id=8, stack(0x00000000207e0000,0x00000000208e0000)]
  0x000000001de3f800 JavaThread "http-nio-8080-exec-7" daemon [_thread_blocked, id=7444, stack(0x00000000206e0000,0x00000000207e0000)]
  0x000000001de39800 JavaThread "http-nio-8080-exec-6" daemon [_thread_blocked, id=14716, stack(0x00000000205e0000,0x00000000206e0000)]
  0x000000001de3e800 JavaThread "http-nio-8080-exec-5" daemon [_thread_blocked, id=17032, stack(0x00000000204e0000,0x00000000205e0000)]
  0x000000001de3c800 JavaThread "http-nio-8080-exec-4" daemon [_thread_blocked, id=15792, stack(0x00000000203e0000,0x00000000204e0000)]
  0x000000001de3a000 JavaThread "http-nio-8080-exec-3" daemon [_thread_blocked, id=6500, stack(0x00000000202e0000,0x00000000203e0000)]
  0x000000001de3b000 JavaThread "http-nio-8080-exec-2" daemon [_thread_blocked, id=18252, stack(0x00000000201e0000,0x00000000202e0000)]
  0x000000001de3e000 JavaThread "http-nio-8080-exec-1" daemon [_thread_blocked, id=9532, stack(0x00000000200e0000,0x00000000201e0000)]
  0x000000001a8e2000 JavaThread "NioBlockingSelector.BlockPoller-1" daemon [_thread_in_native, id=3200, stack(0x000000001ffe0000,0x00000000200e0000)]
  0x000000001a8e3000 JavaThread "Live Reload Server" daemon [_thread_in_native, id=16612, stack(0x000000001fee0000,0x000000001ffe0000)]
  0x000000001a8e4800 JavaThread "File Watcher" daemon [_thread_blocked, id=10664, stack(0x000000001fae0000,0x000000001fbe0000)]
  0x000000001a819000 JavaThread "HikariPool-1 housekeeper" daemon [_thread_blocked, id=14452, stack(0x000000001d310000,0x000000001d410000)]
  0x000000001a818000 JavaThread "PostgreSQL-JDBC-SharedTimer-1" daemon [_thread_blocked, id=15272, stack(0x000000001d210000,0x000000001d310000)]
  0x000000001ac75800 JavaThread "container-0" [_thread_blocked, id=16232, stack(0x000000001d010000,0x000000001d110000)]
  0x000000001a7f6000 JavaThread "ContainerBackgroundProcessor[StandardEngine[Tomcat]]" daemon [_thread_blocked, id=1564, stack(0x000000001cf10000,0x000000001d010000)]
  0x0000000016abe000 JavaThread "Service Thread" daemon [_thread_blocked, id=12172, stack(0x0000000017810000,0x0000000017910000)]
  0x0000000016a9d800 JavaThread "C1 CompilerThread3" daemon [_thread_blocked, id=1172, stack(0x0000000017710000,0x0000000017810000)]
  0x0000000016a9a800 JavaThread "C2 CompilerThread2" daemon [_thread_blocked, id=964, stack(0x0000000017610000,0x0000000017710000)]
  0x0000000016a95800 JavaThread "C2 CompilerThread1" daemon [_thread_blocked, id=7736, stack(0x0000000017510000,0x0000000017610000)]
  0x00000000168c2000 JavaThread "C2 CompilerThread0" daemon [_thread_blocked, id=6532, stack(0x0000000017410000,0x0000000017510000)]
  0x00000000169a2000 JavaThread "Thread-4" daemon [_thread_blocked, id=388, stack(0x0000000017110000,0x0000000017210000)]
  0x00000000167ee000 JavaThread "HotSwap Dispatcher" daemon [_thread_blocked, id=16464, stack(0x0000000017010000,0x0000000017110000)]
  0x000000001683d800 JavaThread "HotSwap Watcher" daemon [_thread_blocked, id=6076, stack(0x0000000016f10000,0x0000000017010000)]
  0x00000000168d1000 JavaThread "Thread-1" daemon [_thread_in_native, id=1292, stack(0x0000000016e10000,0x0000000016f10000)]
  0x00000000154ca800 JavaThread "JDWP Command Reader" daemon [_thread_in_native, id=16420, stack(0x0000000016110000,0x0000000016210000)]
  0x00000000154c9000 JavaThread "JDWP Event Helper Thread" daemon [_thread_blocked, id=4640, stack(0x0000000016010000,0x0000000016110000)]
  0x00000000154bb800 JavaThread "JDWP Transport Listener: dt_socket" daemon [_thread_blocked, id=15408, stack(0x0000000015f10000,0x0000000016010000)]
  0x00000000154b1000 JavaThread "Attach Listener" daemon [_thread_blocked, id=7656, stack(0x0000000015ad0000,0x0000000015bd0000)]
  0x00000000154af000 JavaThread "Signal Dispatcher" daemon [_thread_blocked, id=6960, stack(0x00000000159d0000,0x0000000015ad0000)]
  0x0000000015495800 JavaThread "Finalizer" daemon [_thread_blocked, id=16280, stack(0x00000000157b0000,0x00000000158b0000)]
  0x0000000005025800 JavaThread "Reference Handler" daemon [_thread_blocked, id=13048, stack(0x00000000156b0000,0x00000000157b0000)]

Other Threads:
  0x000000000501e000 VMThread [stack: 0x00000000155b0000,0x00000000156b0000] [id=88]
  0x0000000016c2a000 WatcherThread [stack: 0x0000000017910000,0x0000000017a10000] [id=14660]

VM state:not at safepoint (normal execution)

VM Mutex/Monitor currently owned by a thread: None

Heap:
 def new generation   total 78720K, used 68811K [0x0000000080000000, 0x0000000085560000, 0x00000000aaaa0000)
  eden space 70016K,  93% used [0x0000000080000000, 0x0000000083fff5f0, 0x0000000084460000)
  from space 8704K,  37% used [0x0000000084ce0000, 0x0000000085013880, 0x0000000085560000)
  to   space 8704K,   0% used [0x0000000084460000, 0x0000000084460000, 0x0000000084ce0000)
 tenured generation   total 174784K, used 96674K [0x00000000aaaa0000, 0x00000000b5550000, 0x0000000100000000)
   the space 174784K,  55% used [0x00000000aaaa0000, 0x00000000b0908b38, 0x00000000b0908c00, 0x00000000b5550000)
 Metaspace       used 105720K, capacity 112238K, committed 112532K, reserved 1146880K
  class space    used 14467K, capacity 15731K, committed 15804K, reserved 1048576K

Card table byte_map: [0x00000000144f0000,0x0000000014900000] byte_map_base: 0x00000000140f0000

Polling page: 0x0000000000bf0000

CodeCache: size=245760Kb used=9687Kb max_used=33991Kb free=236072Kb
 bounds [0x0000000005130000, 0x0000000007270000, 0x0000000014130000]
 total_blobs=5316 nmethods=4672 adapters=563
 compilation: enabled

Compilation events (10 events):
Event: 317.055 Thread 0x0000000016a9d800 19293       1       sun.reflect.ClassFileAssembler::append (9 bytes)
Event: 317.056 Thread 0x0000000016a9d800 nmethod 19293 0x000000000557a810 code [0x000000000557a9a0, 0x000000000557ac58]
Event: 317.056 Thread 0x0000000016a9d800 19294       1       sun.reflect.AccessorGenerator::isPrimitive (20 bytes)
Event: 317.056 Thread 0x0000000016a9d800 nmethod 19294 0x000000000557a490 code [0x000000000557a600, 0x000000000557a768]
Event: 317.071 Thread 0x0000000016a9d800 19295       1       org.hotswap.agent.javassist.CtMember::<init> (15 bytes)
Event: 317.071 Thread 0x0000000016a9d800 nmethod 19295 0x000000000557a190 code [0x000000000557a2e0, 0x000000000557a410]
Event: 317.089 Thread 0x0000000016a9d800 19296       1       java.io.ByteArrayOutputStream::close (1 bytes)
Event: 317.089 Thread 0x0000000016a9d800 nmethod 19296 0x0000000005579ed0 code [0x000000000557a020, 0x000000000557a130]
Event: 317.092 Thread 0x0000000016a9d800 19297       1       java.util.regex.Pattern$Dollar::match (209 bytes)
Event: 317.094 Thread 0x0000000016a9d800 nmethod 19297 0x00000000055796d0 code [0x00000000055798a0, 0x0000000005579cf8]

GC Heap History (10 events):
Event: 205.718 GC heap before
{Heap before GC invocations=70 (full 4):
 def new generation   total 78720K, used 72610K [0x0000000080000000, 0x0000000085560000, 0x00000000aaaa0000)
  eden space 70016K, 100% used [0x0000000080000000, 0x0000000084460000, 0x0000000084460000)
  from space 8704K,  29% used [0x0000000084460000, 0x00000000846e89c0, 0x0000000084ce0000)
  to   space 8704K,   0% used [0x0000000084ce0000, 0x0000000084ce0000, 0x0000000085560000)
 tenured generation   total 174784K, used 95063K [0x00000000aaaa0000, 0x00000000b5550000, 0x0000000100000000)
   the space 174784K,  54% used [0x00000000aaaa0000, 0x00000000b0775da8, 0x00000000b0775e00, 0x00000000b5550000)
 Metaspace       used 103219K, capacity 109392K, committed 109588K, reserved 1142784K
  class space    used 14345K, capacity 15570K, committed 15676K, reserved 1048576K
Event: 205.726 GC heap after
Heap after GC invocations=71 (full 4):
 def new generation   total 78720K, used 2729K [0x0000000080000000, 0x0000000085560000, 0x00000000aaaa0000)
  eden space 70016K,   0% used [0x0000000080000000, 0x0000000080000000, 0x0000000084460000)
  from space 8704K,  31% used [0x0000000084ce0000, 0x0000000084f8a540, 0x0000000085560000)
  to   space 8704K,   0% used [0x0000000084460000, 0x0000000084460000, 0x0000000084ce0000)
 tenured generation   total 174784K, used 95063K [0x00000000aaaa0000, 0x00000000b5550000, 0x0000000100000000)
   the space 174784K,  54% used [0x00000000aaaa0000, 0x00000000b0775da8, 0x00000000b0775e00, 0x00000000b5550000)
 Metaspace       used 103219K, capacity 109392K, committed 109588K, reserved 1142784K
  class space    used 14345K, capacity 15570K, committed 15676K, reserved 1048576K
}
Event: 240.362 GC heap before
{Heap before GC invocations=71 (full 4):
 def new generation   total 78720K, used 72745K [0x0000000080000000, 0x0000000085560000, 0x00000000aaaa0000)
  eden space 70016K, 100% used [0x0000000080000000, 0x0000000084460000, 0x0000000084460000)
  from space 8704K,  31% used [0x0000000084ce0000, 0x0000000084f8a540, 0x0000000085560000)
  to   space 8704K,   0% used [0x0000000084460000, 0x0000000084460000, 0x0000000084ce0000)
 tenured generation   total 174784K, used 95063K [0x00000000aaaa0000, 0x00000000b5550000, 0x0000000100000000)
   the space 174784K,  54% used [0x00000000aaaa0000, 0x00000000b0775da8, 0x00000000b0775e00, 0x00000000b5550000)
 Metaspace       used 103903K, capacity 110070K, committed 110356K, reserved 1144832K
  class space    used 14395K, capacity 15603K, committed 15676K, reserved 1048576K
Event: 240.383 GC heap after
Heap after GC invocations=72 (full 4):
 def new generation   total 78720K, used 3354K [0x0000000080000000, 0x0000000085560000, 0x00000000aaaa0000)
  eden space 70016K,   0% used [0x0000000080000000, 0x0000000080000000, 0x0000000084460000)
  from space 8704K,  38% used [0x0000000084460000, 0x00000000847a6a08, 0x0000000084ce0000)
  to   space 8704K,   0% used [0x0000000084ce0000, 0x0000000084ce0000, 0x0000000085560000)
 tenured generation   total 174784K, used 95063K [0x00000000aaaa0000, 0x00000000b5550000, 0x0000000100000000)
   the space 174784K,  54% used [0x00000000aaaa0000, 0x00000000b0775da8, 0x00000000b0775e00, 0x00000000b5550000)
 Metaspace       used 103903K, capacity 110070K, committed 110356K, reserved 1144832K
  class space    used 14395K, capacity 15603K, committed 15676K, reserved 1048576K
}
Event: 254.629 GC heap before
{Heap before GC invocations=72 (full 4):
 def new generation   total 78720K, used 73370K [0x0000000080000000, 0x0000000085560000, 0x00000000aaaa0000)
  eden space 70016K, 100% used [0x0000000080000000, 0x0000000084460000, 0x0000000084460000)
  from space 8704K,  38% used [0x0000000084460000, 0x00000000847a6a08, 0x0000000084ce0000)
  to   space 8704K,   0% used [0x0000000084ce0000, 0x0000000084ce0000, 0x0000000085560000)
 tenured generation   total 174784K, used 95063K [0x00000000aaaa0000, 0x00000000b5550000, 0x0000000100000000)
   the space 174784K,  54% used [0x00000000aaaa0000, 0x00000000b0775da8, 0x00000000b0775e00, 0x00000000b5550000)
 Metaspace       used 105128K, capacity 111516K, committed 111764K, reserved 1144832K
  class space    used 14445K, capacity 15680K, committed 15804K, reserved 1048576K
Event: 254.638 GC heap after
Heap after GC invocations=73 (full 4):
 def new generation   total 78720K, used 3708K [0x0000000080000000, 0x0000000085560000, 0x00000000aaaa0000)
  eden space 70016K,   0% used [0x0000000080000000, 0x0000000080000000, 0x0000000084460000)
  from space 8704K,  42% used [0x0000000084ce0000, 0x000000008507f048, 0x0000000085560000)
  to   space 8704K,   0% used [0x0000000084460000, 0x0000000084460000, 0x0000000084ce0000)
 tenured generation   total 174784K, used 95063K [0x00000000aaaa0000, 0x00000000b5550000, 0x0000000100000000)
   the space 174784K,  54% used [0x00000000aaaa0000, 0x00000000b0775da8, 0x00000000b0775e00, 0x00000000b5550000)
 Metaspace       used 105128K, capacity 111516K, committed 111764K, reserved 1144832K
  class space    used 14445K, capacity 15680K, committed 15804K, reserved 1048576K
}
Event: 292.891 GC heap before
{Heap before GC invocations=73 (full 4):
 def new generation   total 78720K, used 73724K [0x0000000080000000, 0x0000000085560000, 0x00000000aaaa0000)
  eden space 70016K, 100% used [0x0000000080000000, 0x0000000084460000, 0x0000000084460000)
  from space 8704K,  42% used [0x0000000084ce0000, 0x000000008507f048, 0x0000000085560000)
  to   space 8704K,   0% used [0x0000000084460000, 0x0000000084460000, 0x0000000084ce0000)
 tenured generation   total 174784K, used 95063K [0x00000000aaaa0000, 0x00000000b5550000, 0x0000000100000000)
   the space 174784K,  54% used [0x00000000aaaa0000, 0x00000000b0775da8, 0x00000000b0775e00, 0x00000000b5550000)
 Metaspace       used 105278K, capacity 111780K, committed 112020K, reserved 1144832K
  class space    used 14452K, capacity 15692K, committed 15804K, reserved 1048576K
Event: 292.904 GC heap after
Heap after GC invocations=74 (full 4):
 def new generation   total 78720K, used 5160K [0x0000000080000000, 0x0000000085560000, 0x00000000aaaa0000)
  eden space 70016K,   0% used [0x0000000080000000, 0x0000000080000000, 0x0000000084460000)
  from space 8704K,  59% used [0x0000000084460000, 0x000000008496a078, 0x0000000084ce0000)
  to   space 8704K,   0% used [0x0000000084ce0000, 0x0000000084ce0000, 0x0000000085560000)
 tenured generation   total 174784K, used 95063K [0x00000000aaaa0000, 0x00000000b5550000, 0x0000000100000000)
   the space 174784K,  54% used [0x00000000aaaa0000, 0x00000000b0775da8, 0x00000000b0775e00, 0x00000000b5550000)
 Metaspace       used 105278K, capacity 111780K, committed 112020K, reserved 1144832K
  class space    used 14452K, capacity 15692K, committed 15804K, reserved 1048576K
}
Event: 315.203 GC heap before
{Heap before GC invocations=74 (full 4):
 def new generation   total 78720K, used 75176K [0x0000000080000000, 0x0000000085560000, 0x00000000aaaa0000)
  eden space 70016K, 100% used [0x0000000080000000, 0x0000000084460000, 0x0000000084460000)
  from space 8704K,  59% used [0x0000000084460000, 0x000000008496a078, 0x0000000084ce0000)
  to   space 8704K,   0% used [0x0000000084ce0000, 0x0000000084ce0000, 0x0000000085560000)
 tenured generation   total 174784K, used 95063K [0x00000000aaaa0000, 0x00000000b5550000, 0x0000000100000000)
   the space 174784K,  54% used [0x00000000aaaa0000, 0x00000000b0775da8, 0x00000000b0775e00, 0x00000000b5550000)
 Metaspace       used 105323K, capacity 111780K, committed 112020K, reserved 1144832K
  class space    used 14452K, capacity 15692K, committed 15804K, reserved 1048576K
Event: 315.244 GC heap after
Heap after GC invocations=75 (full 4):
 def new generation   total 78720K, used 3278K [0x0000000080000000, 0x0000000085560000, 0x00000000aaaa0000)
  eden space 70016K,   0% used [0x0000000080000000, 0x0000000080000000, 0x0000000084460000)
  from space 8704K,  37% used [0x0000000084ce0000, 0x0000000085013880, 0x0000000085560000)
  to   space 8704K,   0% used [0x0000000084460000, 0x0000000084460000, 0x0000000084ce0000)
 tenured generation   total 174784K, used 96674K [0x00000000aaaa0000, 0x00000000b5550000, 0x0000000100000000)
   the space 174784K,  55% used [0x00000000aaaa0000, 0x00000000b0908b38, 0x00000000b0908c00, 0x00000000b5550000)
 Metaspace       used 105323K, capacity 111780K, committed 112020K, reserved 1144832K
  class space    used 14452K, capacity 15692K, committed 15804K, reserved 1048576K
}

Deoptimization events (0 events):
No events

Internal exceptions (10 events):
Event: 97.481 Thread 0x000000001de3c800 Exception <a 'java/lang/NullPointerException'> (0x00000000803a7200) thrown at [C:\Jenkins\workspace\DCEVM-8u152\jdk\JDK1.8.0_152-x64\k\product\oops\nocompressed\slave\dcevm-win\hotspot\src\share\vm\runtime\sharedRuntime.cpp, line 605]
Event: 106.908 Thread 0x000000001de3e800 Exception <a 'java/lang/ArrayIndexOutOfBoundsException'> (0x000000008300a7b8) thrown at [C:\Jenkins\workspace\DCEVM-8u152\jdk\JDK1.8.0_152-x64\k\product\oops\nocompressed\slave\dcevm-win\hotspot\src\share\vm\runtime\sharedRuntime.cpp, line 605]
Event: 106.909 Thread 0x000000001de3e800 Exception <a 'java/lang/ArrayIndexOutOfBoundsException'> (0x000000008300b758) thrown at [C:\Jenkins\workspace\DCEVM-8u152\jdk\JDK1.8.0_152-x64\k\product\oops\nocompressed\slave\dcevm-win\hotspot\src\share\vm\runtime\sharedRuntime.cpp, line 605]
Event: 106.909 Thread 0x000000001de3e800 Exception <a 'java/lang/ArrayIndexOutOfBoundsException'> (0x000000008300ef78) thrown at [C:\Jenkins\workspace\DCEVM-8u152\jdk\JDK1.8.0_152-x64\k\product\oops\nocompressed\slave\dcevm-win\hotspot\src\share\vm\runtime\sharedRuntime.cpp, line 605]
Event: 106.909 Thread 0x000000001de3e800 Exception <a 'java/lang/ArrayIndexOutOfBoundsException'> (0x000000008300ff20) thrown at [C:\Jenkins\workspace\DCEVM-8u152\jdk\JDK1.8.0_152-x64\k\product\oops\nocompressed\slave\dcevm-win\hotspot\src\share\vm\runtime\sharedRuntime.cpp, line 605]
Event: 106.910 Thread 0x000000001de3e800 Exception <a 'java/lang/ArrayIndexOutOfBoundsException'> (0x00000000830275d8) thrown at [C:\Jenkins\workspace\DCEVM-8u152\jdk\JDK1.8.0_152-x64\k\product\oops\nocompressed\slave\dcevm-win\hotspot\src\share\vm\runtime\sharedRuntime.cpp, line 605]
Event: 106.911 Thread 0x000000001de3e800 Exception <a 'java/lang/ArrayIndexOutOfBoundsException'> (0x000000008302efd0) thrown at [C:\Jenkins\workspace\DCEVM-8u152\jdk\JDK1.8.0_152-x64\k\product\oops\nocompressed\slave\dcevm-win\hotspot\src\share\vm\runtime\sharedRuntime.cpp, line 605]
Event: 106.927 Thread 0x000000001de3e800 Implicit null exception at 0x0000000005f3bff0 to 0x0000000005f3c0bb
Event: 106.927 Thread 0x000000001de3e800 Exception <a 'java/lang/NullPointerException'> (0x000000008337e5b8) thrown at [C:\Jenkins\workspace\DCEVM-8u152\jdk\JDK1.8.0_152-x64\k\product\oops\nocompressed\slave\dcevm-win\hotspot\src\share\vm\runtime\sharedRuntime.cpp, line 605]
Event: 241.992 Thread 0x000000001a8e4800 Exception <a 'java/lang/NullPointerException'> (0x00000000803a13b0) thrown at [C:\Jenkins\workspace\DCEVM-8u152\jdk\JDK1.8.0_152-x64\k\product\oops\nocompressed\slave\dcevm-win\hotspot\src\share\vm\interpreter\linkResolver.cpp, line 1197]

Events (10 events):
Event: 317.001 Thread 0x000000001823a000 Thread exited: 0x000000001823a000
Event: 317.002 Thread 0x000000001e308000 Thread exited: 0x000000001e308000
Event: 317.022 Thread 0x00000000154bb800 DEOPT PACKING pc=0x0000000005cc2531 sp=0x000000001600d4e0
Event: 317.022 Thread 0x00000000154bb800 DEOPT UNPACKING pc=0x00000000051775bf sp=0x000000001600d228 mode 1
Event: 317.034 Thread 0x000000001e307000 Thread exited: 0x000000001e307000
Event: 317.053 Thread 0x000000001a9d9000 Thread exited: 0x000000001a9d9000
Event: 317.071 Thread 0x0000000021d15800 Thread exited: 0x0000000021d15800
Event: 317.089 Thread 0x0000000021d34000 Thread exited: 0x0000000021d34000
Event: 317.093 Thread 0x00000000154bb800 DEOPT PACKING pc=0x0000000005cc2531 sp=0x000000001600d4e0
Event: 317.093 Thread 0x00000000154bb800 DEOPT UNPACKING pc=0x00000000051775bf sp=0x000000001600d228 mode 1


Dynamic libraries:
0x00007ff7132c0000 - 0x00007ff7132f7000 	C:\Program Files\Java\jdk1.8.0_152\bin\javaw.exe
0x00007ff989ae0000 - 0x00007ff989cc0000 	C:\Windows\SYSTEM32\ntdll.dll
0x00007ff989890000 - 0x00007ff98993e000 	C:\Windows\System32\KERNEL32.DLL
0x00007ff986420000 - 0x00007ff986686000 	C:\Windows\System32\KERNELBASE.dll
0x00007ff9876f0000 - 0x00007ff987791000 	C:\Windows\System32\ADVAPI32.dll
0x00007ff9877a0000 - 0x00007ff98783d000 	C:\Windows\System32\msvcrt.dll
0x00007ff989940000 - 0x00007ff98999b000 	C:\Windows\System32\sechost.dll
0x00007ff987100000 - 0x00007ff98721f000 	C:\Windows\System32\RPCRT4.dll
0x00007ff9896d0000 - 0x00007ff98985f000 	C:\Windows\System32\USER32.dll
0x00007ff986f90000 - 0x00007ff986fb0000 	C:\Windows\System32\win32u.dll
0x00007ff989860000 - 0x00007ff989888000 	C:\Windows\System32\GDI32.dll
0x00007ff986280000 - 0x00007ff986413000 	C:\Windows\System32\gdi32full.dll
0x00007ff986180000 - 0x00007ff98621b000 	C:\Windows\System32\msvcp_win.dll
0x00007ff986740000 - 0x00007ff986835000 	C:\Windows\System32\ucrtbase.dll
0x00007ff9750a0000 - 0x00007ff975309000 	C:\Windows\WinSxS\amd64_microsoft.windows.common-controls_6595b64144ccf1df_6.0.16299.611_none_15c7d8029365981f\COMCTL32.dll
0x00007ff987d00000 - 0x00007ff988007000 	C:\Windows\System32\combase.dll
0x00007ff986100000 - 0x00007ff986172000 	C:\Windows\System32\bcryptPrimitives.dll
0x00007ff987840000 - 0x00007ff98786d000 	C:\Windows\System32\IMM32.DLL
0x00000000549e0000 - 0x0000000054ab2000 	C:\Program Files\Java\jdk1.8.0_152\jre\bin\msvcr100.dll
0x0000000054180000 - 0x00000000549d1000 	C:\Program Files\Java\jdk1.8.0_152\jre\bin\dcevm\jvm.dll
0x00007ff988010000 - 0x00007ff988018000 	C:\Windows\System32\PSAPI.DLL
0x00007ff9806e0000 - 0x00007ff9806ea000 	C:\Windows\SYSTEM32\VERSION.dll
0x00007ff9736b0000 - 0x00007ff9736b9000 	C:\Windows\SYSTEM32\WSOCK32.dll
0x00007ff982b20000 - 0x00007ff982b43000 	C:\Windows\SYSTEM32\WINMM.dll
0x00007ff989660000 - 0x00007ff9896cc000 	C:\Windows\System32\WS2_32.dll
0x00007ff9827b0000 - 0x00007ff9827da000 	C:\Windows\SYSTEM32\WINMMBASE.dll
0x00007ff985ee0000 - 0x00007ff985f2a000 	C:\Windows\System32\cfgmgr32.dll
0x0000000054170000 - 0x000000005417f000 	C:\Program Files\Java\jdk1.8.0_152\jre\bin\verify.dll
0x0000000054140000 - 0x0000000054169000 	C:\Program Files\Java\jdk1.8.0_152\jre\bin\java.dll
0x0000000054100000 - 0x0000000054135000 	C:\Program Files\Java\jdk1.8.0_152\jre\bin\jdwp.dll
0x00000000540f0000 - 0x00000000540f8000 	C:\Program Files\Java\jdk1.8.0_152\jre\bin\npt.dll
0x00000000540c0000 - 0x00000000540e3000 	C:\Program Files\Java\jdk1.8.0_152\jre\bin\instrument.dll
0x00000000540a0000 - 0x00000000540b6000 	C:\Program Files\Java\jdk1.8.0_152\jre\bin\zip.dll
0x00007ff988220000 - 0x00007ff989658000 	C:\Windows\System32\SHELL32.dll
0x00007ff9899a0000 - 0x00007ff989a46000 	C:\Windows\System32\shcore.dll
0x00007ff986840000 - 0x00007ff986f87000 	C:\Windows\System32\windows.storage.dll
0x00007ff987980000 - 0x00007ff9879d1000 	C:\Windows\System32\shlwapi.dll
0x00007ff985e70000 - 0x00007ff985e81000 	C:\Windows\System32\kernel.appcore.dll
0x00007ff985e90000 - 0x00007ff985edc000 	C:\Windows\System32\powrprof.dll
0x00007ff985e50000 - 0x00007ff985e6b000 	C:\Windows\System32\profapi.dll
0x0000000054090000 - 0x0000000054099000 	C:\Program Files\Java\jdk1.8.0_152\jre\bin\dt_socket.dll
0x00007ff968480000 - 0x00007ff968496000 	C:\Windows\system32\napinsp.dll
0x00007ff967d10000 - 0x00007ff967d2a000 	C:\Windows\system32\pnrpnsp.dll
0x00007ff97f4f0000 - 0x00007ff97f508000 	C:\Windows\system32\NLAapi.dll
0x00007ff9856c0000 - 0x00007ff985726000 	C:\Windows\System32\mswsock.dll
0x00007ff985490000 - 0x00007ff985546000 	C:\Windows\SYSTEM32\DNSAPI.dll
0x00007ff988210000 - 0x00007ff988218000 	C:\Windows\System32\NSI.dll
0x00007ff985450000 - 0x00007ff985489000 	C:\Windows\SYSTEM32\IPHLPAPI.DLL
0x00007ff968470000 - 0x00007ff96847e000 	C:\Windows\System32\winrnr.dll
0x00007ff95d5f0000 - 0x00007ff95d605000 	C:\Windows\System32\wshbth.dll
0x00007ff977ac0000 - 0x00007ff977b30000 	C:\Windows\System32\fwpuclnt.dll
0x00007ff985990000 - 0x00007ff9859b5000 	C:\Windows\SYSTEM32\bcrypt.dll
0x00007ff977a80000 - 0x00007ff977a8a000 	C:\Windows\System32\rasadhlp.dll
0x0000000054070000 - 0x000000005408a000 	C:\Program Files\Java\jdk1.8.0_152\jre\bin\net.dll
0x0000000054050000 - 0x0000000054061000 	C:\Program Files\Java\jdk1.8.0_152\jre\bin\nio.dll
0x0000000054040000 - 0x000000005404d000 	C:\Program Files\Java\jdk1.8.0_152\jre\bin\management.dll
0x00007ff985880000 - 0x00007ff985897000 	C:\Windows\SYSTEM32\CRYPTSP.dll
0x00007ff9852c0000 - 0x00007ff9852f3000 	C:\Windows\system32\rsaenh.dll
0x00007ff985d60000 - 0x00007ff985d89000 	C:\Windows\SYSTEM32\USERENV.dll
0x00007ff9858a0000 - 0x00007ff9858ab000 	C:\Windows\SYSTEM32\CRYPTBASE.dll
0x00007ff97e520000 - 0x00007ff97e536000 	C:\Windows\SYSTEM32\dhcpcsvc6.DLL
0x00007ff97eb30000 - 0x00007ff97eb4a000 	C:\Windows\SYSTEM32\dhcpcsvc.DLL
0x00000000534c0000 - 0x0000000053658000 	C:\Program Files\Java\jdk1.8.0_152\jre\bin\awt.dll
0x00007ff988020000 - 0x00007ff9880e5000 	C:\Windows\System32\OLEAUT32.dll
0x00007ff9842c0000 - 0x00007ff984348000 	C:\Windows\SYSTEM32\apphelp.dll
0x0000000054010000 - 0x0000000054034000 	C:\Program Files\Java\jdk1.8.0_152\jre\bin\sunec.dll
0x00007ff97ec30000 - 0x00007ff97edf8000 	C:\Windows\SYSTEM32\dbghelp.dll

VM Arguments:
jvm_args: -agentlib:jdwp=transport=dt_socket,suspend=y,address=localhost:58221 -javaagent:C:/Users/andi/.m2/repository/org/springframework/spring-instrument/5.0.6.RELEASE/spring-instrument-5.0.6.RELEASE.jar -javaagent:C:/Users/andi/.m2/repository/org/aspectj/aspectjweaver/1.8.13/aspectjweaver-1.8.13.jar -javaagent:C:/Users/andi/Documents/develop/hotswap-agent-core-1.3.0.jar=autoHotswap=true -Xms256m -Xmx2G -Dsun.java2d.cmm=sun.java2d.cmm.kcms.KcmsServiceProvider -Xverify:none -XX:TieredStopAtLevel=1 -Dfile.encoding=UTF-8 
java_command: com.patho.main.PathoFrohApplication
java_class_path (initial): C:\Program Files\Java\jdk1.8.0_152\jre\lib\resources.jar;C:\Program Files\Java\jdk1.8.0_152\jre\lib\rt.jar;C:\Program Files\Java\jdk1.8.0_152\jre\lib\jsse.jar;C:\Program Files\Java\jdk1.8.0_152\jre\lib\jce.jar;C:\Program Files\Java\jdk1.8.0_152\jre\lib\charsets.jar;C:\Program Files\Java\jdk1.8.0_152\jre\lib\jfr.jar;C:\Program Files\Java\jdk1.8.0_152\jre\lib\ext\access-bridge-64.jar;C:\Program Files\Java\jdk1.8.0_152\jre\lib\ext\cldrdata.jar;C:\Program Files\Java\jdk1.8.0_152\jre\lib\ext\dnsns.jar;C:\Program Files\Java\jdk1.8.0_152\jre\lib\ext\jaccess.jar;C:\Program Files\Java\jdk1.8.0_152\jre\lib\ext\jfxrt.jar;C:\Program Files\Java\jdk1.8.0_152\jre\lib\ext\localedata.jar;C:\Program Files\Java\jdk1.8.0_152\jre\lib\ext\nashorn.jar;C:\Program Files\Java\jdk1.8.0_152\jre\lib\ext\sunec.jar;C:\Program Files\Java\jdk1.8.0_152\jre\lib\ext\sunjce_provider.jar;C:\Program Files\Java\jdk1.8.0_152\jre\lib\ext\sunmscapi.jar;C:\Program Files\Java\jdk1.8.0_152\jre\lib\ext\sunpkcs11.jar;C:\Program Files\Java\jdk1.8.0_152\jre\lib\ext\zipfs.jar;C:\Users\andi\eclipse-workspace\PathoFroh\target\classes;C:\Users\andi\.m2\repository\org\springframework\boot\spring-boot-starter\2.0.2.RELEASE\spring-boot-starter-2.0.2.RELEASE.jar;C:\Users\andi\.m2\repository\org\springframework\boot\spring-boot\2.0.2.RELEASE\spring-boot-2.0.2.RELEASE.jar;C:\Users\andi\.m2\repository\org\springframework\boot\spring-boot-autoconfigure\2.0.2.RELEASE\spring-boot-autoconfigure-2.0.2.RELEASE.jar;C:\Users\andi\.m2\repository\org\springframework\boot\spring-boot-starter-logging\2.0.2.RELEASE\spring-boot-starter-logging-2.0.2.RELEASE.jar;C:\Users\andi\.m2\repository\ch\qos\logback\logback-classic\1.2.3\logback-classic-1.2.3.jar;C:\Users\andi\.m2\repository\ch\qos\logback\logback-core\1.2.3\logback-core-1.2.3.jar;C:\Users\andi\.m2\repository\org\apache\logging\log4j\log4j-to-slf4j\2.10.0\log4j-to-slf4j-2.10.0.jar;C:\Users\andi\.m2\repository\org\apache\logging\log4j\log4j-api\2.10.0\log4j
Launcher Type: SUN_STANDARD

Environment Variables:
PATH=C:\Program Files\Java\jdk1.8.0_152\jre\bin;C:/Program Files/Java/jre1.8.0_181/bin/server;C:/Program Files/Java/jre1.8.0_181/bin;C:/Program Files/Java/jre1.8.0_181/lib/amd64;C:\Program Files (x86)\Common Files\Oracle\Java\javapath;C:\ProgramData\Oracle\Java\javapath;C:\Program Files (x86)\Intel\iCLS Client\;C:\Program Files\Intel\iCLS Client\;C:\Windows\system32;C:\Windows;C:\Windows\System32\Wbem;C:\Windows\System32\WindowsPowerShell\v1.0\;C:\Program Files (x86)\NVIDIA Corporation\PhysX\Common;C:\Program Files\Intel\Intel(R) Management Engine Components\DAL;C:\Program Files (x86)\Intel\Intel(R) Management Engine Components\DAL;C:\Program Files\Intel\Intel(R) Management Engine Components\IPT;C:\Program Files (x86)\Intel\Intel(R) Management Engine Components\IPT;C:\Program Files\Git\cmd;C:\Program Files\TortoiseGit\bin;C:\Program Files\Intel\WiFi\bin\;C:\Program Files\Common Files\Intel\WirelessCommon\;C:\Program Files\MiKTeX 2.9\miktex\bin\x64\;C:\Program Files\nodejs\;C:\Program Files\Calibre2\;C:\Users\andi\AppData\Local\Microsoft\WindowsApps;C:\Program Files\Intel\WiFi\bin\;C:\Program Files\Common Files\Intel\WirelessCommon\;C:\Users\andi\AppData\Roaming\npm;C:\Users\andi\Documents\develop\eclipse;
USERNAME=andi
OS=Windows_NT
PROCESSOR_IDENTIFIER=Intel64 Family 6 Model 60 Stepping 3, GenuineIntel



---------------  S Y S T E M  ---------------

OS: Windows 10.0 , 64 bit Build 16299 (10.0.16299.431)

CPU:total 8 (initial active 8) (4 cores per cpu, 2 threads per core) family 6 model 60 stepping 3, cmov, cx8, fxsr, mmx, sse, sse2, sse3, ssse3, sse4.1, sse4.2, popcnt, avx, avx2, aes, clmul, erms, lzcnt, ht, tsc, tscinvbit, bmi1, bmi2

Memory: 4k page, physical 8271256k(1256888k free), swap 14467088k(2642780k free)

vm_info: Dynamic Code Evolution 64-Bit Server VM (25.71-b01-dcevmlight-30) for windows-amd64 JRE (1.8.0), built on Feb 14 2018 07:21:37 by "Administrator" with MS VC++ 10.0 (VS2010)

time: Sat Sep 01 16:54:13 2018
elapsed time: 317 seconds (0d 0h 5m 17s)

