#
# A fatal error has been detected by the Java Runtime Environment:
#
#  EXCEPTION_ACCESS_VIOLATION (0xc0000005) at pc=0x0000000052e9d24d, pid=16592, tid=0x0000000000003440
#
# JRE version: Java(TM) SE Runtime Environment (8.0_152-b16) (build 1.8.0_152-b16)
# Java VM: Dynamic Code Evolution 64-Bit Server VM (25.71-b01-dcevmlight-30 mixed mode windows-amd64 compressed oops)
# Problematic frame:
# V  [jvm.dll+0x9d24d]
#
# Failed to write core dump. Minidumps are not enabled by default on client versions of Windows
#
# If you would like to submit a bug report, please visit:
#   https://github.com/dcevm/dcevm/issues
#

---------------  T H R E A D  ---------------

Current thread (0x000000001df2a000):  JavaThread "http-nio-8080-exec-7" daemon [_thread_in_vm, id=13376, stack(0x0000000020730000,0x0000000020830000)]

siginfo: ExceptionCode=0xc0000005, reading address 0x00000001194cc808

Registers:
RAX=0x00000001194cc5f8, RBX=0x000000001d45e7a0, RCX=0x0000000000001000, RDX=0x000000001d45e7a0
RSP=0x000000002082af40, RBP=0x000000001df2a000, RSI=0x000000001df2a000, RDI=0x000000001e18a760
R8 =0x000000010109f5d0, R9 =0x000000001dac89c8, R10=0x000000001d45e7a0, R11=0x000000002082b058
R12=0x0000000000000006, R13=0x000000002082b020, R14=0x0000000000000001, R15=0x000000002082b220
RIP=0x0000000052e9d24d, EFLAGS=0x0000000000010213

Top of Stack: (sp=0x000000002082af40)
0x000000002082af40:   0000000000000005 000000001df2a000
0x000000002082af50:   000000001d45e5f0 000000001df2a000
0x000000002082af60:   000000002328e380 000000001df2a000
0x000000002082af70:   0000405b38fb2259 000000002082b080
0x000000002082af80:   0000000000000005 000000000527c890
0x000000002082af90:   0000000000000000 0000000000000000
0x000000002082afa0:   000000002082b220 000000001e18a760
0x000000002082afb0:   000000000527c890 0000000005227940
0x000000002082afc0:   000000002082b0c0 0000000052e9e9a7
0x000000002082afd0:   000000001d45e7a0 000000001df2a000
0x000000002082afe0:   000000010109f5d0 000000001df2a000
0x000000002082aff0:   00000001194cc5f8 0000000000000001
0x000000002082b000:   000000001df2a000 000000001df2a000
0x000000002082b010:   000000001d45e7a0 000000001df2a000
0x000000002082b020:   000000001d45e7a0 000000001df2a000
0x000000002082b030:   00000001194cc5f8 000000010109f5d0 

Instructions: (pc=0x0000000052e9d24d)
0x0000000052e9d22d:   50 49 8b d5 e8 1a d9 f6 ff 48 8b 74 24 58 48 8b
0x0000000052e9d23d:   7c 24 50 e9 e8 00 00 00 48 8b 84 24 b0 00 00 00
0x0000000052e9d24d:   4a 8b bc e0 e0 01 00 00 48 85 ff 0f 84 54 03 00
0x0000000052e9d25d:   00 48 8b 9d 28 01 00 00 8b 13 3b 53 04 75 08 48 


Register to memory mapping:

RAX=0x00000001194cc5f8 is an unknown value
RBX={method} {0x000000001d45e7a8} 'getString' '(Ljava/io/File;)Ljava/lang/String;' in 'com/patho/main/repository/impl/MediaRepositoryImpl'
RCX=0x0000000000001000 is an unknown value
RDX={method} {0x000000001d45e7a8} 'getString' '(Ljava/io/File;)Ljava/lang/String;' in 'com/patho/main/repository/impl/MediaRepositoryImpl'
RSP=0x000000002082af40 is pointing into the stack for thread: 0x000000001df2a000
RBP=0x000000001df2a000 is a thread
RSI=0x000000001df2a000 is a thread
RDI=0x000000001e18a760 is an unknown value
R8 =0x000000010109f5d0 is pointing into metadata
R9 =0x000000001dac89c8 is an unknown value
R10={method} {0x000000001d45e7a8} 'getString' '(Ljava/io/File;)Ljava/lang/String;' in 'com/patho/main/repository/impl/MediaRepositoryImpl'
R11=0x000000002082b058 is pointing into the stack for thread: 0x000000001df2a000
R12=0x0000000000000006 is an unknown value
R13=0x000000002082b020 is pointing into the stack for thread: 0x000000001df2a000
R14=0x0000000000000001 is an unknown value
R15=0x000000002082b220 is pointing into the stack for thread: 0x000000001df2a000


Stack: [0x0000000020730000,0x0000000020830000],  sp=0x000000002082af40,  free space=1003k
Native frames: (J=compiled Java code, j=interpreted, Vv=VM code, C=native code)
V  [jvm.dll+0x9d24d]
V  [jvm.dll+0x9e9a7]
V  [jvm.dll+0x9f32a]
V  [jvm.dll+0x9f987]
V  [jvm.dll+0x97bd3]
C  0x00000000054b2e5e

Java frames: (J=compiled Java code, j=interpreted, Vv=VM code)
j  com.patho.main.repository.impl.MediaRepositoryImpl.getString(Ljava/lang/String;)Ljava/lang/String;+9
j  com.patho.main.action.handler.GlobalEditViewHandler.initializeDataForSession()V+159
J 101715 C1 com.patho.main.action.handler.GlobalEditViewHandler$$FastClassBySpringCGLIB$$2bb79d80.invoke(ILjava/lang/Object;[Ljava/lang/Object;)Ljava/lang/Object; (816 bytes) @ 0x00000000062ce534 [0x00000000062cdc20+0x914]
J 101716 C1 org.springframework.cglib.proxy.MethodProxy.invoke(Ljava/lang/Object;[Ljava/lang/Object;)Ljava/lang/Object; (72 bytes) @ 0x0000000005f91234 [0x0000000005f911a0+0x94]
J 101707 C1 org.springframework.aop.framework.CglibAopProxy$DynamicAdvisedInterceptor.intercept(Ljava/lang/Object;Ljava/lang/reflect/Method;[Ljava/lang/Object;Lorg/springframework/cglib/proxy/MethodProxy;)Ljava/lang/Object; (231 bytes) @ 0x0000000005f96e34 [0x0000000005f96b40+0x2f4]
j  com.patho.main.action.handler.GlobalEditViewHandler$$EnhancerBySpringCGLIB$$67d9a1f2.initializeDataForSession()V+31
J 101715 C1 com.patho.main.action.handler.GlobalEditViewHandler$$FastClassBySpringCGLIB$$2bb79d80.invoke(ILjava/lang/Object;[Ljava/lang/Object;)Ljava/lang/Object; (816 bytes) @ 0x00000000062ce534 [0x00000000062cdc20+0x914]
J 101716 C1 org.springframework.cglib.proxy.MethodProxy.invoke(Ljava/lang/Object;[Ljava/lang/Object;)Ljava/lang/Object; (72 bytes) @ 0x0000000005f91234 [0x0000000005f911a0+0x94]
J 102492 C1 org.springframework.aop.framework.CglibAopProxy$CglibMethodInvocation.invokeJoinpoint()Ljava/lang/Object; (28 bytes) @ 0x000000000561eddc [0x000000000561ed80+0x5c]
J 101205 C1 org.springframework.aop.framework.ReflectiveMethodInvocation.proceed()Ljava/lang/Object; (107 bytes) @ 0x0000000005b86fdc [0x0000000005b86de0+0x1fc]
J 102472 C1 org.springframework.aop.support.DelegatingIntroductionInterceptor.invoke(Lorg/aopalliance/intercept/MethodInvocation;)Ljava/lang/Object; (79 bytes) @ 0x00000000060cef7c [0x00000000060ced00+0x27c]
J 101205 C1 org.springframework.aop.framework.ReflectiveMethodInvocation.proceed()Ljava/lang/Object; (107 bytes) @ 0x0000000005b86fb4 [0x0000000005b86de0+0x1d4]
J 101707 C1 org.springframework.aop.framework.CglibAopProxy$DynamicAdvisedInterceptor.intercept(Ljava/lang/Object;Ljava/lang/reflect/Method;[Ljava/lang/Object;Lorg/springframework/cglib/proxy/MethodProxy;)Ljava/lang/Object; (231 bytes) @ 0x0000000005f96dec [0x0000000005f96b40+0x2ac]
j  com.patho.main.action.handler.GlobalEditViewHandler$$EnhancerBySpringCGLIB$$cd9d3e8b.initializeDataForSession()V+31
j  com.patho.main.config.security.handler.UserAuthenticationSuccessHandler.onAuthenticationSuccess(Ljavax/servlet/http/HttpServletRequest;Ljavax/servlet/http/HttpServletResponse;Lorg/springframework/security/core/Authentication;)V+68
j  org.springframework.security.web.authentication.AbstractAuthenticationProcessingFilter.successfulAuthentication(Ljavax/servlet/http/HttpServletRequest;Ljavax/servlet/http/HttpServletResponse;Ljavax/servlet/FilterChain;Lorg/springframework/security/core/Authentication;)V+101
J 103968 C1 org.springframework.security.web.authentication.AbstractAuthenticationProcessingFilter.doFilter(Ljavax/servlet/ServletRequest;Ljavax/servlet/ServletResponse;Ljavax/servlet/FilterChain;)V (159 bytes) @ 0x0000000005e5ddb4 [0x0000000005e5dba0+0x214]
J 101136 C1 org.springframework.security.web.FilterChainProxy$VirtualFilterChain.doFilter(Ljavax/servlet/ServletRequest;Ljavax/servlet/ServletResponse;)V (198 bytes) @ 0x0000000005b930a4 [0x0000000005b928c0+0x7e4]
J 103968 C1 org.springframework.security.web.authentication.AbstractAuthenticationProcessingFilter.doFilter(Ljavax/servlet/ServletRequest;Ljavax/servlet/ServletResponse;Ljavax/servlet/FilterChain;)V (159 bytes) @ 0x0000000005e5ddf4 [0x0000000005e5dba0+0x254]
J 101136 C1 org.springframework.security.web.FilterChainProxy$VirtualFilterChain.doFilter(Ljavax/servlet/ServletRequest;Ljavax/servlet/ServletResponse;)V (198 bytes) @ 0x0000000005b930a4 [0x0000000005b928c0+0x7e4]
J 103968 C1 org.springframework.security.web.authentication.AbstractAuthenticationProcessingFilter.doFilter(Ljavax/servlet/ServletRequest;Ljavax/servlet/ServletResponse;Ljavax/servlet/FilterChain;)V (159 bytes) @ 0x0000000005e5ddf4 [0x0000000005e5dba0+0x254]
J 101136 C1 org.springframework.security.web.FilterChainProxy$VirtualFilterChain.doFilter(Ljavax/servlet/ServletRequest;Ljavax/servlet/ServletResponse;)V (198 bytes) @ 0x0000000005b930a4 [0x0000000005b928c0+0x7e4]
J 108636 C1 org.springframework.security.web.authentication.logout.LogoutFilter.doFilter(Ljavax/servlet/ServletRequest;Ljavax/servlet/ServletResponse;Ljavax/servlet/FilterChain;)V (121 bytes) @ 0x000000000658efd4 [0x000000000658ea60+0x574]
J 101136 C1 org.springframework.security.web.FilterChainProxy$VirtualFilterChain.doFilter(Ljavax/servlet/ServletRequest;Ljavax/servlet/ServletResponse;)V (198 bytes) @ 0x0000000005b930a4 [0x0000000005b928c0+0x7e4]
J 108634 C1 org.springframework.security.web.header.HeaderWriterFilter.doFilterInternal(Ljavax/servlet/http/HttpServletRequest;Ljavax/servlet/http/HttpServletResponse;Ljavax/servlet/FilterChain;)V (43 bytes) @ 0x0000000006598714 [0x0000000006598600+0x114]
J 101244 C1 org.springframework.web.filter.OncePerRequestFilter.doFilter(Ljavax/servlet/ServletRequest;Ljavax/servlet/ServletResponse;Ljavax/servlet/FilterChain;)V (139 bytes) @ 0x000000000640586c [0x00000000064055e0+0x28c]
J 101136 C1 org.springframework.security.web.FilterChainProxy$VirtualFilterChain.doFilter(Ljavax/servlet/ServletRequest;Ljavax/servlet/ServletResponse;)V (198 bytes) @ 0x0000000005b930a4 [0x0000000005b928c0+0x7e4]
J 108632 C1 org.springframework.security.web.context.SecurityContextPersistenceFilter.doFilter(Ljavax/servlet/ServletRequest;Ljavax/servlet/ServletResponse;Ljavax/servlet/FilterChain;)V (287 bytes) @ 0x00000000065772ec [0x0000000006576d80+0x56c]
J 101136 C1 org.springframework.security.web.FilterChainProxy$VirtualFilterChain.doFilter(Ljavax/servlet/ServletRequest;Ljavax/servlet/ServletResponse;)V (198 bytes) @ 0x0000000005b930a4 [0x0000000005b928c0+0x7e4]
J 107985 C1 org.springframework.security.web.context.request.async.WebAsyncManagerIntegrationFilter.doFilterInternal(Ljavax/servlet/http/HttpServletRequest;Ljavax/servlet/http/HttpServletResponse;Ljavax/servlet/FilterChain;)V (48 bytes) @ 0x000000000661fba4 [0x000000000661fa00+0x1a4]
J 101244 C1 org.springframework.web.filter.OncePerRequestFilter.doFilter(Ljavax/servlet/ServletRequest;Ljavax/servlet/ServletResponse;Ljavax/servlet/FilterChain;)V (139 bytes) @ 0x000000000640586c [0x00000000064055e0+0x28c]
J 101136 C1 org.springframework.security.web.FilterChainProxy$VirtualFilterChain.doFilter(Ljavax/servlet/ServletRequest;Ljavax/servlet/ServletResponse;)V (198 bytes) @ 0x0000000005b930a4 [0x0000000005b928c0+0x7e4]
J 108597 C1 org.springframework.security.web.FilterChainProxy.doFilterInternal(Ljavax/servlet/ServletRequest;Ljavax/servlet/ServletResponse;Ljavax/servlet/FilterChain;)V (146 bytes) @ 0x00000000065b18bc [0x00000000065b1280+0x63c]
J 108628 C1 org.springframework.security.web.FilterChainProxy.doFilter(Ljavax/servlet/ServletRequest;Ljavax/servlet/ServletResponse;Ljavax/servlet/FilterChain;)V (86 bytes) @ 0x000000000657a9ec [0x000000000657a900+0xec]
J 108627 C1 org.springframework.web.filter.DelegatingFilterProxy.doFilter(Ljavax/servlet/ServletRequest;Ljavax/servlet/ServletResponse;Ljavax/servlet/FilterChain;)V (89 bytes) @ 0x000000000657b604 [0x000000000657b400+0x204]
J 101145 C1 org.apache.catalina.core.ApplicationFilterChain.internalDoFilter(Ljavax/servlet/ServletRequest;Ljavax/servlet/ServletResponse;)V (388 bytes) @ 0x0000000005b7bcec [0x0000000005b7b8c0+0x42c]
J 101124 C1 org.apache.catalina.core.ApplicationFilterChain.doFilter(Ljavax/servlet/ServletRequest;Ljavax/servlet/ServletResponse;)V (105 bytes) @ 0x0000000005b79c14 [0x0000000005b79bc0+0x54]
J 107982 C1 org.springframework.web.filter.RequestContextFilter.doFilterInternal(Ljavax/servlet/http/HttpServletRequest;Ljavax/servlet/http/HttpServletResponse;Ljavax/servlet/FilterChain;)V (133 bytes) @ 0x0000000006607d7c [0x0000000006607b00+0x27c]
J 101244 C1 org.springframework.web.filter.OncePerRequestFilter.doFilter(Ljavax/servlet/ServletRequest;Ljavax/servlet/ServletResponse;Ljavax/servlet/FilterChain;)V (139 bytes) @ 0x000000000640586c [0x00000000064055e0+0x28c]
J 101145 C1 org.apache.catalina.core.ApplicationFilterChain.internalDoFilter(Ljavax/servlet/ServletRequest;Ljavax/servlet/ServletResponse;)V (388 bytes) @ 0x0000000005b7bcec [0x0000000005b7b8c0+0x42c]
J 101124 C1 org.apache.catalina.core.ApplicationFilterChain.doFilter(Ljavax/servlet/ServletRequest;Ljavax/servlet/ServletResponse;)V (105 bytes) @ 0x0000000005b79c14 [0x0000000005b79bc0+0x54]
J 107981 C1 org.springframework.web.filter.HttpPutFormContentFilter.doFilterInternal(Ljavax/servlet/http/HttpServletRequest;Ljavax/servlet/http/HttpServletResponse;Ljavax/servlet/FilterChain;)V (101 bytes) @ 0x0000000006611f94 [0x0000000006611da0+0x1f4]
J 101244 C1 org.springframework.web.filter.OncePerRequestFilter.doFilter(Ljavax/servlet/ServletRequest;Ljavax/servlet/ServletResponse;Ljavax/servlet/FilterChain;)V (139 bytes) @ 0x000000000640586c [0x00000000064055e0+0x28c]
J 101145 C1 org.apache.catalina.core.ApplicationFilterChain.internalDoFilter(Ljavax/servlet/ServletRequest;Ljavax/servlet/ServletResponse;)V (388 bytes) @ 0x0000000005b7bcec [0x0000000005b7b8c0+0x42c]
J 101124 C1 org.apache.catalina.core.ApplicationFilterChain.doFilter(Ljavax/servlet/ServletRequest;Ljavax/servlet/ServletResponse;)V (105 bytes) @ 0x0000000005b79c14 [0x0000000005b79bc0+0x54]
J 107980 C1 org.springframework.web.filter.HiddenHttpMethodFilter.doFilterInternal(Ljavax/servlet/http/HttpServletRequest;Ljavax/servlet/http/HttpServletResponse;Ljavax/servlet/FilterChain;)V (70 bytes) @ 0x00000000066133a4 [0x0000000006613200+0x1a4]
J 101244 C1 org.springframework.web.filter.OncePerRequestFilter.doFilter(Ljavax/servlet/ServletRequest;Ljavax/servlet/ServletResponse;Ljavax/servlet/FilterChain;)V (139 bytes) @ 0x000000000640586c [0x00000000064055e0+0x28c]
J 101145 C1 org.apache.catalina.core.ApplicationFilterChain.internalDoFilter(Ljavax/servlet/ServletRequest;Ljavax/servlet/ServletResponse;)V (388 bytes) @ 0x0000000005b7bcec [0x0000000005b7b8c0+0x42c]
J 101124 C1 org.apache.catalina.core.ApplicationFilterChain.doFilter(Ljavax/servlet/ServletRequest;Ljavax/servlet/ServletResponse;)V (105 bytes) @ 0x0000000005b79c14 [0x0000000005b79bc0+0x54]
J 107979 C1 org.springframework.web.filter.CharacterEncodingFilter.doFilterInternal(Ljavax/servlet/http/HttpServletRequest;Ljavax/servlet/http/HttpServletResponse;Ljavax/servlet/FilterChain;)V (59 bytes) @ 0x00000000066128f4 [0x00000000066127e0+0x114]
J 101244 C1 org.springframework.web.filter.OncePerRequestFilter.doFilter(Ljavax/servlet/ServletRequest;Ljavax/servlet/ServletResponse;Ljavax/servlet/FilterChain;)V (139 bytes) @ 0x000000000640586c [0x00000000064055e0+0x28c]
J 101145 C1 org.apache.catalina.core.ApplicationFilterChain.internalDoFilter(Ljavax/servlet/ServletRequest;Ljavax/servlet/ServletResponse;)V (388 bytes) @ 0x0000000005b7bcec [0x0000000005b7b8c0+0x42c]
J 101124 C1 org.apache.catalina.core.ApplicationFilterChain.doFilter(Ljavax/servlet/ServletRequest;Ljavax/servlet/ServletResponse;)V (105 bytes) @ 0x0000000005b79c14 [0x0000000005b79bc0+0x54]
J 108622 C1 org.apache.catalina.core.StandardWrapperValve.invoke(Lorg/apache/catalina/connector/Request;Lorg/apache/catalina/connector/Response;)V (1306 bytes) @ 0x0000000006581a5c [0x0000000006580160+0x18fc]
J 103410 C1 org.apache.catalina.core.StandardContextValve.invoke(Lorg/apache/catalina/connector/Request;Lorg/apache/catalina/connector/Response;)V (172 bytes) @ 0x000000000564d0c4 [0x000000000564cbe0+0x4e4]
J 107969 C1 org.apache.catalina.authenticator.AuthenticatorBase.invoke(Lorg/apache/catalina/connector/Request;Lorg/apache/catalina/connector/Response;)V (801 bytes) @ 0x00000000066215fc [0x00000000066203e0+0x121c]
J 103404 C1 org.apache.catalina.core.StandardHostValve.invoke(Lorg/apache/catalina/connector/Request;Lorg/apache/catalina/connector/Response;)V (402 bytes) @ 0x000000000564e57c [0x000000000564e120+0x45c]
J 108619 C1 org.apache.catalina.valves.ErrorReportValve.invoke(Lorg/apache/catalina/connector/Request;Lorg/apache/catalina/connector/Response;)V (119 bytes) @ 0x000000000659988c [0x0000000006599820+0x6c]
J 108618 C1 org.apache.catalina.core.StandardEngineValve.invoke(Lorg/apache/catalina/connector/Request;Lorg/apache/catalina/connector/Response;)V (77 bytes) @ 0x000000000659ae84 [0x000000000659aca0+0x1e4]
J 107957 C1 org.apache.catalina.connector.CoyoteAdapter.service(Lorg/apache/coyote/Request;Lorg/apache/coyote/Response;)V (676 bytes) @ 0x0000000006619054 [0x0000000006618960+0x6f4]
J 103393 C1 org.apache.coyote.http11.Http11Processor.service(Lorg/apache/tomcat/util/net/SocketWrapperBase;)Lorg/apache/tomcat/util/net/AbstractEndpoint$Handler$SocketState; (1248 bytes) @ 0x0000000005a3ab8c [0x0000000005a39d40+0xe4c]
J 103392 C1 org.apache.coyote.AbstractProcessorLight.process(Lorg/apache/tomcat/util/net/SocketWrapperBase;Lorg/apache/tomcat/util/net/SocketEvent;)Lorg/apache/tomcat/util/net/AbstractEndpoint$Handler$SocketState; (248 bytes) @ 0x0000000005e8e9b4 [0x0000000005e8e760+0x254]
J 103915 C1 org.apache.coyote.AbstractProtocol$ConnectionHandler.process(Lorg/apache/tomcat/util/net/SocketWrapperBase;Lorg/apache/tomcat/util/net/SocketEvent;)Lorg/apache/tomcat/util/net/AbstractEndpoint$Handler$SocketState; (1172 bytes) @ 0x00000000059f5a44 [0x00000000059f4d60+0xce4]
J 103913 C1 org.apache.tomcat.util.net.NioEndpoint$SocketProcessor.doRun()V (526 bytes) @ 0x0000000005a0769c [0x0000000005a07300+0x39c]
J 103911 C1 org.apache.tomcat.util.net.SocketProcessorBase.run()V (35 bytes) @ 0x0000000005a09754 [0x0000000005a095e0+0x174]
j  java.util.concurrent.ThreadPoolExecutor.runWorker(Ljava/util/concurrent/ThreadPoolExecutor$Worker;)V+95
j  java.util.concurrent.ThreadPoolExecutor$Worker.run()V+5
j  org.apache.tomcat.util.threads.TaskThread$WrappingRunnable.run()V+4
j  java.lang.Thread.run()V+11
v  ~StubRoutines::call_stub

---------------  P R O C E S S  ---------------

Java Threads: ( => current thread )
  0x000000001a4e5000 JavaThread "PostgreSQL-JDBC-SharedTimer-3" daemon [_thread_blocked, id=2780, stack(0x000000003cd00000,0x000000003ce00000)]
  0x000000001a4e8000 JavaThread "HikariPool-1 connection adder" daemon [_thread_blocked, id=18068, stack(0x000000003cc00000,0x000000003cd00000)]
  0x000000001a4e4000 JavaThread "HikariPool-1 connection closer" daemon [_thread_blocked, id=8264, stack(0x000000003cb00000,0x000000003cc00000)]
  0x000000001a4e3800 JavaThread "MyExecutor-7" [_thread_blocked, id=10012, stack(0x000000007f9c0000,0x000000007fac0000)]
  0x000000001e231000 JavaThread "MyExecutor-6" [_thread_blocked, id=8268, stack(0x000000007f8c0000,0x000000007f9c0000)]
  0x000000001e22f800 JavaThread "MyExecutor-5" [_thread_blocked, id=2420, stack(0x000000007f7c0000,0x000000007f8c0000)]
  0x000000001e22c800 JavaThread "MyExecutor-4" [_thread_blocked, id=14424, stack(0x000000007f6c0000,0x000000007f7c0000)]
  0x000000001e22f000 JavaThread "MyExecutor-3" [_thread_blocked, id=18128, stack(0x000000007f5c0000,0x000000007f6c0000)]
  0x000000001e22c000 JavaThread "MyExecutor-2" [_thread_blocked, id=8328, stack(0x000000007f4c0000,0x000000007f5c0000)]
  0x000000001e226800 JavaThread "Java2D Disposer" daemon [_thread_blocked, id=15252, stack(0x0000000074bc0000,0x0000000074cc0000)]
  0x000000001e22d800 JavaThread "MyExecutor-1" [_thread_blocked, id=12336, stack(0x0000000074ac0000,0x0000000074bc0000)]
  0x000000001e229000 JavaThread "DestroyJavaVM" [_thread_blocked, id=9700, stack(0x0000000005110000,0x0000000005210000)]
  0x000000001e229800 JavaThread "http-nio-8080-AsyncTimeout" daemon [_thread_blocked, id=11060, stack(0x0000000020e30000,0x0000000020f30000)]
  0x000000001e224800 JavaThread "http-nio-8080-Acceptor-0" daemon [_thread_in_native, id=17668, stack(0x0000000020d30000,0x0000000020e30000)]
  0x000000001e22a800 JavaThread "http-nio-8080-ClientPoller-1" daemon [_thread_in_native, id=360, stack(0x0000000020c30000,0x0000000020d30000)]
  0x000000001e22b000 JavaThread "http-nio-8080-ClientPoller-0" daemon [_thread_in_native, id=6244, stack(0x0000000020b30000,0x0000000020c30000)]
  0x000000001e228000 JavaThread "http-nio-8080-exec-10" daemon [_thread_blocked, id=16888, stack(0x0000000020a30000,0x0000000020b30000)]
  0x000000001df2b800 JavaThread "http-nio-8080-exec-9" daemon [_thread_blocked, id=13232, stack(0x0000000020930000,0x0000000020a30000)]
  0x000000001df2b000 JavaThread "http-nio-8080-exec-8" daemon [_thread_blocked, id=11876, stack(0x0000000020830000,0x0000000020930000)]
=>0x000000001df2a000 JavaThread "http-nio-8080-exec-7" daemon [_thread_in_vm, id=13376, stack(0x0000000020730000,0x0000000020830000)]
  0x000000001df26800 JavaThread "http-nio-8080-exec-6" daemon [_thread_blocked, id=14600, stack(0x0000000020630000,0x0000000020730000)]
  0x000000001df29800 JavaThread "http-nio-8080-exec-5" daemon [_thread_blocked, id=13536, stack(0x0000000020530000,0x0000000020630000)]
  0x000000001df28000 JavaThread "http-nio-8080-exec-4" daemon [_thread_blocked, id=16964, stack(0x0000000020430000,0x0000000020530000)]
  0x000000001df25000 JavaThread "http-nio-8080-exec-3" daemon [_thread_blocked, id=13676, stack(0x0000000020330000,0x0000000020430000)]
  0x000000001df25800 JavaThread "http-nio-8080-exec-2" daemon [_thread_blocked, id=18060, stack(0x0000000020230000,0x0000000020330000)]
  0x000000001df28800 JavaThread "http-nio-8080-exec-1" daemon [_thread_blocked, id=10200, stack(0x0000000020130000,0x0000000020230000)]
  0x000000001df27000 JavaThread "NioBlockingSelector.BlockPoller-1" daemon [_thread_in_native, id=14724, stack(0x0000000020030000,0x0000000020130000)]
  0x000000001a4e8800 JavaThread "Live Reload Server" daemon [_thread_in_native, id=14900, stack(0x000000001fd30000,0x000000001fe30000)]
  0x000000001a4e7000 JavaThread "File Watcher" daemon [_thread_blocked, id=1612, stack(0x000000001fb30000,0x000000001fc30000)]
  0x000000001a4e6800 JavaThread "HikariPool-1 housekeeper" daemon [_thread_blocked, id=6736, stack(0x000000001d560000,0x000000001d660000)]
  0x000000001a4e5800 JavaThread "container-0" [_thread_blocked, id=2500, stack(0x000000001d260000,0x000000001d360000)]
  0x000000001a4ea000 JavaThread "ContainerBackgroundProcessor[StandardEngine[Tomcat]]" daemon [_thread_blocked, id=14052, stack(0x000000001d160000,0x000000001d260000)]
  0x0000000016f9e800 JavaThread "Service Thread" daemon [_thread_blocked, id=6188, stack(0x0000000017b60000,0x0000000017c60000)]
  0x0000000016df0000 JavaThread "C1 CompilerThread3" daemon [_thread_blocked, id=16748, stack(0x0000000017a60000,0x0000000017b60000)]
  0x0000000016ded800 JavaThread "C2 CompilerThread2" daemon [_thread_blocked, id=1624, stack(0x0000000017960000,0x0000000017a60000)]
  0x0000000016c13000 JavaThread "C2 CompilerThread1" daemon [_thread_blocked, id=10460, stack(0x0000000017860000,0x0000000017960000)]
  0x0000000016ca6000 JavaThread "C2 CompilerThread0" daemon [_thread_blocked, id=2368, stack(0x0000000017760000,0x0000000017860000)]
  0x0000000016b36000 JavaThread "Thread-4" daemon [_thread_blocked, id=16312, stack(0x0000000017460000,0x0000000017560000)]
  0x0000000016b8e000 JavaThread "HotSwap Dispatcher" daemon [_thread_blocked, id=17852, stack(0x0000000017360000,0x0000000017460000)]
  0x0000000016c29800 JavaThread "HotSwap Watcher" daemon [_thread_blocked, id=6792, stack(0x0000000017260000,0x0000000017360000)]
  0x0000000016c22000 JavaThread "Thread-1" daemon [_thread_in_native, id=16136, stack(0x0000000017160000,0x0000000017260000)]
  0x000000001581a800 JavaThread "JDWP Command Reader" daemon [_thread_in_native, id=14804, stack(0x0000000016460000,0x0000000016560000)]
  0x0000000015819000 JavaThread "JDWP Event Helper Thread" daemon [_thread_blocked, id=18020, stack(0x0000000016360000,0x0000000016460000)]
  0x0000000015803000 JavaThread "JDWP Transport Listener: dt_socket" daemon [_thread_blocked, id=6944, stack(0x0000000016260000,0x0000000016360000)]
  0x00000000157fd000 JavaThread "Attach Listener" daemon [_thread_blocked, id=5344, stack(0x0000000015e20000,0x0000000015f20000)]
  0x00000000157f8800 JavaThread "Signal Dispatcher" daemon [_thread_blocked, id=2188, stack(0x0000000015d20000,0x0000000015e20000)]
  0x00000000157e5800 JavaThread "Finalizer" daemon [_thread_blocked, id=9032, stack(0x0000000015b00000,0x0000000015c00000)]
  0x0000000005305800 JavaThread "Reference Handler" daemon [_thread_blocked, id=14580, stack(0x0000000015a00000,0x0000000015b00000)]

Other Threads:
  0x00000000052fe000 VMThread [stack: 0x0000000015900000,0x0000000015a00000] [id=15884]
  0x0000000016f9f800 WatcherThread [stack: 0x0000000017c60000,0x0000000017d60000] [id=13724]

VM state:not at safepoint (normal execution)

VM Mutex/Monitor currently owned by a thread: None

Heap:
 def new generation   total 78720K, used 69050K [0x0000000080000000, 0x0000000085560000, 0x00000000aaaa0000)
  eden space 70016K,  97% used [0x0000000080000000, 0x00000000842c35a0, 0x0000000084460000)
  from space 8704K,   7% used [0x0000000084ce0000, 0x0000000084d8b650, 0x0000000085560000)
  to   space 8704K,   0% used [0x0000000084460000, 0x0000000084460000, 0x0000000084ce0000)
 tenured generation   total 174784K, used 109996K [0x00000000aaaa0000, 0x00000000b5550000, 0x0000000100000000)
   the space 174784K,  62% used [0x00000000aaaa0000, 0x00000000b160b378, 0x00000000b160b400, 0x00000000b5550000)
 Metaspace       used 121199K, capacity 129138K, committed 129496K, reserved 1161216K
  class space    used 15626K, capacity 17053K, committed 17152K, reserved 1048576K

Card table byte_map: [0x0000000014840000,0x0000000014c50000] byte_map_base: 0x0000000014440000

Polling page: 0x0000000003730000

CodeCache: size=245760Kb used=20491Kb max_used=29115Kb free=225268Kb
 bounds [0x0000000005480000, 0x0000000007100000, 0x0000000014480000]
 total_blobs=10345 nmethods=9593 adapters=669
 compilation: enabled

Compilation events (10 events):
Event: 5386.506 Thread 0x0000000016df0000 109290   !   1       sun.reflect.GeneratedMethodAccessor121::invoke (61 bytes)
Event: 5386.507 Thread 0x0000000016df0000 nmethod 109290 0x0000000005b0d550 code [0x0000000005b0d740, 0x0000000005b0dbd8]
Event: 5386.507 Thread 0x0000000016df0000 109291   !   1       sun.reflect.GeneratedMethodAccessor122::invoke (68 bytes)
Event: 5386.507 Thread 0x0000000016df0000 nmethod 109291 0x0000000005b0ca10 code [0x0000000005b0cc00, 0x0000000005b0d118]
Event: 5386.507 Thread 0x0000000016df0000 109292       1       com.patho.main.model.MaterialPreset::getCommentary (5 bytes)
Event: 5386.507 Thread 0x0000000016df0000 nmethod 109292 0x0000000005b0c750 code [0x0000000005b0c8a0, 0x0000000005b0c9b0]
Event: 5386.507 Thread 0x0000000016df0000 109293       1       com.patho.main.model.MaterialPreset::getIndexInList (5 bytes)
Event: 5386.507 Thread 0x0000000016df0000 nmethod 109293 0x0000000005b0c490 code [0x0000000005b0c5e0, 0x0000000005b0c6f0]
Event: 5386.507 Thread 0x0000000016df0000 109294       1       com.patho.main.model.MaterialPreset::getStainingPrototypes (23 bytes)
Event: 5386.507 Thread 0x0000000016df0000 nmethod 109294 0x0000000005b0c090 code [0x0000000005b0c200, 0x0000000005b0c3b0]

GC Heap History (10 events):
Event: 5170.598 GC heap before
{Heap before GC invocations=229 (full 5):
 def new generation   total 78720K, used 70016K [0x0000000080000000, 0x0000000085560000, 0x00000000aaaa0000)
  eden space 70016K, 100% used [0x0000000080000000, 0x0000000084460000, 0x0000000084460000)
  from space 8704K,   0% used [0x0000000084460000, 0x0000000084460200, 0x0000000084ce0000)
  to   space 8704K,   0% used [0x0000000084ce0000, 0x0000000084ce0000, 0x0000000085560000)
 tenured generation   total 174784K, used 109996K [0x00000000aaaa0000, 0x00000000b5550000, 0x0000000100000000)
   the space 174784K,  62% used [0x00000000aaaa0000, 0x00000000b160b378, 0x00000000b160b400, 0x00000000b5550000)
 Metaspace       used 121021K, capacity 128810K, committed 129496K, reserved 1161216K
  class space    used 15583K, capacity 16987K, committed 17152K, reserved 1048576K
Event: 5170.601 GC heap after
Heap after GC invocations=230 (full 5):
 def new generation   total 78720K, used 0K [0x0000000080000000, 0x0000000085560000, 0x00000000aaaa0000)
  eden space 70016K,   0% used [0x0000000080000000, 0x0000000080000000, 0x0000000084460000)
  from space 8704K,   0% used [0x0000000084ce0000, 0x0000000084ce0200, 0x0000000085560000)
  to   space 8704K,   0% used [0x0000000084460000, 0x0000000084460000, 0x0000000084ce0000)
 tenured generation   total 174784K, used 109996K [0x00000000aaaa0000, 0x00000000b5550000, 0x0000000100000000)
   the space 174784K,  62% used [0x00000000aaaa0000, 0x00000000b160b378, 0x00000000b160b400, 0x00000000b5550000)
 Metaspace       used 121021K, capacity 128810K, committed 129496K, reserved 1161216K
  class space    used 15583K, capacity 16987K, committed 17152K, reserved 1048576K
}
Event: 5216.993 GC heap before
{Heap before GC invocations=230 (full 5):
 def new generation   total 78720K, used 70016K [0x0000000080000000, 0x0000000085560000, 0x00000000aaaa0000)
  eden space 70016K, 100% used [0x0000000080000000, 0x0000000084460000, 0x0000000084460000)
  from space 8704K,   0% used [0x0000000084ce0000, 0x0000000084ce0200, 0x0000000085560000)
  to   space 8704K,   0% used [0x0000000084460000, 0x0000000084460000, 0x0000000084ce0000)
 tenured generation   total 174784K, used 109996K [0x00000000aaaa0000, 0x00000000b5550000, 0x0000000100000000)
   the space 174784K,  62% used [0x00000000aaaa0000, 0x00000000b160b378, 0x00000000b160b400, 0x00000000b5550000)
 Metaspace       used 121021K, capacity 128810K, committed 129496K, reserved 1161216K
  class space    used 15583K, capacity 16987K, committed 17152K, reserved 1048576K
Event: 5216.997 GC heap after
Heap after GC invocations=231 (full 5):
 def new generation   total 78720K, used 0K [0x0000000080000000, 0x0000000085560000, 0x00000000aaaa0000)
  eden space 70016K,   0% used [0x0000000080000000, 0x0000000080000000, 0x0000000084460000)
  from space 8704K,   0% used [0x0000000084460000, 0x0000000084460238, 0x0000000084ce0000)
  to   space 8704K,   0% used [0x0000000084ce0000, 0x0000000084ce0000, 0x0000000085560000)
 tenured generation   total 174784K, used 109996K [0x00000000aaaa0000, 0x00000000b5550000, 0x0000000100000000)
   the space 174784K,  62% used [0x00000000aaaa0000, 0x00000000b160b378, 0x00000000b160b400, 0x00000000b5550000)
 Metaspace       used 121021K, capacity 128810K, committed 129496K, reserved 1161216K
  class space    used 15583K, capacity 16987K, committed 17152K, reserved 1048576K
}
Event: 5262.153 GC heap before
{Heap before GC invocations=231 (full 5):
 def new generation   total 78720K, used 70016K [0x0000000080000000, 0x0000000085560000, 0x00000000aaaa0000)
  eden space 70016K, 100% used [0x0000000080000000, 0x0000000084460000, 0x0000000084460000)
  from space 8704K,   0% used [0x0000000084460000, 0x0000000084460238, 0x0000000084ce0000)
  to   space 8704K,   0% used [0x0000000084ce0000, 0x0000000084ce0000, 0x0000000085560000)
 tenured generation   total 174784K, used 109996K [0x00000000aaaa0000, 0x00000000b5550000, 0x0000000100000000)
   the space 174784K,  62% used [0x00000000aaaa0000, 0x00000000b160b378, 0x00000000b160b400, 0x00000000b5550000)
 Metaspace       used 121021K, capacity 128810K, committed 129496K, reserved 1161216K
  class space    used 15583K, capacity 16987K, committed 17152K, reserved 1048576K
Event: 5262.157 GC heap after
Heap after GC invocations=232 (full 5):
 def new generation   total 78720K, used 239K [0x0000000080000000, 0x0000000085560000, 0x00000000aaaa0000)
  eden space 70016K,   0% used [0x0000000080000000, 0x0000000080000000, 0x0000000084460000)
  from space 8704K,   2% used [0x0000000084ce0000, 0x0000000084d1bd70, 0x0000000085560000)
  to   space 8704K,   0% used [0x0000000084460000, 0x0000000084460000, 0x0000000084ce0000)
 tenured generation   total 174784K, used 109996K [0x00000000aaaa0000, 0x00000000b5550000, 0x0000000100000000)
   the space 174784K,  62% used [0x00000000aaaa0000, 0x00000000b160b378, 0x00000000b160b400, 0x00000000b5550000)
 Metaspace       used 121021K, capacity 128810K, committed 129496K, reserved 1161216K
  class space    used 15583K, capacity 16987K, committed 17152K, reserved 1048576K
}
Event: 5309.215 GC heap before
{Heap before GC invocations=232 (full 5):
 def new generation   total 78720K, used 70255K [0x0000000080000000, 0x0000000085560000, 0x00000000aaaa0000)
  eden space 70016K, 100% used [0x0000000080000000, 0x0000000084460000, 0x0000000084460000)
  from space 8704K,   2% used [0x0000000084ce0000, 0x0000000084d1bd70, 0x0000000085560000)
  to   space 8704K,   0% used [0x0000000084460000, 0x0000000084460000, 0x0000000084ce0000)
 tenured generation   total 174784K, used 109996K [0x00000000aaaa0000, 0x00000000b5550000, 0x0000000100000000)
   the space 174784K,  62% used [0x00000000aaaa0000, 0x00000000b160b378, 0x00000000b160b400, 0x00000000b5550000)
 Metaspace       used 121021K, capacity 128810K, committed 129496K, reserved 1161216K
  class space    used 15583K, capacity 16987K, committed 17152K, reserved 1048576K
Event: 5309.219 GC heap after
Heap after GC invocations=233 (full 5):
 def new generation   total 78720K, used 278K [0x0000000080000000, 0x0000000085560000, 0x00000000aaaa0000)
  eden space 70016K,   0% used [0x0000000080000000, 0x0000000080000000, 0x0000000084460000)
  from space 8704K,   3% used [0x0000000084460000, 0x00000000844a5830, 0x0000000084ce0000)
  to   space 8704K,   0% used [0x0000000084ce0000, 0x0000000084ce0000, 0x0000000085560000)
 tenured generation   total 174784K, used 109996K [0x00000000aaaa0000, 0x00000000b5550000, 0x0000000100000000)
   the space 174784K,  62% used [0x00000000aaaa0000, 0x00000000b160b378, 0x00000000b160b400, 0x00000000b5550000)
 Metaspace       used 121021K, capacity 128810K, committed 129496K, reserved 1161216K
  class space    used 15583K, capacity 16987K, committed 17152K, reserved 1048576K
}
Event: 5356.360 GC heap before
{Heap before GC invocations=233 (full 5):
 def new generation   total 78720K, used 70294K [0x0000000080000000, 0x0000000085560000, 0x00000000aaaa0000)
  eden space 70016K, 100% used [0x0000000080000000, 0x0000000084460000, 0x0000000084460000)
  from space 8704K,   3% used [0x0000000084460000, 0x00000000844a5830, 0x0000000084ce0000)
  to   space 8704K,   0% used [0x0000000084ce0000, 0x0000000084ce0000, 0x0000000085560000)
 tenured generation   total 174784K, used 109996K [0x00000000aaaa0000, 0x00000000b5550000, 0x0000000100000000)
   the space 174784K,  62% used [0x00000000aaaa0000, 0x00000000b160b378, 0x00000000b160b400, 0x00000000b5550000)
 Metaspace       used 121024K, capacity 128810K, committed 129496K, reserved 1161216K
  class space    used 15583K, capacity 16987K, committed 17152K, reserved 1048576K
Event: 5356.364 GC heap after
Heap after GC invocations=234 (full 5):
 def new generation   total 78720K, used 685K [0x0000000080000000, 0x0000000085560000, 0x00000000aaaa0000)
  eden space 70016K,   0% used [0x0000000080000000, 0x0000000080000000, 0x0000000084460000)
  from space 8704K,   7% used [0x0000000084ce0000, 0x0000000084d8b650, 0x0000000085560000)
  to   space 8704K,   0% used [0x0000000084460000, 0x0000000084460000, 0x0000000084ce0000)
 tenured generation   total 174784K, used 109996K [0x00000000aaaa0000, 0x00000000b5550000, 0x0000000100000000)
   the space 174784K,  62% used [0x00000000aaaa0000, 0x00000000b160b378, 0x00000000b160b400, 0x00000000b5550000)
 Metaspace       used 121024K, capacity 128810K, committed 129496K, reserved 1161216K
  class space    used 15583K, capacity 16987K, committed 17152K, reserved 1048576K
}

Deoptimization events (0 events):
No events

Internal exceptions (10 events):
Event: 5386.281 Thread 0x000000001df2a000 Implicit null exception at 0x0000000006461470 to 0x000000000646153b
Event: 5386.281 Thread 0x000000001df2a000 Exception <a 'java/lang/NullPointerException'> (0x0000000083e13f08) thrown at [C:\Jenkins\workspace\DCEVM-8u152\jdk\JDK1.8.0_152-x64\k\product\oops\nocompressed\slave\dcevm-win\hotspot\src\share\vm\runtime\sharedRuntime.cpp, line 605]
Event: 5386.281 Thread 0x000000001df2a000 Implicit null exception at 0x0000000006461470 to 0x000000000646153b
Event: 5386.281 Thread 0x000000001df2a000 Exception <a 'java/lang/NullPointerException'> (0x0000000083e183b0) thrown at [C:\Jenkins\workspace\DCEVM-8u152\jdk\JDK1.8.0_152-x64\k\product\oops\nocompressed\slave\dcevm-win\hotspot\src\share\vm\runtime\sharedRuntime.cpp, line 605]
Event: 5386.282 Thread 0x000000001df2a000 Implicit null exception at 0x0000000006461470 to 0x000000000646153b
Event: 5386.282 Thread 0x000000001df2a000 Exception <a 'java/lang/NullPointerException'> (0x0000000083e2bdd0) thrown at [C:\Jenkins\workspace\DCEVM-8u152\jdk\JDK1.8.0_152-x64\k\product\oops\nocompressed\slave\dcevm-win\hotspot\src\share\vm\runtime\sharedRuntime.cpp, line 605]
Event: 5386.283 Thread 0x000000001df2a000 Implicit null exception at 0x0000000006461470 to 0x000000000646153b
Event: 5386.283 Thread 0x000000001df2a000 Exception <a 'java/lang/NullPointerException'> (0x0000000083e2ed98) thrown at [C:\Jenkins\workspace\DCEVM-8u152\jdk\JDK1.8.0_152-x64\k\product\oops\nocompressed\slave\dcevm-win\hotspot\src\share\vm\runtime\sharedRuntime.cpp, line 605]
Event: 5386.284 Thread 0x000000001df2a000 Implicit null exception at 0x0000000006461470 to 0x000000000646153b
Event: 5386.284 Thread 0x000000001df2a000 Exception <a 'java/lang/NullPointerException'> (0x0000000083e3a3a0) thrown at [C:\Jenkins\workspace\DCEVM-8u152\jdk\JDK1.8.0_152-x64\k\product\oops\nocompressed\slave\dcevm-win\hotspot\src\share\vm\runtime\sharedRuntime.cpp, line 605]

Events (10 events):
Event: 5386.283 Thread 0x000000001df2a000 DEOPT PACKING pc=0x00000000065c09fc sp=0x000000002082b1f0
Event: 5386.283 Thread 0x000000001df2a000 DEOPT UNPACKING pc=0x00000000054c75bf sp=0x000000002082aee8 mode 1
Event: 5386.283 Thread 0x000000001df2a000 DEOPT PACKING pc=0x000000000599a86c sp=0x000000002082b270
Event: 5386.283 Thread 0x000000001df2a000 DEOPT UNPACKING pc=0x00000000054c75bf sp=0x000000002082afe0 mode 1
Event: 5386.284 Thread 0x000000001df2a000 DEOPT PACKING pc=0x0000000006461540 sp=0x0000000020828e80
Event: 5386.284 Thread 0x000000001df2a000 DEOPT UNPACKING pc=0x00000000054c75bf sp=0x0000000020828be0 mode 1
Event: 5386.284 Thread 0x000000001df2a000 DEOPT PACKING pc=0x0000000005c91264 sp=0x0000000020828f20
Event: 5386.284 Thread 0x000000001df2a000 DEOPT UNPACKING pc=0x00000000054c75bf sp=0x0000000020828c60 mode 1
Event: 5386.284 Thread 0x000000001df2a000 DEOPT PACKING pc=0x0000000005854a94 sp=0x0000000020828fa0
Event: 5386.284 Thread 0x000000001df2a000 DEOPT UNPACKING pc=0x00000000054c75bf sp=0x0000000020828ce0 mode 1


Dynamic libraries:
0x00007ff65e4b0000 - 0x00007ff65e4e7000 	C:\Program Files\Java\jdk1.8.0_152\bin\javaw.exe
0x00007ff989ae0000 - 0x00007ff989cc0000 	C:\Windows\SYSTEM32\ntdll.dll
0x00007ff989890000 - 0x00007ff98993e000 	C:\Windows\System32\KERNEL32.DLL
0x00007ff986420000 - 0x00007ff986686000 	C:\Windows\System32\KERNELBASE.dll
0x00007ff9876f0000 - 0x00007ff987791000 	C:\Windows\System32\ADVAPI32.dll
0x00007ff9877a0000 - 0x00007ff98783d000 	C:\Windows\System32\msvcrt.dll
0x00007ff989940000 - 0x00007ff98999b000 	C:\Windows\System32\sechost.dll
0x00007ff987100000 - 0x00007ff98721f000 	C:\Windows\System32\RPCRT4.dll
0x00007ff9896d0000 - 0x00007ff98985f000 	C:\Windows\System32\USER32.dll
0x00007ff986f90000 - 0x00007ff986fb0000 	C:\Windows\System32\win32u.dll
0x00007ff989860000 - 0x00007ff989888000 	C:\Windows\System32\GDI32.dll
0x00007ff986280000 - 0x00007ff986413000 	C:\Windows\System32\gdi32full.dll
0x00007ff986180000 - 0x00007ff98621b000 	C:\Windows\System32\msvcp_win.dll
0x00007ff986740000 - 0x00007ff986835000 	C:\Windows\System32\ucrtbase.dll
0x00007ff9750a0000 - 0x00007ff975309000 	C:\Windows\WinSxS\amd64_microsoft.windows.common-controls_6595b64144ccf1df_6.0.16299.611_none_15c7d8029365981f\COMCTL32.dll
0x00007ff987d00000 - 0x00007ff988007000 	C:\Windows\System32\combase.dll
0x00007ff986100000 - 0x00007ff986172000 	C:\Windows\System32\bcryptPrimitives.dll
0x00007ff987840000 - 0x00007ff98786d000 	C:\Windows\System32\IMM32.DLL
0x00000000549e0000 - 0x0000000054ab2000 	C:\Program Files\Java\jdk1.8.0_152\jre\bin\msvcr100.dll
0x0000000052e00000 - 0x0000000053651000 	C:\Program Files\Java\jdk1.8.0_152\jre\bin\dcevm\jvm.dll
0x00007ff988010000 - 0x00007ff988018000 	C:\Windows\System32\PSAPI.DLL
0x00007ff9806e0000 - 0x00007ff9806ea000 	C:\Windows\SYSTEM32\VERSION.dll
0x00007ff982b20000 - 0x00007ff982b43000 	C:\Windows\SYSTEM32\WINMM.dll
0x00007ff9736b0000 - 0x00007ff9736b9000 	C:\Windows\SYSTEM32\WSOCK32.dll
0x00007ff989660000 - 0x00007ff9896cc000 	C:\Windows\System32\WS2_32.dll
0x00007ff9827b0000 - 0x00007ff9827da000 	C:\Windows\SYSTEM32\WINMMBASE.dll
0x00007ff985ee0000 - 0x00007ff985f2a000 	C:\Windows\System32\cfgmgr32.dll
0x00000000549d0000 - 0x00000000549df000 	C:\Program Files\Java\jdk1.8.0_152\jre\bin\verify.dll
0x00000000549a0000 - 0x00000000549c9000 	C:\Program Files\Java\jdk1.8.0_152\jre\bin\java.dll
0x0000000054960000 - 0x0000000054995000 	C:\Program Files\Java\jdk1.8.0_152\jre\bin\jdwp.dll
0x0000000054950000 - 0x0000000054958000 	C:\Program Files\Java\jdk1.8.0_152\jre\bin\npt.dll
0x0000000052dd0000 - 0x0000000052df3000 	C:\Program Files\Java\jdk1.8.0_152\jre\bin\instrument.dll
0x0000000052db0000 - 0x0000000052dc6000 	C:\Program Files\Java\jdk1.8.0_152\jre\bin\zip.dll
0x00007ff988220000 - 0x00007ff989658000 	C:\Windows\System32\SHELL32.dll
0x00007ff9899a0000 - 0x00007ff989a46000 	C:\Windows\System32\shcore.dll
0x00007ff986840000 - 0x00007ff986f87000 	C:\Windows\System32\windows.storage.dll
0x00007ff987980000 - 0x00007ff9879d1000 	C:\Windows\System32\shlwapi.dll
0x00007ff985e70000 - 0x00007ff985e81000 	C:\Windows\System32\kernel.appcore.dll
0x00007ff985e90000 - 0x00007ff985edc000 	C:\Windows\System32\powrprof.dll
0x00007ff985e50000 - 0x00007ff985e6b000 	C:\Windows\System32\profapi.dll
0x0000000052da0000 - 0x0000000052da9000 	C:\Program Files\Java\jdk1.8.0_152\jre\bin\dt_socket.dll
0x00007ff968480000 - 0x00007ff968496000 	C:\Windows\system32\napinsp.dll
0x00007ff967d10000 - 0x00007ff967d2a000 	C:\Windows\system32\pnrpnsp.dll
0x00007ff97f4f0000 - 0x00007ff97f508000 	C:\Windows\system32\NLAapi.dll
0x00007ff9856c0000 - 0x00007ff985726000 	C:\Windows\System32\mswsock.dll
0x00007ff985490000 - 0x00007ff985546000 	C:\Windows\SYSTEM32\DNSAPI.dll
0x00007ff988210000 - 0x00007ff988218000 	C:\Windows\System32\NSI.dll
0x00007ff985450000 - 0x00007ff985489000 	C:\Windows\SYSTEM32\IPHLPAPI.DLL
0x00007ff968470000 - 0x00007ff96847e000 	C:\Windows\System32\winrnr.dll
0x00007ff95d5f0000 - 0x00007ff95d605000 	C:\Windows\System32\wshbth.dll
0x00007ff977ac0000 - 0x00007ff977b30000 	C:\Windows\System32\fwpuclnt.dll
0x00007ff985990000 - 0x00007ff9859b5000 	C:\Windows\SYSTEM32\bcrypt.dll
0x00007ff977a80000 - 0x00007ff977a8a000 	C:\Windows\System32\rasadhlp.dll
0x0000000052d80000 - 0x0000000052d9a000 	C:\Program Files\Java\jdk1.8.0_152\jre\bin\net.dll
0x0000000052d60000 - 0x0000000052d71000 	C:\Program Files\Java\jdk1.8.0_152\jre\bin\nio.dll
0x0000000052d50000 - 0x0000000052d5d000 	C:\Program Files\Java\jdk1.8.0_152\jre\bin\management.dll
0x00007ff985880000 - 0x00007ff985897000 	C:\Windows\SYSTEM32\CRYPTSP.dll
0x00007ff9852c0000 - 0x00007ff9852f3000 	C:\Windows\system32\rsaenh.dll
0x00007ff985d60000 - 0x00007ff985d89000 	C:\Windows\SYSTEM32\USERENV.dll
0x00007ff9858a0000 - 0x00007ff9858ab000 	C:\Windows\SYSTEM32\CRYPTBASE.dll
0x00007ff97e520000 - 0x00007ff97e536000 	C:\Windows\SYSTEM32\dhcpcsvc6.DLL
0x00007ff97eb30000 - 0x00007ff97eb4a000 	C:\Windows\SYSTEM32\dhcpcsvc.DLL
0x0000000052bb0000 - 0x0000000052d48000 	C:\Program Files\Java\jdk1.8.0_152\jre\bin\awt.dll
0x00007ff988020000 - 0x00007ff9880e5000 	C:\Windows\System32\OLEAUT32.dll
0x00007ff9842c0000 - 0x00007ff984348000 	C:\Windows\SYSTEM32\apphelp.dll
0x00000000529d0000 - 0x00000000529f4000 	C:\Program Files\Java\jdk1.8.0_152\jre\bin\sunec.dll
0x0000000052990000 - 0x00000000529ca000 	C:\Program Files\Java\jdk1.8.0_152\jre\bin\kcms.dll
0x00007ff9846b0000 - 0x00007ff9846da000 	C:\Windows\system32\DWMAPI.DLL
0x00007ff9843f0000 - 0x00007ff984485000 	C:\Windows\system32\uxtheme.dll
0x0000000052960000 - 0x000000005298a000 	C:\Program Files\Java\jdk1.8.0_152\jre\bin\dcpr.dll
0x00007ff97ec30000 - 0x00007ff97edf8000 	C:\Windows\SYSTEM32\dbghelp.dll

VM Arguments:
jvm_args: -agentlib:jdwp=transport=dt_socket,suspend=y,address=localhost:54413 -javaagent:C:/Users/andi/.m2/repository/org/springframework/spring-instrument/5.0.6.RELEASE/spring-instrument-5.0.6.RELEASE.jar -javaagent:C:/Users/andi/.m2/repository/org/aspectj/aspectjweaver/1.8.13/aspectjweaver-1.8.13.jar -javaagent:C:/Users/andi/Documents/develop/hotswap-agent-core-1.3.0.jar=autoHotswap=true -Xms256m -Xmx2G -Dsun.java2d.cmm=sun.java2d.cmm.kcms.KcmsServiceProvider -Xverify:none -XX:TieredStopAtLevel=1 -Dfile.encoding=UTF-8 
java_command: com.patho.main.PathoFrohApplication
java_class_path (initial): C:\Program Files\Java\jdk1.8.0_152\jre\lib\resources.jar;C:\Program Files\Java\jdk1.8.0_152\jre\lib\rt.jar;C:\Program Files\Java\jdk1.8.0_152\jre\lib\jsse.jar;C:\Program Files\Java\jdk1.8.0_152\jre\lib\jce.jar;C:\Program Files\Java\jdk1.8.0_152\jre\lib\charsets.jar;C:\Program Files\Java\jdk1.8.0_152\jre\lib\jfr.jar;C:\Program Files\Java\jdk1.8.0_152\jre\lib\ext\access-bridge-64.jar;C:\Program Files\Java\jdk1.8.0_152\jre\lib\ext\cldrdata.jar;C:\Program Files\Java\jdk1.8.0_152\jre\lib\ext\dnsns.jar;C:\Program Files\Java\jdk1.8.0_152\jre\lib\ext\jaccess.jar;C:\Program Files\Java\jdk1.8.0_152\jre\lib\ext\jfxrt.jar;C:\Program Files\Java\jdk1.8.0_152\jre\lib\ext\localedata.jar;C:\Program Files\Java\jdk1.8.0_152\jre\lib\ext\nashorn.jar;C:\Program Files\Java\jdk1.8.0_152\jre\lib\ext\sunec.jar;C:\Program Files\Java\jdk1.8.0_152\jre\lib\ext\sunjce_provider.jar;C:\Program Files\Java\jdk1.8.0_152\jre\lib\ext\sunmscapi.jar;C:\Program Files\Java\jdk1.8.0_152\jre\lib\ext\sunpkcs11.jar;C:\Program Files\Java\jdk1.8.0_152\jre\lib\ext\zipfs.jar;C:\Users\andi\eclipse-workspace\PathoFroh\target\classes;C:\Users\andi\.m2\repository\org\springframework\boot\spring-boot-starter\2.0.2.RELEASE\spring-boot-starter-2.0.2.RELEASE.jar;C:\Users\andi\.m2\repository\org\springframework\boot\spring-boot\2.0.2.RELEASE\spring-boot-2.0.2.RELEASE.jar;C:\Users\andi\.m2\repository\org\springframework\boot\spring-boot-autoconfigure\2.0.2.RELEASE\spring-boot-autoconfigure-2.0.2.RELEASE.jar;C:\Users\andi\.m2\repository\org\springframework\boot\spring-boot-starter-logging\2.0.2.RELEASE\spring-boot-starter-logging-2.0.2.RELEASE.jar;C:\Users\andi\.m2\repository\ch\qos\logback\logback-classic\1.2.3\logback-classic-1.2.3.jar;C:\Users\andi\.m2\repository\ch\qos\logback\logback-core\1.2.3\logback-core-1.2.3.jar;C:\Users\andi\.m2\repository\org\apache\logging\log4j\log4j-to-slf4j\2.10.0\log4j-to-slf4j-2.10.0.jar;C:\Users\andi\.m2\repository\org\apache\logging\log4j\log4j-api\2.10.0\log4j
Launcher Type: SUN_STANDARD

Environment Variables:
PATH=C:\Program Files\Java\jdk1.8.0_152\jre\bin;C:/Program Files/Java/jre1.8.0_181/bin/server;C:/Program Files/Java/jre1.8.0_181/bin;C:/Program Files/Java/jre1.8.0_181/lib/amd64;C:\Program Files (x86)\Common Files\Oracle\Java\javapath;C:\ProgramData\Oracle\Java\javapath;C:\Program Files (x86)\Intel\iCLS Client\;C:\Program Files\Intel\iCLS Client\;C:\Windows\system32;C:\Windows;C:\Windows\System32\Wbem;C:\Windows\System32\WindowsPowerShell\v1.0\;C:\Program Files (x86)\NVIDIA Corporation\PhysX\Common;C:\Program Files\Intel\Intel(R) Management Engine Components\DAL;C:\Program Files (x86)\Intel\Intel(R) Management Engine Components\DAL;C:\Program Files\Intel\Intel(R) Management Engine Components\IPT;C:\Program Files (x86)\Intel\Intel(R) Management Engine Components\IPT;C:\Program Files\Git\cmd;C:\Program Files\TortoiseGit\bin;C:\Program Files\Intel\WiFi\bin\;C:\Program Files\Common Files\Intel\WirelessCommon\;C:\Program Files\MiKTeX 2.9\miktex\bin\x64\;C:\Program Files\nodejs\;C:\Program Files\Calibre2\;C:\Users\andi\AppData\Local\Microsoft\WindowsApps;C:\Program Files\Intel\WiFi\bin\;C:\Program Files\Common Files\Intel\WirelessCommon\;C:\Users\andi\AppData\Roaming\npm;C:\Users\andi\Documents\develop\eclipse;
USERNAME=andi
OS=Windows_NT
PROCESSOR_IDENTIFIER=Intel64 Family 6 Model 60 Stepping 3, GenuineIntel



---------------  S Y S T E M  ---------------

OS: Windows 10.0 , 64 bit Build 16299 (10.0.16299.431)

CPU:total 8 (initial active 8) (4 cores per cpu, 2 threads per core) family 6 model 60 stepping 3, cmov, cx8, fxsr, mmx, sse, sse2, sse3, ssse3, sse4.1, sse4.2, popcnt, avx, avx2, aes, clmul, erms, lzcnt, ht, tsc, tscinvbit, bmi1, bmi2

Memory: 4k page, physical 8271256k(1032196k free), swap 12531604k(2011008k free)

vm_info: Dynamic Code Evolution 64-Bit Server VM (25.71-b01-dcevmlight-30) for windows-amd64 JRE (1.8.0), built on Feb 14 2018 07:21:37 by "Administrator" with MS VC++ 10.0 (VS2010)

time: Fri Aug 31 22:37:23 2018
elapsed time: 5386 seconds (0d 1h 29m 46s)

