#
# A fatal error has been detected by the Java Runtime Environment:
#
#  EXCEPTION_ACCESS_VIOLATION (0xc0000005) at pc=0x00000000542527bd, pid=1456, tid=0x0000000000003850
#
# JRE version: Java(TM) SE Runtime Environment (8.0_152-b16) (build 1.8.0_152-b16)
# Java VM: Dynamic Code Evolution 64-Bit Server VM (25.71-b01-dcevmlight-30 mixed mode windows-amd64 compressed oops)
# Problematic frame:
# V  [jvm.dll+0xd27bd]
#
# Failed to write core dump. Minidumps are not enabled by default on client versions of Windows
#
# If you would like to submit a bug report, please visit:
#   https://github.com/dcevm/dcevm/issues
#

---------------  T H R E A D  ---------------

Current thread (0x00000000053be000):  VMThread [stack: 0x0000000015a50000,0x0000000015b50000] [id=14416]

siginfo: ExceptionCode=0xc0000005, reading address 0x0000000000000010

Registers:
RAX=0x00000000000000ff, RBX=0x0000000000001b01, RCX=0x0000000000000000, RDX=0x0000000000000000
RSP=0x0000000015b4f030, RBP=0x0000000015b4f160, RSI=0x0000000000001b01, RDI=0x000000000008e528
R8 =0x0000000015914870, R9 =0x0000000000000003, R10=0x0000000000000003, R11=0x0000000000090061
R12=0x0000000015b4f1f0, R13=0x0000000015b4f1e0, R14=0x0000000000000000, R15=0x0000000000000003
RIP=0x00000000542527bd, EFLAGS=0x0000000000010202

Top of Stack: (sp=0x0000000015b4f030)
0x0000000015b4f030:   00000000000000b7 0000000015b4f160
0x0000000015b4f040:   00000000000000b7 0000000054a020da
0x0000000015b4f050:   000000000000002e 00000000543371d0
0x0000000015b4f060:   0000000000000000 00000000000000b7
0x0000000015b4f070:   0000000000000001 0000000000000012
0x0000000015b4f080:   0000000000000000 0000000054a020da
0x0000000015b4f090:   00000000053bf440 0000000054a34e7e
0x0000000015b4f0a0:   00000000052cd760 0000000054a05695
0x0000000015b4f0b0:   0000000015b4f410 0000000054a020da
0x0000000015b4f0c0:   0000000000000000 00000000ffffffd9
0x0000000015b4f0d0:   0000000000000027 0000000054a338a8
0x0000000015b4f0e0:   0000000015b4f5c8 0000000015b4f1e0
0x0000000015b4f0f0:   0000000015b4f410 0000000054a1d79a
0x0000000015b4f100:   00000000053bf440 0000000054a34e7e
0x0000000015b4f110:   0000000015b4f5c8 0000000022f8f850
0x0000000015b4f120:   00000000053be000 00000000000900a8 

Instructions: (pc=0x00000000542527bd)
0x000000005425279d:   0f b7 d8 48 63 c3 0f b7 44 c7 50 48 8b 44 c7 50
0x00000000542527ad:   48 89 44 24 30 f6 d0 48 8b 4c 24 30 a8 01 74 0f
0x00000000542527bd:   48 8b 41 10 48 8b 5c 24 38 48 83 c4 20 5f c3 48
0x00000000542527cd:   8b 5c 24 38 48 83 e1 fe 48 8b c1 48 83 c4 20 5f 


Register to memory mapping:

RAX=0x00000000000000ff is an unknown value
RBX=0x0000000000001b01 is an unknown value
RCX=0x0000000000000000 is an unknown value
RDX=0x0000000000000000 is an unknown value
RSP=0x0000000015b4f030 is an unknown value
RBP=0x0000000015b4f160 is an unknown value
RSI=0x0000000000001b01 is an unknown value
RDI=0x000000000008e528 is pointing into metadata
R8 =0x0000000015914870 is an unknown value
R9 =0x0000000000000003 is an unknown value
R10=0x0000000000000003 is an unknown value
R11=0x0000000000090061 is pointing into metadata
R12=0x0000000015b4f1f0 is an unknown value
R13=0x0000000015b4f1e0 is an unknown value
R14=0x0000000000000000 is an unknown value
R15=0x0000000000000003 is an unknown value


Stack: [0x0000000015a50000,0x0000000015b50000],  sp=0x0000000015b4f030,  free space=1020k
Native frames: (J=compiled Java code, j=interpreted, Vv=VM code, C=native code)
V  [jvm.dll+0xd27bd]
V  [jvm.dll+0x1b71d0]
V  [jvm.dll+0x1b8122]
V  [jvm.dll+0x1a9e55]
V  [jvm.dll+0x1af00f]
V  [jvm.dll+0x1afc6a]
V  [jvm.dll+0x22caf7]
V  [jvm.dll+0x22bdb2]
V  [jvm.dll+0x22c231]
V  [jvm.dll+0x22c44e]
V  [jvm.dll+0x2767ea]
C  [msvcr100.dll+0x21d9f]
C  [msvcr100.dll+0x21e3b]
C  [KERNEL32.DLL+0x11fe4]
C  [ntdll.dll+0x6cb31]

VM_Operation (0x00000000562bed20): RedefineClasses, mode: safepoint, requested by thread 0x000000002233a800


---------------  P R O C E S S  ---------------

Java Threads: ( => current thread )
  0x000000002233a800 JavaThread "Thread-2335" daemon [_thread_blocked, id=16920, stack(0x00000000561c0000,0x00000000562c0000)]
  0x000000001e6be000 JavaThread "Thread-1934" daemon [_thread_blocked, id=12064, stack(0x000000003c050000,0x000000003c150000)]
  0x0000000022057000 JavaThread "Thread-1929" daemon [_thread_blocked, id=12232, stack(0x000000003bb50000,0x000000003bc50000)]
  0x0000000022055800 JavaThread "Thread-1926" daemon [_thread_blocked, id=12376, stack(0x000000003b850000,0x000000003b950000)]
  0x000000002204f000 JavaThread "Thread-1922" daemon [_thread_blocked, id=1252, stack(0x000000003b450000,0x000000003b550000)]
  0x0000000021de3800 JavaThread "Thread-1909" daemon [_thread_blocked, id=4040, stack(0x000000003a750000,0x000000003a850000)]
  0x0000000022054000 JavaThread "Thread-1876" daemon [_thread_blocked, id=17448, stack(0x0000000038650000,0x0000000038750000)]
  0x000000001e726800 JavaThread "DestroyJavaVM" [_thread_blocked, id=5520, stack(0x00000000050d0000,0x00000000051d0000)]
  0x000000001e725800 JavaThread "http-nio-8080-AsyncTimeout" daemon [_thread_blocked, id=6364, stack(0x0000000021280000,0x0000000021380000)]
  0x000000001e71a800 JavaThread "http-nio-8080-Acceptor-0" daemon [_thread_in_native, id=17516, stack(0x0000000021180000,0x0000000021280000)]
  0x000000001e71f800 JavaThread "http-nio-8080-ClientPoller-1" daemon [_thread_in_native, id=2348, stack(0x0000000021080000,0x0000000021180000)]
  0x000000001e71c000 JavaThread "http-nio-8080-ClientPoller-0" daemon [_thread_in_native, id=8924, stack(0x0000000020f80000,0x0000000021080000)]
  0x000000001e71f000 JavaThread "http-nio-8080-exec-10" daemon [_thread_blocked, id=16024, stack(0x0000000020e80000,0x0000000020f80000)]
  0x000000001e71b000 JavaThread "http-nio-8080-exec-9" daemon [_thread_blocked, id=13372, stack(0x0000000020d80000,0x0000000020e80000)]
  0x000000001e71e000 JavaThread "http-nio-8080-exec-8" daemon [_thread_blocked, id=11988, stack(0x0000000020c80000,0x0000000020d80000)]
  0x000000001e71d800 JavaThread "http-nio-8080-exec-7" daemon [_thread_blocked, id=13452, stack(0x0000000020b80000,0x0000000020c80000)]
  0x000000001e71c800 JavaThread "http-nio-8080-exec-6" daemon [_thread_blocked, id=14284, stack(0x0000000020a80000,0x0000000020b80000)]
  0x000000001e720800 JavaThread "http-nio-8080-exec-5" daemon [_thread_blocked, id=14464, stack(0x0000000020980000,0x0000000020a80000)]
  0x000000001e721000 JavaThread "http-nio-8080-exec-4" daemon [_thread_blocked, id=16052, stack(0x0000000020880000,0x0000000020980000)]
  0x000000001b011000 JavaThread "http-nio-8080-exec-3" daemon [_thread_blocked, id=2104, stack(0x0000000020780000,0x0000000020880000)]
  0x000000001b010800 JavaThread "http-nio-8080-exec-2" daemon [_thread_blocked, id=14344, stack(0x0000000020680000,0x0000000020780000)]
  0x000000001b00f800 JavaThread "http-nio-8080-exec-1" daemon [_thread_blocked, id=10716, stack(0x0000000020580000,0x0000000020680000)]
  0x000000001b00c800 JavaThread "NioBlockingSelector.BlockPoller-1" daemon [_thread_in_native, id=17660, stack(0x0000000020480000,0x0000000020580000)]
  0x000000001b00f000 JavaThread "Live Reload Server" daemon [_thread_in_native, id=15724, stack(0x0000000020180000,0x0000000020280000)]
  0x000000001b00e000 JavaThread "File Watcher" daemon [_thread_blocked, id=9428, stack(0x000000001ff80000,0x0000000020080000)]
  0x000000001b00d800 JavaThread "HikariPool-1 housekeeper" daemon [_thread_blocked, id=12960, stack(0x000000001d7b0000,0x000000001d8b0000)]
  0x000000001b00c000 JavaThread "PostgreSQL-JDBC-SharedTimer-1" daemon [_thread_blocked, id=2608, stack(0x000000001d6b0000,0x000000001d7b0000)]
  0x000000001a91a000 JavaThread "container-0" [_thread_blocked, id=1796, stack(0x000000001d4b0000,0x000000001d5b0000)]
  0x000000001a91b800 JavaThread "ContainerBackgroundProcessor[StandardEngine[Tomcat]]" daemon [_thread_blocked, id=6876, stack(0x000000001d3b0000,0x000000001d4b0000)]
  0x0000000016fd2000 JavaThread "Service Thread" daemon [_thread_blocked, id=15728, stack(0x0000000017cb0000,0x0000000017db0000)]
  0x0000000016f3d800 JavaThread "C1 CompilerThread3" daemon [_thread_blocked, id=4200, stack(0x0000000017bb0000,0x0000000017cb0000)]
  0x0000000016f34800 JavaThread "C2 CompilerThread2" daemon [_thread_blocked, id=17960, stack(0x0000000017ab0000,0x0000000017bb0000)]
  0x0000000016e40800 JavaThread "C2 CompilerThread1" daemon [_thread_blocked, id=9088, stack(0x00000000179b0000,0x0000000017ab0000)]
  0x0000000016e81000 JavaThread "C2 CompilerThread0" daemon [_thread_blocked, id=12592, stack(0x00000000178b0000,0x00000000179b0000)]
  0x0000000016df5800 JavaThread "Thread-4" daemon [_thread_blocked, id=12812, stack(0x00000000175b0000,0x00000000176b0000)]
  0x0000000016df5000 JavaThread "HotSwap Dispatcher" daemon [_thread_blocked, id=14452, stack(0x00000000174b0000,0x00000000175b0000)]
  0x0000000016c84000 JavaThread "HotSwap Watcher" daemon [_thread_blocked, id=13568, stack(0x00000000173b0000,0x00000000174b0000)]
  0x0000000016d75000 JavaThread "Thread-1" daemon [_thread_in_native, id=13516, stack(0x00000000172b0000,0x00000000173b0000)]
  0x000000001596a000 JavaThread "JDWP Command Reader" daemon [_thread_in_native, id=18180, stack(0x00000000165b0000,0x00000000166b0000)]
  0x0000000015969000 JavaThread "JDWP Event Helper Thread" daemon [_thread_blocked, id=16860, stack(0x00000000164b0000,0x00000000165b0000)]
  0x000000001595b800 JavaThread "JDWP Transport Listener: dt_socket" daemon [_thread_blocked, id=17832, stack(0x00000000163b0000,0x00000000164b0000)]
  0x0000000015951000 JavaThread "Attach Listener" daemon [_thread_blocked, id=88, stack(0x0000000015f70000,0x0000000016070000)]
  0x000000001594f000 JavaThread "Signal Dispatcher" daemon [_thread_blocked, id=12860, stack(0x0000000015e70000,0x0000000015f70000)]
  0x0000000015935800 JavaThread "Finalizer" daemon [_thread_blocked, id=2384, stack(0x0000000015c50000,0x0000000015d50000)]
  0x00000000053c5800 JavaThread "Reference Handler" daemon [_thread_blocked, id=17872, stack(0x0000000015b50000,0x0000000015c50000)]

Other Threads:
=>0x00000000053be000 VMThread [stack: 0x0000000015a50000,0x0000000015b50000] [id=14416]
  0x0000000016fd5000 WatcherThread [stack: 0x0000000017db0000,0x0000000017eb0000] [id=3076]

VM state:at safepoint (normal execution)

VM Mutex/Monitor currently owned by a thread:  ([mutex/lock_event])
[0x00000000052d1350] Threads_lock - owner thread: 0x00000000053be000
[0x00000000052d5a70] Heap_lock - owner thread: 0x000000002233a800

Heap:
 def new generation   total 78720K, used 11028K [0x0000000080000000, 0x0000000085560000, 0x00000000aaaa0000)
  eden space 70016K,  11% used [0x0000000080000000, 0x000000008080ca08, 0x0000000084460000)
  from space 8704K,  32% used [0x0000000084ce0000, 0x0000000084f98990, 0x0000000085560000)
  to   space 8704K,   0% used [0x0000000084460000, 0x0000000084460000, 0x0000000084ce0000)
 tenured generation   total 174784K, used 96078K [0x00000000aaaa0000, 0x00000000b5550000, 0x0000000100000000)
   the space 174784K,  54% used [0x00000000aaaa0000, 0x00000000b0873a98, 0x00000000b0873c00, 0x00000000b5550000)
 Metaspace       used 108323K, capacity 114902K, committed 114944K, reserved 1148928K
  class space    used 14601K, capacity 15855K, committed 15872K, reserved 1048576K

Card table byte_map: [0x0000000014990000,0x0000000014da0000] byte_map_base: 0x0000000014590000

Polling page: 0x0000000003750000

CodeCache: size=245760Kb used=9185Kb max_used=30495Kb free=236574Kb
 bounds [0x00000000055d0000, 0x00000000073a0000, 0x00000000145d0000]
 total_blobs=4930 nmethods=4281 adapters=568
 compilation: enabled

Compilation events (10 events):
Event: 691.222 Thread 0x0000000016f3d800 27138       1       org.aspectj.apache.bcel.generic.InstructionList::insert (67 bytes)
Event: 691.222 Thread 0x0000000016f3d800 nmethod 27138 0x0000000006255810 code [0x0000000006255960, 0x0000000006255b50]
Event: 691.222 Thread 0x0000000016f3d800 27133       1       org.aspectj.weaver.Shadow::getThisType (45 bytes)
Event: 691.223 Thread 0x0000000016f3d800 nmethod 27133 0x0000000006255250 code [0x0000000006255400, 0x0000000006255678]
Event: 691.223 Thread 0x0000000016f3d800 27126       1       org.aspectj.util.GenericSignature$ClassTypeSignature::isClassTypeSignature (2 bytes)
Event: 691.223 Thread 0x0000000016f3d800 nmethod 27126 0x0000000006254f90 code [0x00000000062550e0, 0x00000000062551f0]
Event: 691.223 Thread 0x0000000016f3d800 27140       1       org.aspectj.apache.bcel.generic.MethodGen$BranchStack::visited (15 bytes)
Event: 691.223 Thread 0x0000000016f3d800 nmethod 27140 0x0000000006254c50 code [0x0000000006254dc0, 0x0000000006254f28]
Event: 691.252 Thread 0x0000000016f3d800 27151       1       org.hotswap.agent.javassist.bytecode.StringInfo::hashCode (5 bytes)
Event: 691.252 Thread 0x0000000016f3d800 nmethod 27151 0x0000000006254990 code [0x0000000006254ae0, 0x0000000006254bf0]

GC Heap History (10 events):
Event: 635.249 GC heap before
{Heap before GC invocations=82 (full 4):
 def new generation   total 78720K, used 71499K [0x0000000080000000, 0x0000000085560000, 0x00000000aaaa0000)
  eden space 70016K, 100% used [0x0000000080000000, 0x0000000084460000, 0x0000000084460000)
  from space 8704K,  17% used [0x0000000084460000, 0x00000000845d2e58, 0x0000000084ce0000)
  to   space 8704K,   0% used [0x0000000084ce0000, 0x0000000084ce0000, 0x0000000085560000)
 tenured generation   total 174784K, used 96074K [0x00000000aaaa0000, 0x00000000b5550000, 0x0000000100000000)
   the space 174784K,  54% used [0x00000000aaaa0000, 0x00000000b0872af8, 0x00000000b0872c00, 0x00000000b5550000)
 Metaspace       used 106546K, capacity 112990K, committed 113024K, reserved 1146880K
  class space    used 14477K, capacity 15735K, committed 15744K, reserved 1048576K
Event: 635.260 GC heap after
Heap after GC invocations=83 (full 4):
 def new generation   total 78720K, used 2050K [0x0000000080000000, 0x0000000085560000, 0x00000000aaaa0000)
  eden space 70016K,   0% used [0x0000000080000000, 0x0000000080000000, 0x0000000084460000)
  from space 8704K,  23% used [0x0000000084ce0000, 0x0000000084ee0a08, 0x0000000085560000)
  to   space 8704K,   0% used [0x0000000084460000, 0x0000000084460000, 0x0000000084ce0000)
 tenured generation   total 174784K, used 96078K [0x00000000aaaa0000, 0x00000000b5550000, 0x0000000100000000)
   the space 174784K,  54% used [0x00000000aaaa0000, 0x00000000b0873a20, 0x00000000b0873c00, 0x00000000b5550000)
 Metaspace       used 106546K, capacity 112990K, committed 113024K, reserved 1146880K
  class space    used 14477K, capacity 15735K, committed 15744K, reserved 1048576K
}
Event: 636.860 GC heap before
{Heap before GC invocations=83 (full 4):
 def new generation   total 78720K, used 72066K [0x0000000080000000, 0x0000000085560000, 0x00000000aaaa0000)
  eden space 70016K, 100% used [0x0000000080000000, 0x0000000084460000, 0x0000000084460000)
  from space 8704K,  23% used [0x0000000084ce0000, 0x0000000084ee0a08, 0x0000000085560000)
  to   space 8704K,   0% used [0x0000000084460000, 0x0000000084460000, 0x0000000084ce0000)
 tenured generation   total 174784K, used 96078K [0x00000000aaaa0000, 0x00000000b5550000, 0x0000000100000000)
   the space 174784K,  54% used [0x00000000aaaa0000, 0x00000000b0873a20, 0x00000000b0873c00, 0x00000000b5550000)
 Metaspace       used 107046K, capacity 113502K, committed 113536K, reserved 1146880K
  class space    used 14497K, capacity 15735K, committed 15744K, reserved 1048576K
Event: 636.871 GC heap after
Heap after GC invocations=84 (full 4):
 def new generation   total 78720K, used 2504K [0x0000000080000000, 0x0000000085560000, 0x00000000aaaa0000)
  eden space 70016K,   0% used [0x0000000080000000, 0x0000000080000000, 0x0000000084460000)
  from space 8704K,  28% used [0x0000000084460000, 0x00000000846d2178, 0x0000000084ce0000)
  to   space 8704K,   0% used [0x0000000084ce0000, 0x0000000084ce0000, 0x0000000085560000)
 tenured generation   total 174784K, used 96078K [0x00000000aaaa0000, 0x00000000b5550000, 0x0000000100000000)
   the space 174784K,  54% used [0x00000000aaaa0000, 0x00000000b0873a98, 0x00000000b0873c00, 0x00000000b5550000)
 Metaspace       used 107046K, capacity 113502K, committed 113536K, reserved 1146880K
  class space    used 14497K, capacity 15735K, committed 15744K, reserved 1048576K
}
Event: 656.296 GC heap before
{Heap before GC invocations=84 (full 4):
 def new generation   total 78720K, used 72520K [0x0000000080000000, 0x0000000085560000, 0x00000000aaaa0000)
  eden space 70016K, 100% used [0x0000000080000000, 0x0000000084460000, 0x0000000084460000)
  from space 8704K,  28% used [0x0000000084460000, 0x00000000846d2178, 0x0000000084ce0000)
  to   space 8704K,   0% used [0x0000000084ce0000, 0x0000000084ce0000, 0x0000000085560000)
 tenured generation   total 174784K, used 96078K [0x00000000aaaa0000, 0x00000000b5550000, 0x0000000100000000)
   the space 174784K,  54% used [0x00000000aaaa0000, 0x00000000b0873a98, 0x00000000b0873c00, 0x00000000b5550000)
 Metaspace       used 108084K, capacity 114646K, committed 114688K, reserved 1148928K
  class space    used 14592K, capacity 15855K, committed 15872K, reserved 1048576K
Event: 656.308 GC heap after
Heap after GC invocations=85 (full 4):
 def new generation   total 78720K, used 4119K [0x0000000080000000, 0x0000000085560000, 0x00000000aaaa0000)
  eden space 70016K,   0% used [0x0000000080000000, 0x0000000080000000, 0x0000000084460000)
  from space 8704K,  47% used [0x0000000084ce0000, 0x00000000850e5ef8, 0x0000000085560000)
  to   space 8704K,   0% used [0x0000000084460000, 0x0000000084460000, 0x0000000084ce0000)
 tenured generation   total 174784K, used 96078K [0x00000000aaaa0000, 0x00000000b5550000, 0x0000000100000000)
   the space 174784K,  54% used [0x00000000aaaa0000, 0x00000000b0873a98, 0x00000000b0873c00, 0x00000000b5550000)
 Metaspace       used 108084K, capacity 114646K, committed 114688K, reserved 1148928K
  class space    used 14592K, capacity 15855K, committed 15872K, reserved 1048576K
}
Event: 689.621 GC heap before
{Heap before GC invocations=85 (full 4):
 def new generation   total 78720K, used 74135K [0x0000000080000000, 0x0000000085560000, 0x00000000aaaa0000)
  eden space 70016K, 100% used [0x0000000080000000, 0x0000000084460000, 0x0000000084460000)
  from space 8704K,  47% used [0x0000000084ce0000, 0x00000000850e5ef8, 0x0000000085560000)
  to   space 8704K,   0% used [0x0000000084460000, 0x0000000084460000, 0x0000000084ce0000)
 tenured generation   total 174784K, used 96078K [0x00000000aaaa0000, 0x00000000b5550000, 0x0000000100000000)
   the space 174784K,  54% used [0x00000000aaaa0000, 0x00000000b0873a98, 0x00000000b0873c00, 0x00000000b5550000)
 Metaspace       used 108087K, capacity 114646K, committed 114688K, reserved 1148928K
  class space    used 14592K, capacity 15855K, committed 15872K, reserved 1048576K
Event: 689.632 GC heap after
Heap after GC invocations=86 (full 4):
 def new generation   total 78720K, used 1980K [0x0000000080000000, 0x0000000085560000, 0x00000000aaaa0000)
  eden space 70016K,   0% used [0x0000000080000000, 0x0000000080000000, 0x0000000084460000)
  from space 8704K,  22% used [0x0000000084460000, 0x000000008464f370, 0x0000000084ce0000)
  to   space 8704K,   0% used [0x0000000084ce0000, 0x0000000084ce0000, 0x0000000085560000)
 tenured generation   total 174784K, used 96078K [0x00000000aaaa0000, 0x00000000b5550000, 0x0000000100000000)
   the space 174784K,  54% used [0x00000000aaaa0000, 0x00000000b0873a98, 0x00000000b0873c00, 0x00000000b5550000)
 Metaspace       used 108087K, capacity 114646K, committed 114688K, reserved 1148928K
  class space    used 14592K, capacity 15855K, committed 15872K, reserved 1048576K
}
Event: 690.850 GC heap before
{Heap before GC invocations=86 (full 4):
 def new generation   total 78720K, used 71996K [0x0000000080000000, 0x0000000085560000, 0x00000000aaaa0000)
  eden space 70016K, 100% used [0x0000000080000000, 0x0000000084460000, 0x0000000084460000)
  from space 8704K,  22% used [0x0000000084460000, 0x000000008464f370, 0x0000000084ce0000)
  to   space 8704K,   0% used [0x0000000084ce0000, 0x0000000084ce0000, 0x0000000085560000)
 tenured generation   total 174784K, used 96078K [0x00000000aaaa0000, 0x00000000b5550000, 0x0000000100000000)
   the space 174784K,  54% used [0x00000000aaaa0000, 0x00000000b0873a98, 0x00000000b0873c00, 0x00000000b5550000)
 Metaspace       used 108256K, capacity 114838K, committed 114944K, reserved 1148928K
  class space    used 14597K, capacity 15855K, committed 15872K, reserved 1048576K
Event: 690.859 GC heap after
Heap after GC invocations=87 (full 4):
 def new generation   total 78720K, used 2786K [0x0000000080000000, 0x0000000085560000, 0x00000000aaaa0000)
  eden space 70016K,   0% used [0x0000000080000000, 0x0000000080000000, 0x0000000084460000)
  from space 8704K,  32% used [0x0000000084ce0000, 0x0000000084f98990, 0x0000000085560000)
  to   space 8704K,   0% used [0x0000000084460000, 0x0000000084460000, 0x0000000084ce0000)
 tenured generation   total 174784K, used 96078K [0x00000000aaaa0000, 0x00000000b5550000, 0x0000000100000000)
   the space 174784K,  54% used [0x00000000aaaa0000, 0x00000000b0873a98, 0x00000000b0873c00, 0x00000000b5550000)
 Metaspace       used 108256K, capacity 114838K, committed 114944K, reserved 1148928K
  class space    used 14597K, capacity 15855K, committed 15872K, reserved 1048576K
}

Deoptimization events (0 events):
No events

Internal exceptions (10 events):
Event: 639.890 Thread 0x000000001b00f800 Exception <a 'java/lang/NullPointerException'> (0x0000000081babe28) thrown at [C:\Jenkins\workspace\DCEVM-8u152\jdk\JDK1.8.0_152-x64\k\product\oops\nocompressed\slave\dcevm-win\hotspot\src\share\vm\interpreter\linkResolver.cpp, line 1197]
Event: 642.554 Thread 0x000000001e720800 Exception <a 'java/lang/NullPointerException'> (0x00000000823864b0) thrown at [C:\Jenkins\workspace\DCEVM-8u152\jdk\JDK1.8.0_152-x64\k\product\oops\nocompressed\slave\dcevm-win\hotspot\src\share\vm\interpreter\linkResolver.cpp, line 1197]
Event: 642.560 Thread 0x000000001e720800 Exception <a 'java/lang/NullPointerException'> (0x00000000823c4620) thrown at [C:\Jenkins\workspace\DCEVM-8u152\jdk\JDK1.8.0_152-x64\k\product\oops\nocompressed\slave\dcevm-win\hotspot\src\share\vm\interpreter\linkResolver.cpp, line 1197]
Event: 642.560 Thread 0x000000001e720800 Exception <a 'java/lang/NullPointerException'> (0x00000000823ca3c8) thrown at [C:\Jenkins\workspace\DCEVM-8u152\jdk\JDK1.8.0_152-x64\k\product\oops\nocompressed\slave\dcevm-win\hotspot\src\share\vm\interpreter\linkResolver.cpp, line 1197]
Event: 642.563 Thread 0x000000001e720800 Exception <a 'java/lang/ArrayIndexOutOfBoundsException': 1> (0x00000000823d9020) thrown at [C:\Jenkins\workspace\DCEVM-8u152\jdk\JDK1.8.0_152-x64\k\product\oops\nocompressed\slave\dcevm-win\hotspot\src\share\vm\interpreter\interpreterRuntime.cpp, line 366
Event: 642.564 Thread 0x000000001e720800 Exception <a 'java/lang/reflect/InvocationTargetException'> (0x00000000823d97e0) thrown at [C:\Jenkins\workspace\DCEVM-8u152\jdk\JDK1.8.0_152-x64\k\product\oops\nocompressed\slave\dcevm-win\hotspot\src\share\vm\runtime\reflection.cpp, line 1098]
Event: 642.609 Thread 0x000000001e720800 Exception <a 'java/io/FileNotFoundException'> (0x0000000082a9e2b0) thrown at [C:\Jenkins\workspace\DCEVM-8u152\jdk\JDK1.8.0_152-x64\k\product\oops\nocompressed\slave\dcevm-win\hotspot\src\share\vm\prims\jni.cpp, line 710]
Event: 642.609 Thread 0x000000001e720800 Exception <a 'java/io/FileNotFoundException'> (0x0000000082a9f318) thrown at [C:\Jenkins\workspace\DCEVM-8u152\jdk\JDK1.8.0_152-x64\k\product\oops\nocompressed\slave\dcevm-win\hotspot\src\share\vm\prims\jni.cpp, line 710]
Event: 643.389 Thread 0x000000001e71e000 Exception <a 'java/lang/ArrayIndexOutOfBoundsException': 1> (0x000000008310c7a8) thrown at [C:\Jenkins\workspace\DCEVM-8u152\jdk\JDK1.8.0_152-x64\k\product\oops\nocompressed\slave\dcevm-win\hotspot\src\share\vm\interpreter\interpreterRuntime.cpp, line 366
Event: 643.389 Thread 0x000000001e71e000 Exception <a 'java/lang/reflect/InvocationTargetException'> (0x000000008310cf68) thrown at [C:\Jenkins\workspace\DCEVM-8u152\jdk\JDK1.8.0_152-x64\k\product\oops\nocompressed\slave\dcevm-win\hotspot\src\share\vm\runtime\reflection.cpp, line 1098]

Events (10 events):
Event: 691.251 Thread 0x000000001b00e000 DEOPT UNPACKING pc=0x00000000056175bf sp=0x000000002007e978 mode 1
Event: 691.251 Thread 0x0000000022055000 Thread exited: 0x0000000022055000
Event: 691.251 Thread 0x000000001b00e000 DEOPT PACKING pc=0x000000000588189c sp=0x000000002007ecb0
Event: 691.251 Thread 0x000000001b00e000 DEOPT UNPACKING pc=0x00000000056175bf sp=0x000000002007e9f0 mode 1
Event: 691.251 Thread 0x0000000022017800 Thread exited: 0x0000000022017800
Event: 691.251 loading class org/zeroturnaround/javarebel$Integration
Event: 691.251 loading class org/zeroturnaround/javarebel$Integration done
Event: 691.251 Thread 0x000000001b00e000 DEOPT PACKING pc=0x0000000005abd809 sp=0x000000002007e860
Event: 691.251 Thread 0x000000001b00e000 DEOPT UNPACKING pc=0x00000000056175bf sp=0x000000002007e5b0 mode 1
Event: 691.254 Executing VM operation: RedefineClasses


Dynamic libraries:
0x00007ff7132c0000 - 0x00007ff7132f7000 	C:\Program Files\Java\jdk1.8.0_152\bin\javaw.exe
0x00007ff989ae0000 - 0x00007ff989cc0000 	C:\Windows\SYSTEM32\ntdll.dll
0x00007ff989890000 - 0x00007ff98993e000 	C:\Windows\System32\KERNEL32.DLL
0x00007ff986420000 - 0x00007ff986686000 	C:\Windows\System32\KERNELBASE.dll
0x00007ff9876f0000 - 0x00007ff987791000 	C:\Windows\System32\ADVAPI32.dll
0x00007ff9877a0000 - 0x00007ff98783d000 	C:\Windows\System32\msvcrt.dll
0x00007ff989940000 - 0x00007ff98999b000 	C:\Windows\System32\sechost.dll
0x00007ff987100000 - 0x00007ff98721f000 	C:\Windows\System32\RPCRT4.dll
0x00007ff9896d0000 - 0x00007ff98985f000 	C:\Windows\System32\USER32.dll
0x00007ff986f90000 - 0x00007ff986fb0000 	C:\Windows\System32\win32u.dll
0x00007ff989860000 - 0x00007ff989888000 	C:\Windows\System32\GDI32.dll
0x00007ff986280000 - 0x00007ff986413000 	C:\Windows\System32\gdi32full.dll
0x00007ff986180000 - 0x00007ff98621b000 	C:\Windows\System32\msvcp_win.dll
0x00007ff986740000 - 0x00007ff986835000 	C:\Windows\System32\ucrtbase.dll
0x00007ff9750a0000 - 0x00007ff975309000 	C:\Windows\WinSxS\amd64_microsoft.windows.common-controls_6595b64144ccf1df_6.0.16299.611_none_15c7d8029365981f\COMCTL32.dll
0x00007ff987d00000 - 0x00007ff988007000 	C:\Windows\System32\combase.dll
0x00007ff986100000 - 0x00007ff986172000 	C:\Windows\System32\bcryptPrimitives.dll
0x00007ff987840000 - 0x00007ff98786d000 	C:\Windows\System32\IMM32.DLL
0x00000000549e0000 - 0x0000000054ab2000 	C:\Program Files\Java\jdk1.8.0_152\jre\bin\msvcr100.dll
0x0000000054180000 - 0x00000000549d1000 	C:\Program Files\Java\jdk1.8.0_152\jre\bin\dcevm\jvm.dll
0x00007ff988010000 - 0x00007ff988018000 	C:\Windows\System32\PSAPI.DLL
0x00007ff9736b0000 - 0x00007ff9736b9000 	C:\Windows\SYSTEM32\WSOCK32.dll
0x00007ff9806e0000 - 0x00007ff9806ea000 	C:\Windows\SYSTEM32\VERSION.dll
0x00007ff982b20000 - 0x00007ff982b43000 	C:\Windows\SYSTEM32\WINMM.dll
0x00007ff989660000 - 0x00007ff9896cc000 	C:\Windows\System32\WS2_32.dll
0x00007ff9827b0000 - 0x00007ff9827da000 	C:\Windows\SYSTEM32\WINMMBASE.dll
0x00007ff985ee0000 - 0x00007ff985f2a000 	C:\Windows\System32\cfgmgr32.dll
0x0000000054170000 - 0x000000005417f000 	C:\Program Files\Java\jdk1.8.0_152\jre\bin\verify.dll
0x0000000054140000 - 0x0000000054169000 	C:\Program Files\Java\jdk1.8.0_152\jre\bin\java.dll
0x0000000054100000 - 0x0000000054135000 	C:\Program Files\Java\jdk1.8.0_152\jre\bin\jdwp.dll
0x00000000540f0000 - 0x00000000540f8000 	C:\Program Files\Java\jdk1.8.0_152\jre\bin\npt.dll
0x00000000540c0000 - 0x00000000540e3000 	C:\Program Files\Java\jdk1.8.0_152\jre\bin\instrument.dll
0x00000000540a0000 - 0x00000000540b6000 	C:\Program Files\Java\jdk1.8.0_152\jre\bin\zip.dll
0x00007ff988220000 - 0x00007ff989658000 	C:\Windows\System32\SHELL32.dll
0x00007ff9899a0000 - 0x00007ff989a46000 	C:\Windows\System32\shcore.dll
0x00007ff986840000 - 0x00007ff986f87000 	C:\Windows\System32\windows.storage.dll
0x00007ff987980000 - 0x00007ff9879d1000 	C:\Windows\System32\shlwapi.dll
0x00007ff985e70000 - 0x00007ff985e81000 	C:\Windows\System32\kernel.appcore.dll
0x00007ff985e90000 - 0x00007ff985edc000 	C:\Windows\System32\powrprof.dll
0x00007ff985e50000 - 0x00007ff985e6b000 	C:\Windows\System32\profapi.dll
0x0000000054090000 - 0x0000000054099000 	C:\Program Files\Java\jdk1.8.0_152\jre\bin\dt_socket.dll
0x00007ff968480000 - 0x00007ff968496000 	C:\Windows\system32\napinsp.dll
0x00007ff967d10000 - 0x00007ff967d2a000 	C:\Windows\system32\pnrpnsp.dll
0x00007ff97f4f0000 - 0x00007ff97f508000 	C:\Windows\system32\NLAapi.dll
0x00007ff9856c0000 - 0x00007ff985726000 	C:\Windows\System32\mswsock.dll
0x00007ff985490000 - 0x00007ff985546000 	C:\Windows\SYSTEM32\DNSAPI.dll
0x00007ff988210000 - 0x00007ff988218000 	C:\Windows\System32\NSI.dll
0x00007ff985450000 - 0x00007ff985489000 	C:\Windows\SYSTEM32\IPHLPAPI.DLL
0x00007ff968470000 - 0x00007ff96847e000 	C:\Windows\System32\winrnr.dll
0x00007ff95d5f0000 - 0x00007ff95d605000 	C:\Windows\System32\wshbth.dll
0x00007ff977ac0000 - 0x00007ff977b30000 	C:\Windows\System32\fwpuclnt.dll
0x00007ff985990000 - 0x00007ff9859b5000 	C:\Windows\SYSTEM32\bcrypt.dll
0x00007ff977a80000 - 0x00007ff977a8a000 	C:\Windows\System32\rasadhlp.dll
0x0000000054070000 - 0x000000005408a000 	C:\Program Files\Java\jdk1.8.0_152\jre\bin\net.dll
0x0000000054050000 - 0x0000000054061000 	C:\Program Files\Java\jdk1.8.0_152\jre\bin\nio.dll
0x0000000054040000 - 0x000000005404d000 	C:\Program Files\Java\jdk1.8.0_152\jre\bin\management.dll
0x00007ff985880000 - 0x00007ff985897000 	C:\Windows\SYSTEM32\CRYPTSP.dll
0x00007ff9852c0000 - 0x00007ff9852f3000 	C:\Windows\system32\rsaenh.dll
0x00007ff985d60000 - 0x00007ff985d89000 	C:\Windows\SYSTEM32\USERENV.dll
0x00007ff9858a0000 - 0x00007ff9858ab000 	C:\Windows\SYSTEM32\CRYPTBASE.dll
0x00007ff97e520000 - 0x00007ff97e536000 	C:\Windows\SYSTEM32\dhcpcsvc6.DLL
0x00007ff97eb30000 - 0x00007ff97eb4a000 	C:\Windows\SYSTEM32\dhcpcsvc.DLL
0x00000000534c0000 - 0x0000000053658000 	C:\Program Files\Java\jdk1.8.0_152\jre\bin\awt.dll
0x00007ff988020000 - 0x00007ff9880e5000 	C:\Windows\System32\OLEAUT32.dll
0x00007ff9842c0000 - 0x00007ff984348000 	C:\Windows\SYSTEM32\apphelp.dll
0x0000000054010000 - 0x0000000054034000 	C:\Program Files\Java\jdk1.8.0_152\jre\bin\sunec.dll
0x00007ff97ec30000 - 0x00007ff97edf8000 	C:\Windows\SYSTEM32\dbghelp.dll

VM Arguments:
jvm_args: -agentlib:jdwp=transport=dt_socket,suspend=y,address=localhost:59201 -javaagent:C:/Users/andi/.m2/repository/org/springframework/spring-instrument/5.0.6.RELEASE/spring-instrument-5.0.6.RELEASE.jar -javaagent:C:/Users/andi/.m2/repository/org/aspectj/aspectjweaver/1.8.13/aspectjweaver-1.8.13.jar -javaagent:C:/Users/andi/Documents/develop/hotswap-agent-core-1.3.0.jar=autoHotswap=true -Xms256m -Xmx2G -Dsun.java2d.cmm=sun.java2d.cmm.kcms.KcmsServiceProvider -Xverify:none -XX:TieredStopAtLevel=1 -Dfile.encoding=UTF-8 
java_command: com.patho.main.PathoFrohApplication
java_class_path (initial): C:\Program Files\Java\jdk1.8.0_152\jre\lib\resources.jar;C:\Program Files\Java\jdk1.8.0_152\jre\lib\rt.jar;C:\Program Files\Java\jdk1.8.0_152\jre\lib\jsse.jar;C:\Program Files\Java\jdk1.8.0_152\jre\lib\jce.jar;C:\Program Files\Java\jdk1.8.0_152\jre\lib\charsets.jar;C:\Program Files\Java\jdk1.8.0_152\jre\lib\jfr.jar;C:\Program Files\Java\jdk1.8.0_152\jre\lib\ext\access-bridge-64.jar;C:\Program Files\Java\jdk1.8.0_152\jre\lib\ext\cldrdata.jar;C:\Program Files\Java\jdk1.8.0_152\jre\lib\ext\dnsns.jar;C:\Program Files\Java\jdk1.8.0_152\jre\lib\ext\jaccess.jar;C:\Program Files\Java\jdk1.8.0_152\jre\lib\ext\jfxrt.jar;C:\Program Files\Java\jdk1.8.0_152\jre\lib\ext\localedata.jar;C:\Program Files\Java\jdk1.8.0_152\jre\lib\ext\nashorn.jar;C:\Program Files\Java\jdk1.8.0_152\jre\lib\ext\sunec.jar;C:\Program Files\Java\jdk1.8.0_152\jre\lib\ext\sunjce_provider.jar;C:\Program Files\Java\jdk1.8.0_152\jre\lib\ext\sunmscapi.jar;C:\Program Files\Java\jdk1.8.0_152\jre\lib\ext\sunpkcs11.jar;C:\Program Files\Java\jdk1.8.0_152\jre\lib\ext\zipfs.jar;C:\Users\andi\eclipse-workspace\PathoFroh\target\classes;C:\Users\andi\.m2\repository\org\springframework\boot\spring-boot-starter\2.0.2.RELEASE\spring-boot-starter-2.0.2.RELEASE.jar;C:\Users\andi\.m2\repository\org\springframework\boot\spring-boot\2.0.2.RELEASE\spring-boot-2.0.2.RELEASE.jar;C:\Users\andi\.m2\repository\org\springframework\boot\spring-boot-autoconfigure\2.0.2.RELEASE\spring-boot-autoconfigure-2.0.2.RELEASE.jar;C:\Users\andi\.m2\repository\org\springframework\boot\spring-boot-starter-logging\2.0.2.RELEASE\spring-boot-starter-logging-2.0.2.RELEASE.jar;C:\Users\andi\.m2\repository\ch\qos\logback\logback-classic\1.2.3\logback-classic-1.2.3.jar;C:\Users\andi\.m2\repository\ch\qos\logback\logback-core\1.2.3\logback-core-1.2.3.jar;C:\Users\andi\.m2\repository\org\apache\logging\log4j\log4j-to-slf4j\2.10.0\log4j-to-slf4j-2.10.0.jar;C:\Users\andi\.m2\repository\org\apache\logging\log4j\log4j-api\2.10.0\log4j
Launcher Type: SUN_STANDARD

Environment Variables:
PATH=C:\Program Files\Java\jdk1.8.0_152\jre\bin;C:/Program Files/Java/jre1.8.0_181/bin/server;C:/Program Files/Java/jre1.8.0_181/bin;C:/Program Files/Java/jre1.8.0_181/lib/amd64;C:\Program Files (x86)\Common Files\Oracle\Java\javapath;C:\ProgramData\Oracle\Java\javapath;C:\Program Files (x86)\Intel\iCLS Client\;C:\Program Files\Intel\iCLS Client\;C:\Windows\system32;C:\Windows;C:\Windows\System32\Wbem;C:\Windows\System32\WindowsPowerShell\v1.0\;C:\Program Files (x86)\NVIDIA Corporation\PhysX\Common;C:\Program Files\Intel\Intel(R) Management Engine Components\DAL;C:\Program Files (x86)\Intel\Intel(R) Management Engine Components\DAL;C:\Program Files\Intel\Intel(R) Management Engine Components\IPT;C:\Program Files (x86)\Intel\Intel(R) Management Engine Components\IPT;C:\Program Files\Git\cmd;C:\Program Files\TortoiseGit\bin;C:\Program Files\Intel\WiFi\bin\;C:\Program Files\Common Files\Intel\WirelessCommon\;C:\Program Files\MiKTeX 2.9\miktex\bin\x64\;C:\Program Files\nodejs\;C:\Program Files\Calibre2\;C:\Users\andi\AppData\Local\Microsoft\WindowsApps;C:\Program Files\Intel\WiFi\bin\;C:\Program Files\Common Files\Intel\WirelessCommon\;C:\Users\andi\AppData\Roaming\npm;C:\Users\andi\Documents\develop\eclipse;
USERNAME=andi
OS=Windows_NT
PROCESSOR_IDENTIFIER=Intel64 Family 6 Model 60 Stepping 3, GenuineIntel



---------------  S Y S T E M  ---------------

OS: Windows 10.0 , 64 bit Build 16299 (10.0.16299.431)

CPU:total 8 (initial active 8) (4 cores per cpu, 2 threads per core) family 6 model 60 stepping 3, cmov, cx8, fxsr, mmx, sse, sse2, sse3, ssse3, sse4.1, sse4.2, popcnt, avx, avx2, aes, clmul, erms, lzcnt, ht, tsc, tscinvbit, bmi1, bmi2

Memory: 4k page, physical 8271256k(1158836k free), swap 13409532k(1960288k free)

vm_info: Dynamic Code Evolution 64-Bit Server VM (25.71-b01-dcevmlight-30) for windows-amd64 JRE (1.8.0), built on Feb 14 2018 07:21:37 by "Administrator" with MS VC++ 10.0 (VS2010)

time: Sat Sep 01 15:58:51 2018
elapsed time: 691 seconds (0d 0h 11m 31s)

