#
# A fatal error has been detected by the Java Runtime Environment:
#
#  EXCEPTION_ACCESS_VIOLATION (0xc0000005) at pc=0x0000000072a527bd, pid=12760, tid=0x0000000000000a04
#
# JRE version: Java(TM) SE Runtime Environment (8.0_152-b16) (build 1.8.0_152-b16)
# Java VM: Dynamic Code Evolution 64-Bit Server VM (25.71-b01-dcevmlight-30 mixed mode windows-amd64 compressed oops)
# Problematic frame:
# V  [jvm.dll+0xd27bd]
#
# Failed to write core dump. Minidumps are not enabled by default on client versions of Windows
#
# If you would like to submit a bug report, please visit:
#   https://github.com/dcevm/dcevm/issues
#

---------------  T H R E A D  ---------------

Current thread (0x000000000529e000):  VMThread [stack: 0x00000000158d0000,0x00000000159d0000] [id=2564]

siginfo: ExceptionCode=0xc0000005, reading address 0x0000000000000010

Registers:
RAX=0x00000000000000ff, RBX=0x0000000000000e00, RCX=0x0000000000000000, RDX=0x0000000000000000
RSP=0x00000000159cf010, RBP=0x00000000159cf140, RSI=0x0000000000000e00, RDI=0x0000000022eeefb0
R8 =0x0000000015794870, R9 =0x0000000000000003, R10=0x0000000000000003, R11=0x0000000022eef322
R12=0x00000000159cf1d0, R13=0x00000000159cf1c0, R14=0x0000000000000000, R15=0x0000000000000000
RIP=0x0000000072a527bd, EFLAGS=0x0000000000010202

Top of Stack: (sp=0x00000000159cf010)
0x00000000159cf010:   00000000000000b5 00000000159cf140
0x00000000159cf020:   00000000000000b5 00000000732020da
0x00000000159cf030:   0000000000000000 0000000072b371d0
0x00000000159cf040:   0000000000000000 00000000000000b5
0x00000000159cf050:   0000000000dfd418 00000000732020da
0x00000000159cf060:   0000000000000000 00000000732020da
0x00000000159cf070:   000000000529f440 0000000073234e7e
0x00000000159cf080:   0000000000dfd418 0000000073205695
0x00000000159cf090:   00000000159cf3f0 00000000732020da
0x00000000159cf0a0:   0000000000000000 00000000ffffffd9
0x00000000159cf0b0:   0000000000000027 00000000732338a8
0x00000000159cf0c0:   00000000159cf5a8 00000000159cf1c0
0x00000000159cf0d0:   00000000159cf3f0 000000007321d79a
0x00000000159cf0e0:   000000000529f440 0000000073234e7e
0x00000000159cf0f0:   00000000159cf5a8 0000000073205695
0x00000000159cf100:   ffffffff00000027 0000000000000027 

Instructions: (pc=0x0000000072a527bd)
0x0000000072a5279d:   0f b7 d8 48 63 c3 0f b7 44 c7 50 48 8b 44 c7 50
0x0000000072a527ad:   48 89 44 24 30 f6 d0 48 8b 4c 24 30 a8 01 74 0f
0x0000000072a527bd:   48 8b 41 10 48 8b 5c 24 38 48 83 c4 20 5f c3 48
0x0000000072a527cd:   8b 5c 24 38 48 83 e1 fe 48 8b c1 48 83 c4 20 5f 


Register to memory mapping:

RAX=0x00000000000000ff is an unknown value
RBX=0x0000000000000e00 is an unknown value
RCX=0x0000000000000000 is an unknown value
RDX=0x0000000000000000 is an unknown value
RSP=0x00000000159cf010 is an unknown value
RBP=0x00000000159cf140 is an unknown value
RSI=0x0000000000000e00 is an unknown value
RDI=0x0000000022eeefb0 is pointing into metadata
R8 =0x0000000015794870 is an unknown value
R9 =0x0000000000000003 is an unknown value
R10=0x0000000000000003 is an unknown value
R11=0x0000000022eef322 is pointing into metadata
R12=0x00000000159cf1d0 is an unknown value
R13=0x00000000159cf1c0 is an unknown value
R14=0x0000000000000000 is an unknown value
R15=0x0000000000000000 is an unknown value


Stack: [0x00000000158d0000,0x00000000159d0000],  sp=0x00000000159cf010,  free space=1020k
Native frames: (J=compiled Java code, j=interpreted, Vv=VM code, C=native code)
V  [jvm.dll+0xd27bd]
V  [jvm.dll+0x1b71d0]
V  [jvm.dll+0x1b8122]
V  [jvm.dll+0x1a9e55]
V  [jvm.dll+0x1af00f]
V  [jvm.dll+0x1afc6a]
V  [jvm.dll+0x22caf7]
V  [jvm.dll+0x22bdb2]
V  [jvm.dll+0x22c231]
V  [jvm.dll+0x22c44e]
V  [jvm.dll+0x2767ea]
C  [msvcr100.dll+0x21d9f]
C  [msvcr100.dll+0x21e3b]
C  [KERNEL32.DLL+0x11fe4]
C  [ntdll.dll+0x6cb31]

VM_Operation (0x000000001632f140): RedefineClasses, mode: safepoint, requested by thread 0x00000000157da000


---------------  P R O C E S S  ---------------

Java Threads: ( => current thread )
  0x000000001e3ce000 JavaThread "Thread-956" daemon [_thread_blocked, id=5300, stack(0x000000005c300000,0x000000005c400000)]
  0x000000001e3cc800 JavaThread "DestroyJavaVM" [_thread_blocked, id=10156, stack(0x00000000050b0000,0x00000000051b0000)]
  0x000000001e3cb800 JavaThread "http-nio-8080-AsyncTimeout" daemon [_thread_blocked, id=12776, stack(0x0000000020f00000,0x0000000021000000)]
  0x000000001e3cb000 JavaThread "http-nio-8080-Acceptor-0" daemon [_thread_in_native, id=9828, stack(0x0000000020e00000,0x0000000020f00000)]
  0x000000001e3ca000 JavaThread "http-nio-8080-ClientPoller-1" daemon [_thread_in_native, id=10044, stack(0x0000000020d00000,0x0000000020e00000)]
  0x000000001e3c2000 JavaThread "http-nio-8080-ClientPoller-0" daemon [_thread_in_native, id=2072, stack(0x0000000020c00000,0x0000000020d00000)]
  0x000000001e3c1000 JavaThread "http-nio-8080-exec-10" daemon [_thread_blocked, id=11296, stack(0x0000000020b00000,0x0000000020c00000)]
  0x000000001e3c8000 JavaThread "http-nio-8080-exec-9" daemon [_thread_blocked, id=9304, stack(0x0000000020a00000,0x0000000020b00000)]
  0x000000001e3c0800 JavaThread "http-nio-8080-exec-8" daemon [_thread_blocked, id=6840, stack(0x0000000020900000,0x0000000020a00000)]
  0x000000001e3c5800 JavaThread "http-nio-8080-exec-7" daemon [_thread_blocked, id=3660, stack(0x0000000020800000,0x0000000020900000)]
  0x000000001e3c2800 JavaThread "http-nio-8080-exec-6" daemon [_thread_blocked, id=6252, stack(0x0000000020700000,0x0000000020800000)]
  0x000000001e3c4000 JavaThread "http-nio-8080-exec-5" daemon [_thread_blocked, id=10236, stack(0x0000000020600000,0x0000000020700000)]
  0x000000001e3c3800 JavaThread "http-nio-8080-exec-4" daemon [_thread_blocked, id=7936, stack(0x0000000020500000,0x0000000020600000)]
  0x000000001e3c6800 JavaThread "http-nio-8080-exec-3" daemon [_thread_blocked, id=4792, stack(0x0000000020400000,0x0000000020500000)]
  0x000000001e3c7000 JavaThread "http-nio-8080-exec-2" daemon [_thread_blocked, id=7604, stack(0x0000000020300000,0x0000000020400000)]
  0x000000001e3c5000 JavaThread "http-nio-8080-exec-1" daemon [_thread_blocked, id=1860, stack(0x0000000020200000,0x0000000020300000)]
  0x000000001a85c800 JavaThread "NioBlockingSelector.BlockPoller-1" daemon [_thread_in_native, id=7040, stack(0x0000000020100000,0x0000000020200000)]
  0x000000001a85c000 JavaThread "Live Reload Server" daemon [_thread_in_native, id=10384, stack(0x0000000020000000,0x0000000020100000)]
  0x000000001a858000 JavaThread "File Watcher" daemon [_thread_blocked, id=5328, stack(0x000000001fe00000,0x000000001ff00000)]
  0x000000001a85e000 JavaThread "HikariPool-1 housekeeper" daemon [_thread_blocked, id=14604, stack(0x000000001d430000,0x000000001d530000)]
  0x000000001a859800 JavaThread "PostgreSQL-JDBC-SharedTimer-1" daemon [_thread_blocked, id=6832, stack(0x000000001d330000,0x000000001d430000)]
  0x000000001a859000 JavaThread "container-0" [_thread_blocked, id=1100, stack(0x000000001d130000,0x000000001d230000)]
  0x000000001a85b000 JavaThread "ContainerBackgroundProcessor[StandardEngine[Tomcat]]" daemon [_thread_blocked, id=3564, stack(0x000000001d030000,0x000000001d130000)]
  0x0000000016e59000 JavaThread "Service Thread" daemon [_thread_blocked, id=7544, stack(0x0000000017b30000,0x0000000017c30000)]
  0x0000000016da9000 JavaThread "C1 CompilerThread3" daemon [_thread_blocked, id=3852, stack(0x0000000017a30000,0x0000000017b30000)]
  0x0000000016da6800 JavaThread "C2 CompilerThread2" daemon [_thread_blocked, id=13316, stack(0x0000000017930000,0x0000000017a30000)]
  0x0000000016da5800 JavaThread "C2 CompilerThread1" daemon [_thread_blocked, id=11756, stack(0x0000000017830000,0x0000000017930000)]
  0x0000000016de1800 JavaThread "C2 CompilerThread0" daemon [_thread_blocked, id=800, stack(0x0000000017730000,0x0000000017830000)]
  0x0000000016cbd800 JavaThread "Thread-4" daemon [_thread_blocked, id=15148, stack(0x0000000017430000,0x0000000017530000)]
  0x0000000016b09800 JavaThread "HotSwap Dispatcher" daemon [_thread_blocked, id=12084, stack(0x0000000017330000,0x0000000017430000)]
  0x0000000016bf3800 JavaThread "HotSwap Watcher" daemon [_thread_blocked, id=10660, stack(0x0000000017230000,0x0000000017330000)]
  0x0000000016b44800 JavaThread "Thread-1" daemon [_thread_in_native, id=14876, stack(0x0000000017130000,0x0000000017230000)]
  0x00000000157eb000 JavaThread "JDWP Command Reader" daemon [_thread_in_native, id=13292, stack(0x0000000016430000,0x0000000016530000)]
  0x00000000157e8000 JavaThread "JDWP Event Helper Thread" daemon [_thread_blocked, id=11992, stack(0x0000000016330000,0x0000000016430000)]
  0x00000000157da000 JavaThread "JDWP Transport Listener: dt_socket" daemon [_thread_blocked, id=6856, stack(0x0000000016230000,0x0000000016330000)]
  0x00000000157cf800 JavaThread "Attach Listener" daemon [_thread_blocked, id=3832, stack(0x0000000015df0000,0x0000000015ef0000)]
  0x00000000157cd800 JavaThread "Signal Dispatcher" daemon [_thread_blocked, id=14600, stack(0x0000000015cf0000,0x0000000015df0000)]
  0x00000000157b5800 JavaThread "Finalizer" daemon [_thread_blocked, id=12588, stack(0x0000000015ad0000,0x0000000015bd0000)]
  0x00000000052a5800 JavaThread "Reference Handler" daemon [_thread_blocked, id=11448, stack(0x00000000159d0000,0x0000000015ad0000)]

Other Threads:
=>0x000000000529e000 VMThread [stack: 0x00000000158d0000,0x00000000159d0000] [id=2564]
  0x0000000016f66000 WatcherThread [stack: 0x0000000017c30000,0x0000000017d30000] [id=13320]

VM state:at safepoint (normal execution)

VM Mutex/Monitor currently owned by a thread:  ([mutex/lock_event])
[0x00000000051b16d0] Threads_lock - owner thread: 0x000000000529e000
[0x00000000051b5cf0] Heap_lock - owner thread: 0x00000000157da000

Heap:
 def new generation   total 78720K, used 38664K [0x0000000080000000, 0x0000000085560000, 0x00000000aaaa0000)
  eden space 70016K,  51% used [0x0000000080000000, 0x000000008235a0b8, 0x0000000084460000)
  from space 8704K,  28% used [0x0000000084ce0000, 0x0000000084f48290, 0x0000000085560000)
  to   space 8704K,   0% used [0x0000000084460000, 0x0000000084460000, 0x0000000084ce0000)
 tenured generation   total 174784K, used 96881K [0x00000000aaaa0000, 0x00000000b5550000, 0x0000000100000000)
   the space 174784K,  55% used [0x00000000aaaa0000, 0x00000000b093c748, 0x00000000b093c800, 0x00000000b5550000)
 Metaspace       used 107472K, capacity 114454K, committed 114688K, reserved 1148928K
  class space    used 14559K, capacity 15849K, committed 15872K, reserved 1048576K

Card table byte_map: [0x0000000014810000,0x0000000014c20000] byte_map_base: 0x0000000014410000

Polling page: 0x0000000003730000

CodeCache: size=245760Kb used=7406Kb max_used=34764Kb free=238353Kb
 bounds [0x0000000005450000, 0x0000000007650000, 0x0000000014450000]
 total_blobs=4285 nmethods=3640 adapters=563
 compilation: enabled

Compilation events (10 events):
Event: 515.911 Thread 0x0000000016da9000 nmethod 31671 0x0000000005762850 code [0x00000000057629a0, 0x0000000005762ab0]
Event: 515.911 Thread 0x0000000016da9000 31775       1       java.lang.StringBuilder::append (9 bytes)
Event: 515.911 Thread 0x0000000016da9000 nmethod 31775 0x0000000005762490 code [0x0000000005762600, 0x0000000005762798]
Event: 515.911 Thread 0x0000000016da9000 31784       1       sun.reflect.UTF8::utf8Length (81 bytes)
Event: 515.911 Thread 0x0000000016da9000 nmethod 31784 0x0000000005761ed0 code [0x0000000005762040, 0x0000000005762268]
Event: 515.911 Thread 0x0000000016da9000 31783       1       org.hotswap.agent.javassist.CtClass::getName (5 bytes)
Event: 515.911 Thread 0x0000000016da9000 nmethod 31783 0x0000000005761c10 code [0x0000000005761d60, 0x0000000005761e70]
Event: 515.911 Thread 0x0000000016da9000 31778       1       java.lang.String::codePointAt (36 bytes)
Event: 515.911 Thread 0x0000000016da9000 nmethod 31778 0x0000000005761790 code [0x0000000005761920, 0x0000000005761af8]
Event: 515.911 Thread 0x0000000016da9000 31786   !   1       java.net.URL::<init> (543 bytes)

GC Heap History (10 events):
Event: 377.476 GC heap before
{Heap before GC invocations=78 (full 4):
 def new generation   total 78720K, used 73866K [0x0000000080000000, 0x0000000085560000, 0x00000000aaaa0000)
  eden space 70016K, 100% used [0x0000000080000000, 0x0000000084460000, 0x0000000084460000)
  from space 8704K,  44% used [0x0000000084460000, 0x0000000084822b40, 0x0000000084ce0000)
  to   space 8704K,   0% used [0x0000000084ce0000, 0x0000000084ce0000, 0x0000000085560000)
 tenured generation   total 174784K, used 96370K [0x00000000aaaa0000, 0x00000000b5550000, 0x0000000100000000)
   the space 174784K,  55% used [0x00000000aaaa0000, 0x00000000b08bcb70, 0x00000000b08bcc00, 0x00000000b5550000)
 Metaspace       used 106913K, capacity 113700K, committed 113920K, reserved 1146880K
  class space    used 14525K, capacity 15804K, committed 15872K, reserved 1048576K
Event: 377.501 GC heap after
Heap after GC invocations=79 (full 4):
 def new generation   total 78720K, used 4806K [0x0000000080000000, 0x0000000085560000, 0x00000000aaaa0000)
  eden space 70016K,   0% used [0x0000000080000000, 0x0000000080000000, 0x0000000084460000)
  from space 8704K,  55% used [0x0000000084ce0000, 0x00000000851918c8, 0x0000000085560000)
  to   space 8704K,   0% used [0x0000000084460000, 0x0000000084460000, 0x0000000084ce0000)
 tenured generation   total 174784K, used 96370K [0x00000000aaaa0000, 0x00000000b5550000, 0x0000000100000000)
   the space 174784K,  55% used [0x00000000aaaa0000, 0x00000000b08bcb70, 0x00000000b08bcc00, 0x00000000b5550000)
 Metaspace       used 106913K, capacity 113700K, committed 113920K, reserved 1146880K
  class space    used 14525K, capacity 15804K, committed 15872K, reserved 1048576K
}
Event: 413.769 GC heap before
{Heap before GC invocations=79 (full 4):
 def new generation   total 78720K, used 74822K [0x0000000080000000, 0x0000000085560000, 0x00000000aaaa0000)
  eden space 70016K, 100% used [0x0000000080000000, 0x0000000084460000, 0x0000000084460000)
  from space 8704K,  55% used [0x0000000084ce0000, 0x00000000851918c8, 0x0000000085560000)
  to   space 8704K,   0% used [0x0000000084460000, 0x0000000084460000, 0x0000000084ce0000)
 tenured generation   total 174784K, used 96370K [0x00000000aaaa0000, 0x00000000b5550000, 0x0000000100000000)
   the space 174784K,  55% used [0x00000000aaaa0000, 0x00000000b08bcb70, 0x00000000b08bcc00, 0x00000000b5550000)
 Metaspace       used 106996K, capacity 113776K, committed 113920K, reserved 1146880K
  class space    used 14527K, capacity 15806K, committed 15872K, reserved 1048576K
Event: 413.777 GC heap after
Heap after GC invocations=80 (full 4):
 def new generation   total 78720K, used 1950K [0x0000000080000000, 0x0000000085560000, 0x00000000aaaa0000)
  eden space 70016K,   0% used [0x0000000080000000, 0x0000000080000000, 0x0000000084460000)
  from space 8704K,  22% used [0x0000000084460000, 0x0000000084647998, 0x0000000084ce0000)
  to   space 8704K,   0% used [0x0000000084ce0000, 0x0000000084ce0000, 0x0000000085560000)
 tenured generation   total 174784K, used 96881K [0x00000000aaaa0000, 0x00000000b5550000, 0x0000000100000000)
   the space 174784K,  55% used [0x00000000aaaa0000, 0x00000000b093c748, 0x00000000b093c800, 0x00000000b5550000)
 Metaspace       used 106996K, capacity 113776K, committed 113920K, reserved 1146880K
  class space    used 14527K, capacity 15806K, committed 15872K, reserved 1048576K
}
Event: 461.402 GC heap before
{Heap before GC invocations=80 (full 4):
 def new generation   total 78720K, used 71966K [0x0000000080000000, 0x0000000085560000, 0x00000000aaaa0000)
  eden space 70016K, 100% used [0x0000000080000000, 0x0000000084460000, 0x0000000084460000)
  from space 8704K,  22% used [0x0000000084460000, 0x0000000084647998, 0x0000000084ce0000)
  to   space 8704K,   0% used [0x0000000084ce0000, 0x0000000084ce0000, 0x0000000085560000)
 tenured generation   total 174784K, used 96881K [0x00000000aaaa0000, 0x00000000b5550000, 0x0000000100000000)
   the space 174784K,  55% used [0x00000000aaaa0000, 0x00000000b093c748, 0x00000000b093c800, 0x00000000b5550000)
 Metaspace       used 106996K, capacity 113776K, committed 113920K, reserved 1146880K
  class space    used 14527K, capacity 15806K, committed 15872K, reserved 1048576K
Event: 461.410 GC heap after
Heap after GC invocations=81 (full 4):
 def new generation   total 78720K, used 2001K [0x0000000080000000, 0x0000000085560000, 0x00000000aaaa0000)
  eden space 70016K,   0% used [0x0000000080000000, 0x0000000080000000, 0x0000000084460000)
  from space 8704K,  22% used [0x0000000084ce0000, 0x0000000084ed45e8, 0x0000000085560000)
  to   space 8704K,   0% used [0x0000000084460000, 0x0000000084460000, 0x0000000084ce0000)
 tenured generation   total 174784K, used 96881K [0x00000000aaaa0000, 0x00000000b5550000, 0x0000000100000000)
   the space 174784K,  55% used [0x00000000aaaa0000, 0x00000000b093c748, 0x00000000b093c800, 0x00000000b5550000)
 Metaspace       used 106996K, capacity 113776K, committed 113920K, reserved 1146880K
  class space    used 14527K, capacity 15806K, committed 15872K, reserved 1048576K
}
Event: 470.574 GC heap before
{Heap before GC invocations=81 (full 4):
 def new generation   total 78720K, used 72017K [0x0000000080000000, 0x0000000085560000, 0x00000000aaaa0000)
  eden space 70016K, 100% used [0x0000000080000000, 0x0000000084460000, 0x0000000084460000)
  from space 8704K,  22% used [0x0000000084ce0000, 0x0000000084ed45e8, 0x0000000085560000)
  to   space 8704K,   0% used [0x0000000084460000, 0x0000000084460000, 0x0000000084ce0000)
 tenured generation   total 174784K, used 96881K [0x00000000aaaa0000, 0x00000000b5550000, 0x0000000100000000)
   the space 174784K,  55% used [0x00000000aaaa0000, 0x00000000b093c748, 0x00000000b093c800, 0x00000000b5550000)
 Metaspace       used 107354K, capacity 114296K, committed 114432K, reserved 1148928K
  class space    used 14554K, capacity 15844K, committed 15872K, reserved 1048576K
Event: 470.590 GC heap after
Heap after GC invocations=82 (full 4):
 def new generation   total 78720K, used 3871K [0x0000000080000000, 0x0000000085560000, 0x00000000aaaa0000)
  eden space 70016K,   0% used [0x0000000080000000, 0x0000000080000000, 0x0000000084460000)
  from space 8704K,  44% used [0x0000000084460000, 0x0000000084827cb8, 0x0000000084ce0000)
  to   space 8704K,   0% used [0x0000000084ce0000, 0x0000000084ce0000, 0x0000000085560000)
 tenured generation   total 174784K, used 96881K [0x00000000aaaa0000, 0x00000000b5550000, 0x0000000100000000)
   the space 174784K,  55% used [0x00000000aaaa0000, 0x00000000b093c748, 0x00000000b093c800, 0x00000000b5550000)
 Metaspace       used 107354K, capacity 114296K, committed 114432K, reserved 1148928K
  class space    used 14554K, capacity 15844K, committed 15872K, reserved 1048576K
}
Event: 514.752 GC heap before
{Heap before GC invocations=82 (full 4):
 def new generation   total 78720K, used 73887K [0x0000000080000000, 0x0000000085560000, 0x00000000aaaa0000)
  eden space 70016K, 100% used [0x0000000080000000, 0x0000000084460000, 0x0000000084460000)
  from space 8704K,  44% used [0x0000000084460000, 0x0000000084827cb8, 0x0000000084ce0000)
  to   space 8704K,   0% used [0x0000000084ce0000, 0x0000000084ce0000, 0x0000000085560000)
 tenured generation   total 174784K, used 96881K [0x00000000aaaa0000, 0x00000000b5550000, 0x0000000100000000)
   the space 174784K,  55% used [0x00000000aaaa0000, 0x00000000b093c748, 0x00000000b093c800, 0x00000000b5550000)
 Metaspace       used 107359K, capacity 114296K, committed 114432K, reserved 1148928K
  class space    used 14554K, capacity 15844K, committed 15872K, reserved 1048576K
Event: 514.765 GC heap after
Heap after GC invocations=83 (full 4):
 def new generation   total 78720K, used 2464K [0x0000000080000000, 0x0000000085560000, 0x00000000aaaa0000)
  eden space 70016K,   0% used [0x0000000080000000, 0x0000000080000000, 0x0000000084460000)
  from space 8704K,  28% used [0x0000000084ce0000, 0x0000000084f48290, 0x0000000085560000)
  to   space 8704K,   0% used [0x0000000084460000, 0x0000000084460000, 0x0000000084ce0000)
 tenured generation   total 174784K, used 96881K [0x00000000aaaa0000, 0x00000000b5550000, 0x0000000100000000)
   the space 174784K,  55% used [0x00000000aaaa0000, 0x00000000b093c748, 0x00000000b093c800, 0x00000000b5550000)
 Metaspace       used 107359K, capacity 114296K, committed 114432K, reserved 1148928K
  class space    used 14554K, capacity 15844K, committed 15872K, reserved 1048576K
}

Deoptimization events (0 events):
No events

Internal exceptions (10 events):
Event: 465.024 Thread 0x000000001e3c8000 Exception <a 'java/lang/NullPointerException'> (0x0000000082da7f88) thrown at [C:\Jenkins\workspace\DCEVM-8u152\jdk\JDK1.8.0_152-x64\k\product\oops\nocompressed\slave\dcevm-win\hotspot\src\share\vm\interpreter\linkResolver.cpp, line 1197]
Event: 465.025 Thread 0x000000001e3c8000 Exception <a 'java/lang/NullPointerException'> (0x0000000082dabe50) thrown at [C:\Jenkins\workspace\DCEVM-8u152\jdk\JDK1.8.0_152-x64\k\product\oops\nocompressed\slave\dcevm-win\hotspot\src\share\vm\interpreter\linkResolver.cpp, line 1197]
Event: 465.033 Thread 0x000000001e3c8000 Exception <a 'java/lang/NullPointerException'> (0x0000000082db8818) thrown at [C:\Jenkins\workspace\DCEVM-8u152\jdk\JDK1.8.0_152-x64\k\product\oops\nocompressed\slave\dcevm-win\hotspot\src\share\vm\interpreter\linkResolver.cpp, line 1197]
Event: 465.036 Thread 0x000000001e3c8000 Exception <a 'java/lang/NullPointerException'> (0x0000000082dc4c48) thrown at [C:\Jenkins\workspace\DCEVM-8u152\jdk\JDK1.8.0_152-x64\k\product\oops\nocompressed\slave\dcevm-win\hotspot\src\share\vm\interpreter\linkResolver.cpp, line 1197]
Event: 465.125 Thread 0x000000001e3c0800 Exception <a 'java/lang/NullPointerException'> (0x0000000082fc8d90) thrown at [C:\Jenkins\workspace\DCEVM-8u152\jdk\JDK1.8.0_152-x64\k\product\oops\nocompressed\slave\dcevm-win\hotspot\src\share\vm\interpreter\linkResolver.cpp, line 1197]
Event: 465.126 Thread 0x000000001e3c0800 Exception <a 'java/lang/NullPointerException'> (0x0000000082fceeb0) thrown at [C:\Jenkins\workspace\DCEVM-8u152\jdk\JDK1.8.0_152-x64\k\product\oops\nocompressed\slave\dcevm-win\hotspot\src\share\vm\interpreter\linkResolver.cpp, line 1197]
Event: 465.127 Thread 0x000000001e3c0800 Exception <a 'java/lang/NullPointerException'> (0x0000000082fd82e0) thrown at [C:\Jenkins\workspace\DCEVM-8u152\jdk\JDK1.8.0_152-x64\k\product\oops\nocompressed\slave\dcevm-win\hotspot\src\share\vm\interpreter\linkResolver.cpp, line 1197]
Event: 465.130 Thread 0x000000001e3c0800 Exception <a 'java/lang/NullPointerException'> (0x0000000082feac78) thrown at [C:\Jenkins\workspace\DCEVM-8u152\jdk\JDK1.8.0_152-x64\k\product\oops\nocompressed\slave\dcevm-win\hotspot\src\share\vm\interpreter\linkResolver.cpp, line 1197]
Event: 465.131 Thread 0x000000001e3c0800 Exception <a 'java/lang/NullPointerException'> (0x0000000082ff6ab8) thrown at [C:\Jenkins\workspace\DCEVM-8u152\jdk\JDK1.8.0_152-x64\k\product\oops\nocompressed\slave\dcevm-win\hotspot\src\share\vm\interpreter\linkResolver.cpp, line 1197]
Event: 515.294 Thread 0x0000000021f7a000 Exception <a 'java/lang/ArrayIndexOutOfBoundsException': 45> (0x00000000814dee60) thrown at [C:\Jenkins\workspace\DCEVM-8u152\jdk\JDK1.8.0_152-x64\k\product\oops\nocompressed\slave\dcevm-win\hotspot\src\share\vm\interpreter\interpreterRuntime.cpp, line 36

Events (10 events):
Event: 515.808 Thread 0x0000000016da9000 flushing nmethod 0x00000000068a63d0
Event: 515.808 Thread 0x0000000016da9000 flushing nmethod 0x00000000068a6690
Event: 515.809 Thread 0x0000000016da9000 flushing nmethod 0x00000000068a6950
Event: 515.809 Thread 0x0000000016da9000 flushing nmethod 0x00000000068a6e50
Event: 515.810 Executing VM operation: RevokeBias
Event: 515.810 Executing VM operation: RevokeBias done
Event: 515.810 Executing VM operation: RevokeBias
Event: 515.810 Executing VM operation: RevokeBias done
Event: 515.840 Thread 0x000000001e3ce000 Thread added: 0x000000001e3ce000
Event: 515.913 Executing VM operation: RedefineClasses


Dynamic libraries:
0x00007ff6c8a60000 - 0x00007ff6c8a97000 	C:\Program Files\Java\jdk1.8.0_152\bin\javaw.exe
0x00007ff87e260000 - 0x00007ff87e440000 	C:\Windows\SYSTEM32\ntdll.dll
0x00007ff87d9a0000 - 0x00007ff87da4e000 	C:\Windows\System32\KERNEL32.DLL
0x00007ff87a6b0000 - 0x00007ff87a916000 	C:\Windows\System32\KERNELBASE.dll
0x00007ff87bd20000 - 0x00007ff87bdc1000 	C:\Windows\System32\ADVAPI32.dll
0x00007ff87b810000 - 0x00007ff87b8ad000 	C:\Windows\System32\msvcrt.dll
0x00007ff87bc90000 - 0x00007ff87bceb000 	C:\Windows\System32\sechost.dll
0x00007ff87db40000 - 0x00007ff87dc5f000 	C:\Windows\System32\RPCRT4.dll
0x00007ff87d810000 - 0x00007ff87d99f000 	C:\Windows\System32\USER32.dll
0x00007ff87afc0000 - 0x00007ff87afe0000 	C:\Windows\System32\win32u.dll
0x00007ff87dab0000 - 0x00007ff87dad8000 	C:\Windows\System32\GDI32.dll
0x00007ff87ab40000 - 0x00007ff87acd3000 	C:\Windows\System32\gdi32full.dll
0x00007ff87aaa0000 - 0x00007ff87ab3b000 	C:\Windows\System32\msvcp_win.dll
0x00007ff87a920000 - 0x00007ff87aa15000 	C:\Windows\System32\ucrtbase.dll
0x00007ff86c290000 - 0x00007ff86c4f9000 	C:\Windows\WinSxS\amd64_microsoft.windows.common-controls_6595b64144ccf1df_6.0.16299.611_none_15c7d8029365981f\COMCTL32.dll
0x00007ff87d430000 - 0x00007ff87d737000 	C:\Windows\System32\combase.dll
0x00007ff87aa20000 - 0x00007ff87aa92000 	C:\Windows\System32\bcryptPrimitives.dll
0x00007ff87bcf0000 - 0x00007ff87bd1d000 	C:\Windows\System32\IMM32.DLL
0x00000000731e0000 - 0x00000000732b2000 	C:\Program Files\Java\jdk1.8.0_152\jre\bin\msvcr100.dll
0x0000000072980000 - 0x00000000731d1000 	C:\Program Files\Java\jdk1.8.0_152\jre\bin\dcevm\jvm.dll
0x00007ff87d7e0000 - 0x00007ff87d7e8000 	C:\Windows\System32\PSAPI.DLL
0x00007ff85f1c0000 - 0x00007ff85f1c9000 	C:\Windows\SYSTEM32\WSOCK32.dll
0x00007ff877480000 - 0x00007ff8774a3000 	C:\Windows\SYSTEM32\WINMM.dll
0x00007ff87b8b0000 - 0x00007ff87b91c000 	C:\Windows\System32\WS2_32.dll
0x00007ff875340000 - 0x00007ff87534a000 	C:\Windows\SYSTEM32\VERSION.dll
0x00007ff877420000 - 0x00007ff87744a000 	C:\Windows\SYSTEM32\WINMMBASE.dll
0x00007ff87a660000 - 0x00007ff87a6aa000 	C:\Windows\System32\cfgmgr32.dll
0x0000000072970000 - 0x000000007297f000 	C:\Program Files\Java\jdk1.8.0_152\jre\bin\verify.dll
0x0000000072940000 - 0x0000000072969000 	C:\Program Files\Java\jdk1.8.0_152\jre\bin\java.dll
0x0000000072900000 - 0x0000000072935000 	C:\Program Files\Java\jdk1.8.0_152\jre\bin\jdwp.dll
0x00000000728f0000 - 0x00000000728f8000 	C:\Program Files\Java\jdk1.8.0_152\jre\bin\npt.dll
0x00000000728c0000 - 0x00000000728e3000 	C:\Program Files\Java\jdk1.8.0_152\jre\bin\instrument.dll
0x00000000728a0000 - 0x00000000728b6000 	C:\Program Files\Java\jdk1.8.0_152\jre\bin\zip.dll
0x00007ff87bff0000 - 0x00007ff87d428000 	C:\Windows\System32\SHELL32.dll
0x00007ff87bdd0000 - 0x00007ff87be76000 	C:\Windows\System32\shcore.dll
0x00007ff87afe0000 - 0x00007ff87b727000 	C:\Windows\System32\windows.storage.dll
0x00007ff87da50000 - 0x00007ff87daa1000 	C:\Windows\System32\shlwapi.dll
0x00007ff87a640000 - 0x00007ff87a651000 	C:\Windows\System32\kernel.appcore.dll
0x00007ff87a5d0000 - 0x00007ff87a61c000 	C:\Windows\System32\powrprof.dll
0x00007ff87a620000 - 0x00007ff87a63b000 	C:\Windows\System32\profapi.dll
0x0000000072890000 - 0x0000000072899000 	C:\Program Files\Java\jdk1.8.0_152\jre\bin\dt_socket.dll
0x00007ff83b070000 - 0x00007ff83b086000 	C:\Windows\system32\napinsp.dll
0x00007ff83b050000 - 0x00007ff83b06a000 	C:\Windows\system32\pnrpnsp.dll
0x00007ff874300000 - 0x00007ff874318000 	C:\Windows\system32\NLAapi.dll
0x00007ff879e40000 - 0x00007ff879ea6000 	C:\Windows\System32\mswsock.dll
0x00007ff879c10000 - 0x00007ff879cc6000 	C:\Windows\SYSTEM32\DNSAPI.dll
0x00007ff87dc60000 - 0x00007ff87dc68000 	C:\Windows\System32\NSI.dll
0x00007ff879bd0000 - 0x00007ff879c09000 	C:\Windows\SYSTEM32\IPHLPAPI.DLL
0x00007ff861d60000 - 0x00007ff861d6e000 	C:\Windows\System32\winrnr.dll
0x00007ff853810000 - 0x00007ff853825000 	C:\Windows\System32\wshbth.dll
0x00007ff86b0d0000 - 0x00007ff86b140000 	C:\Windows\System32\fwpuclnt.dll
0x00007ff87a110000 - 0x00007ff87a135000 	C:\Windows\SYSTEM32\bcrypt.dll
0x00007ff869940000 - 0x00007ff86994a000 	C:\Windows\System32\rasadhlp.dll
0x0000000072870000 - 0x000000007288a000 	C:\Program Files\Java\jdk1.8.0_152\jre\bin\net.dll
0x0000000072850000 - 0x0000000072861000 	C:\Program Files\Java\jdk1.8.0_152\jre\bin\nio.dll
0x0000000072840000 - 0x000000007284d000 	C:\Program Files\Java\jdk1.8.0_152\jre\bin\management.dll
0x00007ff87a000000 - 0x00007ff87a017000 	C:\Windows\SYSTEM32\CRYPTSP.dll
0x00007ff879a40000 - 0x00007ff879a73000 	C:\Windows\system32\rsaenh.dll
0x00007ff87a4e0000 - 0x00007ff87a509000 	C:\Windows\SYSTEM32\USERENV.dll
0x00007ff87a020000 - 0x00007ff87a02b000 	C:\Windows\SYSTEM32\CRYPTBASE.dll
0x00007ff874440000 - 0x00007ff874456000 	C:\Windows\SYSTEM32\dhcpcsvc6.DLL
0x00007ff875380000 - 0x00007ff87539a000 	C:\Windows\SYSTEM32\dhcpcsvc.DLL
0x00000000726a0000 - 0x0000000072838000 	C:\Program Files\Java\jdk1.8.0_152\jre\bin\awt.dll
0x00007ff87b740000 - 0x00007ff87b805000 	C:\Windows\System32\OLEAUT32.dll
0x00007ff878a40000 - 0x00007ff878ac8000 	C:\Windows\SYSTEM32\apphelp.dll
0x0000000072670000 - 0x0000000072694000 	C:\Program Files\Java\jdk1.8.0_152\jre\bin\sunec.dll
0x00007ff8720b0000 - 0x00007ff872278000 	C:\Windows\SYSTEM32\dbghelp.dll

VM Arguments:
jvm_args: -agentlib:jdwp=transport=dt_socket,suspend=y,address=localhost:51321 -javaagent:C:/Users/andi/.m2/repository/org/springframework/spring-instrument/5.0.6.RELEASE/spring-instrument-5.0.6.RELEASE.jar -javaagent:C:/Users/andi/.m2/repository/org/aspectj/aspectjweaver/1.8.13/aspectjweaver-1.8.13.jar -javaagent:C:/Users/andi/Documents/develop/hotswap-agent-core-1.3.0.jar=autoHotswap=true -Xms256m -Xmx2G -Dsun.java2d.cmm=sun.java2d.cmm.kcms.KcmsServiceProvider -Xverify:none -XX:TieredStopAtLevel=1 -Dfile.encoding=UTF-8 
java_command: com.patho.main.PathoFrohApplication
java_class_path (initial): C:\Program Files\Java\jdk1.8.0_152\jre\lib\resources.jar;C:\Program Files\Java\jdk1.8.0_152\jre\lib\rt.jar;C:\Program Files\Java\jdk1.8.0_152\jre\lib\jsse.jar;C:\Program Files\Java\jdk1.8.0_152\jre\lib\jce.jar;C:\Program Files\Java\jdk1.8.0_152\jre\lib\charsets.jar;C:\Program Files\Java\jdk1.8.0_152\jre\lib\jfr.jar;C:\Program Files\Java\jdk1.8.0_152\jre\lib\ext\access-bridge-64.jar;C:\Program Files\Java\jdk1.8.0_152\jre\lib\ext\cldrdata.jar;C:\Program Files\Java\jdk1.8.0_152\jre\lib\ext\dnsns.jar;C:\Program Files\Java\jdk1.8.0_152\jre\lib\ext\jaccess.jar;C:\Program Files\Java\jdk1.8.0_152\jre\lib\ext\jfxrt.jar;C:\Program Files\Java\jdk1.8.0_152\jre\lib\ext\localedata.jar;C:\Program Files\Java\jdk1.8.0_152\jre\lib\ext\nashorn.jar;C:\Program Files\Java\jdk1.8.0_152\jre\lib\ext\sunec.jar;C:\Program Files\Java\jdk1.8.0_152\jre\lib\ext\sunjce_provider.jar;C:\Program Files\Java\jdk1.8.0_152\jre\lib\ext\sunmscapi.jar;C:\Program Files\Java\jdk1.8.0_152\jre\lib\ext\sunpkcs11.jar;C:\Program Files\Java\jdk1.8.0_152\jre\lib\ext\zipfs.jar;C:\Users\andi\eclipse-workspace\PathoFroh\target\classes;C:\Users\andi\.m2\repository\org\springframework\boot\spring-boot-starter\2.0.2.RELEASE\spring-boot-starter-2.0.2.RELEASE.jar;C:\Users\andi\.m2\repository\org\springframework\boot\spring-boot\2.0.2.RELEASE\spring-boot-2.0.2.RELEASE.jar;C:\Users\andi\.m2\repository\org\springframework\boot\spring-boot-autoconfigure\2.0.2.RELEASE\spring-boot-autoconfigure-2.0.2.RELEASE.jar;C:\Users\andi\.m2\repository\org\springframework\boot\spring-boot-starter-logging\2.0.2.RELEASE\spring-boot-starter-logging-2.0.2.RELEASE.jar;C:\Users\andi\.m2\repository\ch\qos\logback\logback-classic\1.2.3\logback-classic-1.2.3.jar;C:\Users\andi\.m2\repository\ch\qos\logback\logback-core\1.2.3\logback-core-1.2.3.jar;C:\Users\andi\.m2\repository\org\apache\logging\log4j\log4j-to-slf4j\2.10.0\log4j-to-slf4j-2.10.0.jar;C:\Users\andi\.m2\repository\org\apache\logging\log4j\log4j-api\2.10.0\log4j
Launcher Type: SUN_STANDARD

Environment Variables:
PATH=C:\Program Files\Java\jdk1.8.0_152\jre\bin;C:/Program Files/Java/jre1.8.0_181/bin/server;C:/Program Files/Java/jre1.8.0_181/bin;C:/Program Files/Java/jre1.8.0_181/lib/amd64;C:\Program Files (x86)\Common Files\Oracle\Java\javapath;C:\ProgramData\Oracle\Java\javapath;C:\Program Files (x86)\Intel\iCLS Client\;C:\Program Files\Intel\iCLS Client\;C:\Windows\system32;C:\Windows;C:\Windows\System32\Wbem;C:\Windows\System32\WindowsPowerShell\v1.0\;C:\Program Files (x86)\NVIDIA Corporation\PhysX\Common;C:\Program Files\Intel\Intel(R) Management Engine Components\DAL;C:\Program Files (x86)\Intel\Intel(R) Management Engine Components\DAL;C:\Program Files\Intel\Intel(R) Management Engine Components\IPT;C:\Program Files (x86)\Intel\Intel(R) Management Engine Components\IPT;C:\Program Files\Git\cmd;C:\Program Files\TortoiseGit\bin;C:\Program Files\Intel\WiFi\bin\;C:\Program Files\Common Files\Intel\WirelessCommon\;C:\Program Files\MiKTeX 2.9\miktex\bin\x64\;C:\Program Files\nodejs\;C:\Program Files\Calibre2\;C:\Users\andi\AppData\Local\Microsoft\WindowsApps;C:\Program Files\Intel\WiFi\bin\;C:\Program Files\Common Files\Intel\WirelessCommon\;C:\Users\andi\AppData\Roaming\npm;C:\Users\andi\Documents\develop\eclipse;
USERNAME=andi
OS=Windows_NT
PROCESSOR_IDENTIFIER=Intel64 Family 6 Model 60 Stepping 3, GenuineIntel



---------------  S Y S T E M  ---------------

OS: Windows 10.0 , 64 bit Build 16299 (10.0.16299.431)

CPU:total 8 (initial active 8) (4 cores per cpu, 2 threads per core) family 6 model 60 stepping 3, cmov, cx8, fxsr, mmx, sse, sse2, sse3, ssse3, sse4.1, sse4.2, popcnt, avx, avx2, aes, clmul, erms, lzcnt, ht, tsc, tscinvbit, bmi1, bmi2

Memory: 4k page, physical 8271256k(1131312k free), swap 13251992k(3101716k free)

vm_info: Dynamic Code Evolution 64-Bit Server VM (25.71-b01-dcevmlight-30) for windows-amd64 JRE (1.8.0), built on Feb 14 2018 07:21:37 by "Administrator" with MS VC++ 10.0 (VS2010)

time: Sun Sep 02 10:38:58 2018
elapsed time: 515 seconds (0d 0h 8m 35s)

