#
# A fatal error has been detected by the Java Runtime Environment:
#
#  EXCEPTION_ACCESS_VIOLATION (0xc0000005) at pc=0x000000005432e36c, pid=14832, tid=0x0000000000001eb8
#
# JRE version: Java(TM) SE Runtime Environment (8.0_152-b16) (build 1.8.0_152-b16)
# Java VM: Dynamic Code Evolution 64-Bit Server VM (25.71-b01-dcevmlight-30 mixed mode windows-amd64 compressed oops)
# Problematic frame:
# V  [jvm.dll+0x1ae36c]
#
# Failed to write core dump. Minidumps are not enabled by default on client versions of Windows
#
# If you would like to submit a bug report, please visit:
#   https://github.com/dcevm/dcevm/issues
#

---------------  T H R E A D  ---------------

Current thread (0x000000001543a000):  JavaThread "JDWP Transport Listener: dt_socket" daemon [_thread_in_vm, id=7864, stack(0x0000000015e90000,0x0000000015f90000)]

siginfo: ExceptionCode=0xc0000005, reading address 0x0000000000000000

Registers:
RAX=0x0000000021dad660, RBX=0x0000000100f4eb78, RCX=0x0000000000000000, RDX=0x0000000000000001
RSP=0x0000000015f8ef30, RBP=0x0000000015f8f030, RSI=0x00000000000000d8, RDI=0x0000000000000049
R8 =0x0000000000000001, R9 =0x00000000154406f0, R10=0x000000002267aba8, R11=0x0000000000000048
R12=0x0000000000000049, R13=0x0000000022853108, R14=0x0000000000000049, R15=0x000000000000001a
RIP=0x000000005432e36c, EFLAGS=0x0000000000010246

Top of Stack: (sp=0x0000000015f8ef30)
0x0000000015f8ef30:   00000000226756d0 00000000000000d8
0x0000000015f8ef40:   0000000000000051 0000000000000051
0x0000000015f8ef50:   0000000015f8f101 0000000100f3b420
0x0000000015f8ef60:   000000001543a000 00007ff900000000
0x0000000015f8ef70:   0000000100f3b420 000000000000000a
0x0000000015f8ef80:   0000000015419ff0 000000001543abe8
0x0000000015f8ef90:   00000000000003d8 000000001543a810
0x0000000015f8efa0:   000000000000001a 0000000100f4eb78
0x0000000015f8efb0:   0000000000002c64 000000001543a800
0x0000000015f8efc0:   0000000000000000 000000000000456a
0x0000000015f8efd0:   0000000015445270 000000001e149a00
0x0000000015f8efe0:   00000000226756d0 000000002267aba8
0x0000000015f8eff0:   000000001543a000 000000005494d828
0x0000000015f8f000:   0000000000000078 0000000054a48d17
0x0000000015f8f010:   0000000000000000 0000000000000000
0x0000000015f8f020:   0000000022853108 00000000228585f8 

Instructions: (pc=0x000000005432e36c)
0x000000005432e34c:   e8 9f b2 ef ff 48 8b ce e8 87 af ef ff 48 89 77
0x000000005432e35c:   10 4c 89 6f 18 4c 89 77 20 48 8b 0d 44 b4 61 00
0x000000005432e36c:   8b 11 8d 42 ff 44 3b f8 0f 85 79 02 00 00 33 f6
0x000000005432e37c:   8b de 89 5c 24 78 85 d2 0f 8e d5 01 00 00 44 8b 


Register to memory mapping:

RAX=0x0000000021dad660 is an unknown value
RBX=0x0000000100f4eb78 is pointing into metadata
RCX=0x0000000000000000 is an unknown value
RDX=0x0000000000000001 is an unknown value
RSP=0x0000000015f8ef30 is pointing into the stack for thread: 0x000000001543a000
RBP=0x0000000015f8f030 is pointing into the stack for thread: 0x000000001543a000
RSI=0x00000000000000d8 is an unknown value
RDI=0x0000000000000049 is an unknown value
R8 =0x0000000000000001 is an unknown value
R9 =0x00000000154406f0 is an unknown value
R10=0x000000002267aba8 is pointing into metadata
R11=0x0000000000000048 is an unknown value
R12=0x0000000000000049 is an unknown value
R13=0x0000000022853108 is pointing into metadata
R14=0x0000000000000049 is an unknown value
R15=0x000000000000001a is an unknown value


Stack: [0x0000000015e90000,0x0000000015f90000],  sp=0x0000000015f8ef30,  free space=1019k
Native frames: (J=compiled Java code, j=interpreted, Vv=VM code, C=native code)
V  [jvm.dll+0x1ae36c]
V  [jvm.dll+0x1af5a7]
V  [jvm.dll+0x22ba90]
V  [jvm.dll+0x17fa88]
V  [jvm.dll+0x3229b4]
C  [jdwp.dll+0x9e6b]
C  [jdwp.dll+0xf168]
C  [jdwp.dll+0x1f5b9]
C  [jdwp.dll+0x1f78e]
V  [jvm.dll+0x198ef8]
V  [jvm.dll+0x22608f]
V  [jvm.dll+0x2767ea]
C  [msvcr100.dll+0x21d9f]
C  [msvcr100.dll+0x21e3b]
C  [KERNEL32.DLL+0x11fe4]
C  [ntdll.dll+0x6cb31]


---------------  P R O C E S S  ---------------

Java Threads: ( => current thread )
  0x0000000021a2f800 JavaThread "Thread-159" daemon [_thread_blocked, id=16964, stack(0x0000000029b30000,0x0000000029c30000)]
  0x0000000021a2e800 JavaThread "Thread-158" daemon [_thread_blocked, id=17096, stack(0x0000000029a30000,0x0000000029b30000)]
  0x0000000021a32800 JavaThread "Thread-157" daemon [_thread_blocked, id=16292, stack(0x0000000029930000,0x0000000029a30000)]
  0x0000000021a35800 JavaThread "Thread-156" daemon [_thread_blocked, id=9744, stack(0x0000000029830000,0x0000000029930000)]
  0x0000000021a34000 JavaThread "Thread-155" daemon [_thread_blocked, id=18196, stack(0x0000000029730000,0x0000000029830000)]
  0x0000000021a31800 JavaThread "Thread-154" daemon [_thread_blocked, id=7688, stack(0x0000000029630000,0x0000000029730000)]
  0x0000000021a34800 JavaThread "Thread-153" daemon [_thread_blocked, id=16940, stack(0x0000000029530000,0x0000000029630000)]
  0x0000000021a2e000 JavaThread "Thread-152" daemon [_thread_blocked, id=10892, stack(0x0000000029430000,0x0000000029530000)]
  0x0000000021a33000 JavaThread "Thread-151" daemon [_thread_in_vm, id=16400, stack(0x0000000029330000,0x0000000029430000)]
  0x0000000019fc4000 JavaThread "Thread-149" daemon [_thread_blocked, id=11876, stack(0x0000000029130000,0x0000000029230000)]
  0x0000000019fc3000 JavaThread "Thread-148" daemon [_thread_blocked, id=5916, stack(0x0000000029030000,0x0000000029130000)]
  0x0000000019fc2800 JavaThread "Thread-147" daemon [_thread_blocked, id=14584, stack(0x0000000028f30000,0x0000000029030000)]
  0x0000000019fbe800 JavaThread "DestroyJavaVM" [_thread_blocked, id=12788, stack(0x0000000004c90000,0x0000000004d90000)]
  0x0000000019fc1000 JavaThread "http-nio-8080-AsyncTimeout" daemon [_thread_blocked, id=17824, stack(0x0000000020b60000,0x0000000020c60000)]
  0x0000000019fc1800 JavaThread "http-nio-8080-Acceptor-0" daemon [_thread_in_native, id=8656, stack(0x0000000020a60000,0x0000000020b60000)]
  0x0000000019fc0000 JavaThread "http-nio-8080-ClientPoller-1" daemon [_thread_in_native, id=12492, stack(0x0000000020960000,0x0000000020a60000)]
  0x0000000019fc5800 JavaThread "http-nio-8080-ClientPoller-0" daemon [_thread_in_native, id=4720, stack(0x0000000020860000,0x0000000020960000)]
  0x000000001dc72800 JavaThread "http-nio-8080-exec-10" daemon [_thread_blocked, id=17556, stack(0x0000000020760000,0x0000000020860000)]
  0x000000001dc71000 JavaThread "http-nio-8080-exec-9" daemon [_thread_blocked, id=16316, stack(0x0000000020660000,0x0000000020760000)]
  0x000000001dc76800 JavaThread "http-nio-8080-exec-8" daemon [_thread_blocked, id=3708, stack(0x0000000020560000,0x0000000020660000)]
  0x000000001dc73800 JavaThread "http-nio-8080-exec-7" daemon [_thread_blocked, id=3192, stack(0x0000000020460000,0x0000000020560000)]
  0x000000001dc74000 JavaThread "http-nio-8080-exec-6" daemon [_thread_blocked, id=3272, stack(0x0000000020360000,0x0000000020460000)]
  0x000000001dc75800 JavaThread "http-nio-8080-exec-5" daemon [_thread_blocked, id=14256, stack(0x0000000020260000,0x0000000020360000)]
  0x000000001dc70800 JavaThread "http-nio-8080-exec-4" daemon [_thread_blocked, id=8356, stack(0x0000000020160000,0x0000000020260000)]
  0x000000001dc72000 JavaThread "http-nio-8080-exec-3" daemon [_thread_blocked, id=17836, stack(0x0000000020060000,0x0000000020160000)]
  0x000000001dc77000 JavaThread "http-nio-8080-exec-2" daemon [_thread_blocked, id=5784, stack(0x000000001ff60000,0x0000000020060000)]
  0x000000001dc75000 JavaThread "http-nio-8080-exec-1" daemon [_thread_blocked, id=10728, stack(0x000000001fe60000,0x000000001ff60000)]
  0x000000001a6ae000 JavaThread "NioBlockingSelector.BlockPoller-1" daemon [_thread_in_native, id=13960, stack(0x000000001fd60000,0x000000001fe60000)]
  0x000000001a6ad000 JavaThread "Live Reload Server" daemon [_thread_in_native, id=16492, stack(0x000000001fa60000,0x000000001fb60000)]
  0x000000001a6ae800 JavaThread "File Watcher" daemon [_thread_blocked, id=9616, stack(0x000000001f860000,0x000000001f960000)]
  0x0000000016b88000 JavaThread "HikariPool-1 housekeeper" daemon [_thread_blocked, id=6312, stack(0x000000001d090000,0x000000001d190000)]
  0x00000000180b9000 JavaThread "PostgreSQL-JDBC-SharedTimer-1" daemon [_thread_blocked, id=17764, stack(0x000000001cf90000,0x000000001d090000)]
  0x000000001a88c000 JavaThread "container-0" [_thread_blocked, id=5680, stack(0x000000001cd90000,0x000000001ce90000)]
  0x000000001a88b800 JavaThread "ContainerBackgroundProcessor[StandardEngine[Tomcat]]" daemon [_thread_blocked, id=7712, stack(0x000000001cc90000,0x000000001cd90000)]
  0x0000000016a81800 JavaThread "Service Thread" daemon [_thread_blocked, id=13108, stack(0x0000000017790000,0x0000000017890000)]
  0x0000000016a24800 JavaThread "C1 CompilerThread3" daemon [_thread_in_vm, id=16996, stack(0x0000000017690000,0x0000000017790000)]
  0x0000000016a1f800 JavaThread "C2 CompilerThread2" daemon [_thread_blocked, id=17296, stack(0x0000000017590000,0x0000000017690000)]
  0x0000000016a1c800 JavaThread "C2 CompilerThread1" daemon [_thread_blocked, id=11160, stack(0x0000000017490000,0x0000000017590000)]
  0x0000000016a19800 JavaThread "C2 CompilerThread0" daemon [_thread_blocked, id=15592, stack(0x0000000017390000,0x0000000017490000)]
  0x00000000168a8000 JavaThread "Thread-4" daemon [_thread_blocked, id=18252, stack(0x0000000017090000,0x0000000017190000)]
  0x000000001683e000 JavaThread "HotSwap Dispatcher" daemon [_thread_blocked, id=17400, stack(0x0000000016f90000,0x0000000017090000)]
  0x0000000016920000 JavaThread "HotSwap Watcher" daemon [_thread_blocked, id=11268, stack(0x0000000016e90000,0x0000000016f90000)]
  0x000000001684d000 JavaThread "Thread-1" daemon [_thread_in_native, id=14088, stack(0x0000000016d90000,0x0000000016e90000)]
  0x000000001544a800 JavaThread "JDWP Command Reader" daemon [_thread_in_native, id=2988, stack(0x0000000016090000,0x0000000016190000)]
  0x0000000015448000 JavaThread "JDWP Event Helper Thread" daemon [_thread_blocked, id=1256, stack(0x0000000015f90000,0x0000000016090000)]
=>0x000000001543a000 JavaThread "JDWP Transport Listener: dt_socket" daemon [_thread_in_vm, id=7864, stack(0x0000000015e90000,0x0000000015f90000)]
  0x000000001542f800 JavaThread "Attach Listener" daemon [_thread_blocked, id=1960, stack(0x0000000015a50000,0x0000000015b50000)]
  0x000000001542d800 JavaThread "Signal Dispatcher" daemon [_thread_blocked, id=7428, stack(0x0000000015950000,0x0000000015a50000)]
  0x0000000015415800 JavaThread "Finalizer" daemon [_thread_blocked, id=7028, stack(0x0000000015730000,0x0000000015830000)]
  0x0000000004ea5800 JavaThread "Reference Handler" daemon [_thread_blocked, id=7680, stack(0x0000000015630000,0x0000000015730000)]

Other Threads:
  0x0000000004e9e000 VMThread [stack: 0x0000000015530000,0x0000000015630000] [id=11800]
  0x0000000016a84800 WatcherThread [stack: 0x0000000017890000,0x0000000017990000] [id=11744]

VM state:not at safepoint (normal execution)

VM Mutex/Monitor currently owned by a thread:  ([mutex/lock_event])
[0x0000000004daeb00] CodeCache_lock - owner thread: 0x0000000016a24800
[0x0000000004db6070] Compile_lock - owner thread: 0x0000000021a33000

Heap:
 def new generation   total 78720K, used 11371K [0x0000000080000000, 0x0000000085560000, 0x00000000aaaa0000)
  eden space 70016K,  14% used [0x0000000080000000, 0x0000000080a29400, 0x0000000084460000)
  from space 8704K,  11% used [0x0000000084460000, 0x00000000845519f8, 0x0000000084ce0000)
  to   space 8704K,   0% used [0x0000000084ce0000, 0x0000000084ce0000, 0x0000000085560000)
 tenured generation   total 174784K, used 97932K [0x00000000aaaa0000, 0x00000000b5550000, 0x0000000100000000)
   the space 174784K,  56% used [0x00000000aaaa0000, 0x00000000b0a43158, 0x00000000b0a43200, 0x00000000b5550000)
 Metaspace       used 106283K, capacity 112104K, committed 112256K, reserved 1146880K
  class space    used 14522K, capacity 15692K, committed 15744K, reserved 1048576K

Card table byte_map: [0x0000000014470000,0x0000000014880000] byte_map_base: 0x0000000014070000

Polling page: 0x0000000003300000

CodeCache: size=245760Kb used=19579Kb max_used=30800Kb free=226180Kb
 bounds [0x00000000050b0000, 0x0000000006ed0000, 0x00000000140b0000]
 total_blobs=10013 nmethods=9368 adapters=564
 compilation: enabled

Compilation events (10 events):
Event: 1325.637 Thread 0x0000000016a24800 16112 %     1       java.lang.String::hashCode @ 24 (55 bytes)
Event: 1325.637 Thread 0x0000000016a24800 nmethod 16112% 0x0000000005375050 code [0x00000000053751c0, 0x00000000053753b0]
Event: 1325.755 Thread 0x0000000016a24800 16113       1       java.lang.String::toLowerCase (439 bytes)
Event: 1325.756 Thread 0x0000000016a24800 nmethod 16113 0x0000000005860b10 code [0x0000000005860d80, 0x00000000058618f8]
Event: 1325.868 Thread 0x0000000016a24800 16213       1       java.lang.String::replace (127 bytes)
Event: 1325.869 Thread 0x0000000016a24800 nmethod 16213 0x00000000052c9710 code [0x00000000052c9880, 0x00000000052c9bb0]
Event: 1325.976 Thread 0x0000000016a24800 16240       1       java.lang.String::indexOf (166 bytes)
Event: 1325.976 Thread 0x0000000016a24800 nmethod 16240 0x000000000524d350 code [0x000000000524d4c0, 0x000000000524d770]
Event: 1326.048 Thread 0x0000000016a24800 16208       1       java.lang.String::lastIndexOf (52 bytes)
Event: 1326.049 Thread 0x0000000016a24800 nmethod 16208 0x00000000053ab590 code [0x00000000053ab700, 0x00000000053ab8c8]

GC Heap History (10 events):
Event: 1194.953 GC heap before
{Heap before GC invocations=91 (full 4):
 def new generation   total 78720K, used 70292K [0x0000000080000000, 0x0000000085560000, 0x00000000aaaa0000)
  eden space 70016K, 100% used [0x0000000080000000, 0x0000000084460000, 0x0000000084460000)
  from space 8704K,   3% used [0x0000000084ce0000, 0x0000000084d25370, 0x0000000085560000)
  to   space 8704K,   0% used [0x0000000084460000, 0x0000000084460000, 0x0000000084ce0000)
 tenured generation   total 174784K, used 97932K [0x00000000aaaa0000, 0x00000000b5550000, 0x0000000100000000)
   the space 174784K,  56% used [0x00000000aaaa0000, 0x00000000b0a43158, 0x00000000b0a43200, 0x00000000b5550000)
 Metaspace       used 103232K, capacity 109128K, committed 109312K, reserved 1142784K
  class space    used 14338K, capacity 15500K, committed 15616K, reserved 1048576K
Event: 1194.957 GC heap after
Heap after GC invocations=92 (full 4):
 def new generation   total 78720K, used 0K [0x0000000080000000, 0x0000000085560000, 0x00000000aaaa0000)
  eden space 70016K,   0% used [0x0000000080000000, 0x0000000080000000, 0x0000000084460000)
  from space 8704K,   0% used [0x0000000084460000, 0x0000000084460260, 0x0000000084ce0000)
  to   space 8704K,   0% used [0x0000000084ce0000, 0x0000000084ce0000, 0x0000000085560000)
 tenured generation   total 174784K, used 97932K [0x00000000aaaa0000, 0x00000000b5550000, 0x0000000100000000)
   the space 174784K,  56% used [0x00000000aaaa0000, 0x00000000b0a43158, 0x00000000b0a43200, 0x00000000b5550000)
 Metaspace       used 103232K, capacity 109128K, committed 109312K, reserved 1142784K
  class space    used 14338K, capacity 15500K, committed 15616K, reserved 1048576K
}
Event: 1241.704 GC heap before
{Heap before GC invocations=92 (full 4):
 def new generation   total 78720K, used 70016K [0x0000000080000000, 0x0000000085560000, 0x00000000aaaa0000)
  eden space 70016K, 100% used [0x0000000080000000, 0x0000000084460000, 0x0000000084460000)
  from space 8704K,   0% used [0x0000000084460000, 0x0000000084460260, 0x0000000084ce0000)
  to   space 8704K,   0% used [0x0000000084ce0000, 0x0000000084ce0000, 0x0000000085560000)
 tenured generation   total 174784K, used 97932K [0x00000000aaaa0000, 0x00000000b5550000, 0x0000000100000000)
   the space 174784K,  56% used [0x00000000aaaa0000, 0x00000000b0a43158, 0x00000000b0a43200, 0x00000000b5550000)
 Metaspace       used 103232K, capacity 109128K, committed 109312K, reserved 1142784K
  class space    used 14338K, capacity 15500K, committed 15616K, reserved 1048576K
Event: 1241.709 GC heap after
Heap after GC invocations=93 (full 4):
 def new generation   total 78720K, used 0K [0x0000000080000000, 0x0000000085560000, 0x00000000aaaa0000)
  eden space 70016K,   0% used [0x0000000080000000, 0x0000000080000000, 0x0000000084460000)
  from space 8704K,   0% used [0x0000000084ce0000, 0x0000000084ce0260, 0x0000000085560000)
  to   space 8704K,   0% used [0x0000000084460000, 0x0000000084460000, 0x0000000084ce0000)
 tenured generation   total 174784K, used 97932K [0x00000000aaaa0000, 0x00000000b5550000, 0x0000000100000000)
   the space 174784K,  56% used [0x00000000aaaa0000, 0x00000000b0a43158, 0x00000000b0a43200, 0x00000000b5550000)
 Metaspace       used 103232K, capacity 109128K, committed 109312K, reserved 1142784K
  class space    used 14338K, capacity 15500K, committed 15616K, reserved 1048576K
}
Event: 1289.332 GC heap before
{Heap before GC invocations=93 (full 4):
 def new generation   total 78720K, used 70016K [0x0000000080000000, 0x0000000085560000, 0x00000000aaaa0000)
  eden space 70016K, 100% used [0x0000000080000000, 0x0000000084460000, 0x0000000084460000)
  from space 8704K,   0% used [0x0000000084ce0000, 0x0000000084ce0260, 0x0000000085560000)
  to   space 8704K,   0% used [0x0000000084460000, 0x0000000084460000, 0x0000000084ce0000)
 tenured generation   total 174784K, used 97932K [0x00000000aaaa0000, 0x00000000b5550000, 0x0000000100000000)
   the space 174784K,  56% used [0x00000000aaaa0000, 0x00000000b0a43158, 0x00000000b0a43200, 0x00000000b5550000)
 Metaspace       used 103232K, capacity 109128K, committed 109312K, reserved 1142784K
  class space    used 14338K, capacity 15500K, committed 15616K, reserved 1048576K
Event: 1289.336 GC heap after
Heap after GC invocations=94 (full 4):
 def new generation   total 78720K, used 205K [0x0000000080000000, 0x0000000085560000, 0x00000000aaaa0000)
  eden space 70016K,   0% used [0x0000000080000000, 0x0000000080000000, 0x0000000084460000)
  from space 8704K,   2% used [0x0000000084460000, 0x0000000084493540, 0x0000000084ce0000)
  to   space 8704K,   0% used [0x0000000084ce0000, 0x0000000084ce0000, 0x0000000085560000)
 tenured generation   total 174784K, used 97932K [0x00000000aaaa0000, 0x00000000b5550000, 0x0000000100000000)
   the space 174784K,  56% used [0x00000000aaaa0000, 0x00000000b0a43158, 0x00000000b0a43200, 0x00000000b5550000)
 Metaspace       used 103232K, capacity 109128K, committed 109312K, reserved 1142784K
  class space    used 14338K, capacity 15500K, committed 15616K, reserved 1048576K
}
Event: 1320.212 GC heap before
{Heap before GC invocations=94 (full 4):
 def new generation   total 78720K, used 70221K [0x0000000080000000, 0x0000000085560000, 0x00000000aaaa0000)
  eden space 70016K, 100% used [0x0000000080000000, 0x0000000084460000, 0x0000000084460000)
  from space 8704K,   2% used [0x0000000084460000, 0x0000000084493540, 0x0000000084ce0000)
  to   space 8704K,   0% used [0x0000000084ce0000, 0x0000000084ce0000, 0x0000000085560000)
 tenured generation   total 174784K, used 97932K [0x00000000aaaa0000, 0x00000000b5550000, 0x0000000100000000)
   the space 174784K,  56% used [0x00000000aaaa0000, 0x00000000b0a43158, 0x00000000b0a43200, 0x00000000b5550000)
 Metaspace       used 103402K, capacity 109464K, committed 109568K, reserved 1142784K
  class space    used 14342K, capacity 15556K, committed 15616K, reserved 1048576K
Event: 1320.222 GC heap after
Heap after GC invocations=95 (full 4):
 def new generation   total 78720K, used 2940K [0x0000000080000000, 0x0000000085560000, 0x00000000aaaa0000)
  eden space 70016K,   0% used [0x0000000080000000, 0x0000000080000000, 0x0000000084460000)
  from space 8704K,  33% used [0x0000000084ce0000, 0x0000000084fbf320, 0x0000000085560000)
  to   space 8704K,   0% used [0x0000000084460000, 0x0000000084460000, 0x0000000084ce0000)
 tenured generation   total 174784K, used 97932K [0x00000000aaaa0000, 0x00000000b5550000, 0x0000000100000000)
   the space 174784K,  56% used [0x00000000aaaa0000, 0x00000000b0a43158, 0x00000000b0a43200, 0x00000000b5550000)
 Metaspace       used 103402K, capacity 109464K, committed 109568K, reserved 1142784K
  class space    used 14342K, capacity 15556K, committed 15616K, reserved 1048576K
}
Event: 1325.763 GC heap before
{Heap before GC invocations=95 (full 4):
 def new generation   total 78720K, used 72953K [0x0000000080000000, 0x0000000085560000, 0x00000000aaaa0000)
  eden space 70016K,  99% used [0x0000000080000000, 0x000000008445f3f0, 0x0000000084460000)
  from space 8704K,  33% used [0x0000000084ce0000, 0x0000000084fbf320, 0x0000000085560000)
  to   space 8704K,   0% used [0x0000000084460000, 0x0000000084460000, 0x0000000084ce0000)
 tenured generation   total 174784K, used 97932K [0x00000000aaaa0000, 0x00000000b5550000, 0x0000000100000000)
   the space 174784K,  56% used [0x00000000aaaa0000, 0x00000000b0a43158, 0x00000000b0a43200, 0x00000000b5550000)
 Metaspace       used 105906K, capacity 111752K, committed 112000K, reserved 1144832K
  class space    used 14504K, capacity 15660K, committed 15744K, reserved 1048576K
Event: 1325.771 GC heap after
Heap after GC invocations=96 (full 4):
 def new generation   total 78720K, used 966K [0x0000000080000000, 0x0000000085560000, 0x00000000aaaa0000)
  eden space 70016K,   0% used [0x0000000080000000, 0x0000000080000000, 0x0000000084460000)
  from space 8704K,  11% used [0x0000000084460000, 0x00000000845519f8, 0x0000000084ce0000)
  to   space 8704K,   0% used [0x0000000084ce0000, 0x0000000084ce0000, 0x0000000085560000)
 tenured generation   total 174784K, used 97932K [0x00000000aaaa0000, 0x00000000b5550000, 0x0000000100000000)
   the space 174784K,  56% used [0x00000000aaaa0000, 0x00000000b0a43158, 0x00000000b0a43200, 0x00000000b5550000)
 Metaspace       used 105906K, capacity 111752K, committed 112000K, reserved 1144832K
  class space    used 14504K, capacity 15660K, committed 15744K, reserved 1048576K
}

Deoptimization events (0 events):
No events

Internal exceptions (10 events):
Event: 318.659 Thread 0x000000001dc76800 Exception <a 'java/lang/ArrayIndexOutOfBoundsException'> (0x000000008126bcf8) thrown at [C:\Jenkins\workspace\DCEVM-8u152\jdk\JDK1.8.0_152-x64\k\product\oops\nocompressed\slave\dcevm-win\hotspot\src\share\vm\runtime\sharedRuntime.cpp, line 605]
Event: 318.661 Thread 0x000000001dc76800 Exception <a 'java/lang/ClassNotFoundException': com/patho/main/model/interfaces/DataListCustomizer> (0x0000000081297028) thrown at [C:\Jenkins\workspace\DCEVM-8u152\jdk\JDK1.8.0_152-x64\k\product\oops\nocompressed\slave\dcevm-win\hotspot\src\share\vm\cla
Event: 318.661 Thread 0x000000001dc76800 Exception <a 'java/lang/ArrayIndexOutOfBoundsException'> (0x0000000081298aa8) thrown at [C:\Jenkins\workspace\DCEVM-8u152\jdk\JDK1.8.0_152-x64\k\product\oops\nocompressed\slave\dcevm-win\hotspot\src\share\vm\runtime\sharedRuntime.cpp, line 605]
Event: 318.661 Thread 0x000000001dc76800 Exception <a 'java/lang/ArrayIndexOutOfBoundsException'> (0x000000008129ab48) thrown at [C:\Jenkins\workspace\DCEVM-8u152\jdk\JDK1.8.0_152-x64\k\product\oops\nocompressed\slave\dcevm-win\hotspot\src\share\vm\runtime\sharedRuntime.cpp, line 605]
Event: 318.663 Thread 0x000000001dc76800 Exception <a 'java/lang/ClassNotFoundException': com/patho/main/model/interfaces/IDCustomizer> (0x00000000812c1628) thrown at [C:\Jenkins\workspace\DCEVM-8u152\jdk\JDK1.8.0_152-x64\k\product\oops\nocompressed\slave\dcevm-win\hotspot\src\share\vm\classfile
Event: 318.664 Thread 0x000000001dc76800 Exception <a 'java/lang/ClassNotFoundException': com/patho/main/util/hibernate/RootAwareCustomizer> (0x00000000812e5a20) thrown at [C:\Jenkins\workspace\DCEVM-8u152\jdk\JDK1.8.0_152-x64\k\product\oops\nocompressed\slave\dcevm-win\hotspot\src\share\vm\clas
Event: 318.664 Thread 0x000000001dc76800 Exception <a 'java/lang/ArrayIndexOutOfBoundsException'> (0x00000000812e6990) thrown at [C:\Jenkins\workspace\DCEVM-8u152\jdk\JDK1.8.0_152-x64\k\product\oops\nocompressed\slave\dcevm-win\hotspot\src\share\vm\runtime\sharedRuntime.cpp, line 605]
Event: 1325.704 Thread 0x000000001a6ae800 Exception <a 'java/lang/NullPointerException'> (0x00000000840f03a8) thrown at [C:\Jenkins\workspace\DCEVM-8u152\jdk\JDK1.8.0_152-x64\k\product\oops\nocompressed\slave\dcevm-win\hotspot\src\share\vm\interpreter\linkResolver.cpp, line 1197]
Event: 1326.049 Thread 0x0000000021a31800 Exception <a 'java/lang/UnsupportedOperationException'> (0x0000000080961930) thrown at [C:\Jenkins\workspace\DCEVM-8u152\jdk\JDK1.8.0_152-x64\k\product\oops\nocompressed\slave\dcevm-win\hotspot\src\share\vm\prims\jni.cpp, line 710]
Event: 1326.049 Thread 0x0000000021a31800 Exception <a 'java/lang/UnsupportedOperationException'> (0x0000000080961930) thrown at [C:\Jenkins\workspace\DCEVM-8u152\jdk\JDK1.8.0_152-x64\k\product\oops\nocompressed\slave\dcevm-win\hotspot\src\share\vm\prims\jni.cpp, line 710]

Events (10 events):
Event: 1326.050 Thread 0x0000000016a24800 flushing nmethod 0x0000000005c92350
Event: 1326.050 Thread 0x0000000016a24800 flushing nmethod 0x0000000005c92610
Event: 1326.050 Thread 0x0000000016a24800 flushing nmethod 0x0000000005c92950
Event: 1326.050 Thread 0x0000000016a24800 flushing nmethod 0x0000000005c92cd0
Event: 1326.051 Thread 0x0000000016a24800 flushing nmethod 0x0000000005c93810
Event: 1326.051 Thread 0x0000000016a24800 flushing nmethod 0x0000000005c93ad0
Event: 1326.051 Thread 0x0000000016a24800 flushing nmethod 0x0000000005c93d90
Event: 1326.051 Thread 0x0000000016a24800 flushing nmethod 0x0000000005c94050
Event: 1326.051 Thread 0x0000000016a24800 flushing nmethod 0x0000000005c94310
Event: 1326.051 Thread 0x0000000016a24800 flushing nmethod 0x0000000005c945d0


Dynamic libraries:
0x00007ff7132c0000 - 0x00007ff7132f7000 	C:\Program Files\Java\jdk1.8.0_152\bin\javaw.exe
0x00007ff989ae0000 - 0x00007ff989cc0000 	C:\Windows\SYSTEM32\ntdll.dll
0x00007ff989890000 - 0x00007ff98993e000 	C:\Windows\System32\KERNEL32.DLL
0x00007ff986420000 - 0x00007ff986686000 	C:\Windows\System32\KERNELBASE.dll
0x00007ff9876f0000 - 0x00007ff987791000 	C:\Windows\System32\ADVAPI32.dll
0x00007ff9877a0000 - 0x00007ff98783d000 	C:\Windows\System32\msvcrt.dll
0x00007ff989940000 - 0x00007ff98999b000 	C:\Windows\System32\sechost.dll
0x00007ff987100000 - 0x00007ff98721f000 	C:\Windows\System32\RPCRT4.dll
0x00007ff9896d0000 - 0x00007ff98985f000 	C:\Windows\System32\USER32.dll
0x00007ff986f90000 - 0x00007ff986fb0000 	C:\Windows\System32\win32u.dll
0x00007ff989860000 - 0x00007ff989888000 	C:\Windows\System32\GDI32.dll
0x00007ff986280000 - 0x00007ff986413000 	C:\Windows\System32\gdi32full.dll
0x00007ff986180000 - 0x00007ff98621b000 	C:\Windows\System32\msvcp_win.dll
0x00007ff986740000 - 0x00007ff986835000 	C:\Windows\System32\ucrtbase.dll
0x00007ff9750a0000 - 0x00007ff975309000 	C:\Windows\WinSxS\amd64_microsoft.windows.common-controls_6595b64144ccf1df_6.0.16299.611_none_15c7d8029365981f\COMCTL32.dll
0x00007ff987d00000 - 0x00007ff988007000 	C:\Windows\System32\combase.dll
0x00007ff986100000 - 0x00007ff986172000 	C:\Windows\System32\bcryptPrimitives.dll
0x00007ff987840000 - 0x00007ff98786d000 	C:\Windows\System32\IMM32.DLL
0x00000000549e0000 - 0x0000000054ab2000 	C:\Program Files\Java\jdk1.8.0_152\jre\bin\msvcr100.dll
0x0000000054180000 - 0x00000000549d1000 	C:\Program Files\Java\jdk1.8.0_152\jre\bin\dcevm\jvm.dll
0x00007ff988010000 - 0x00007ff988018000 	C:\Windows\System32\PSAPI.DLL
0x00007ff982b20000 - 0x00007ff982b43000 	C:\Windows\SYSTEM32\WINMM.dll
0x00007ff9806e0000 - 0x00007ff9806ea000 	C:\Windows\SYSTEM32\VERSION.dll
0x00007ff9827b0000 - 0x00007ff9827da000 	C:\Windows\SYSTEM32\winmmbase.dll
0x00007ff9736b0000 - 0x00007ff9736b9000 	C:\Windows\SYSTEM32\WSOCK32.dll
0x00007ff985ee0000 - 0x00007ff985f2a000 	C:\Windows\System32\cfgmgr32.dll
0x00007ff989660000 - 0x00007ff9896cc000 	C:\Windows\System32\WS2_32.dll
0x0000000054170000 - 0x000000005417f000 	C:\Program Files\Java\jdk1.8.0_152\jre\bin\verify.dll
0x0000000054140000 - 0x0000000054169000 	C:\Program Files\Java\jdk1.8.0_152\jre\bin\java.dll
0x0000000054100000 - 0x0000000054135000 	C:\Program Files\Java\jdk1.8.0_152\jre\bin\jdwp.dll
0x00000000540f0000 - 0x00000000540f8000 	C:\Program Files\Java\jdk1.8.0_152\jre\bin\npt.dll
0x00000000540c0000 - 0x00000000540e3000 	C:\Program Files\Java\jdk1.8.0_152\jre\bin\instrument.dll
0x00000000540a0000 - 0x00000000540b6000 	C:\Program Files\Java\jdk1.8.0_152\jre\bin\zip.dll
0x00007ff988220000 - 0x00007ff989658000 	C:\Windows\System32\SHELL32.dll
0x00007ff9899a0000 - 0x00007ff989a46000 	C:\Windows\System32\shcore.dll
0x00007ff986840000 - 0x00007ff986f87000 	C:\Windows\System32\windows.storage.dll
0x00007ff987980000 - 0x00007ff9879d1000 	C:\Windows\System32\shlwapi.dll
0x00007ff985e70000 - 0x00007ff985e81000 	C:\Windows\System32\kernel.appcore.dll
0x00007ff985e90000 - 0x00007ff985edc000 	C:\Windows\System32\powrprof.dll
0x00007ff985e50000 - 0x00007ff985e6b000 	C:\Windows\System32\profapi.dll
0x0000000054090000 - 0x0000000054099000 	C:\Program Files\Java\jdk1.8.0_152\jre\bin\dt_socket.dll
0x00007ff968480000 - 0x00007ff968496000 	C:\Windows\system32\napinsp.dll
0x00007ff967d10000 - 0x00007ff967d2a000 	C:\Windows\system32\pnrpnsp.dll
0x00007ff97f4f0000 - 0x00007ff97f508000 	C:\Windows\system32\NLAapi.dll
0x00007ff9856c0000 - 0x00007ff985726000 	C:\Windows\System32\mswsock.dll
0x00007ff985490000 - 0x00007ff985546000 	C:\Windows\SYSTEM32\DNSAPI.dll
0x00007ff988210000 - 0x00007ff988218000 	C:\Windows\System32\NSI.dll
0x00007ff985450000 - 0x00007ff985489000 	C:\Windows\SYSTEM32\IPHLPAPI.DLL
0x00007ff968470000 - 0x00007ff96847e000 	C:\Windows\System32\winrnr.dll
0x00007ff95d5f0000 - 0x00007ff95d605000 	C:\Windows\System32\wshbth.dll
0x00007ff977ac0000 - 0x00007ff977b30000 	C:\Windows\System32\fwpuclnt.dll
0x00007ff985990000 - 0x00007ff9859b5000 	C:\Windows\SYSTEM32\bcrypt.dll
0x00007ff977a80000 - 0x00007ff977a8a000 	C:\Windows\System32\rasadhlp.dll
0x0000000054070000 - 0x000000005408a000 	C:\Program Files\Java\jdk1.8.0_152\jre\bin\net.dll
0x0000000054050000 - 0x0000000054061000 	C:\Program Files\Java\jdk1.8.0_152\jre\bin\nio.dll
0x0000000054040000 - 0x000000005404d000 	C:\Program Files\Java\jdk1.8.0_152\jre\bin\management.dll
0x00007ff985880000 - 0x00007ff985897000 	C:\Windows\SYSTEM32\CRYPTSP.dll
0x00007ff9852c0000 - 0x00007ff9852f3000 	C:\Windows\system32\rsaenh.dll
0x00007ff985d60000 - 0x00007ff985d89000 	C:\Windows\SYSTEM32\USERENV.dll
0x00007ff9858a0000 - 0x00007ff9858ab000 	C:\Windows\SYSTEM32\CRYPTBASE.dll
0x00007ff97e520000 - 0x00007ff97e536000 	C:\Windows\SYSTEM32\dhcpcsvc6.DLL
0x00007ff97eb30000 - 0x00007ff97eb4a000 	C:\Windows\SYSTEM32\dhcpcsvc.DLL
0x00000000534c0000 - 0x0000000053658000 	C:\Program Files\Java\jdk1.8.0_152\jre\bin\awt.dll
0x00007ff988020000 - 0x00007ff9880e5000 	C:\Windows\System32\OLEAUT32.dll
0x00007ff9842c0000 - 0x00007ff984348000 	C:\Windows\SYSTEM32\apphelp.dll
0x0000000054010000 - 0x0000000054034000 	C:\Program Files\Java\jdk1.8.0_152\jre\bin\sunec.dll
0x00007ff97ec30000 - 0x00007ff97edf8000 	C:\Windows\SYSTEM32\dbghelp.dll

VM Arguments:
jvm_args: -agentlib:jdwp=transport=dt_socket,suspend=y,address=localhost:51861 -javaagent:C:/Users/andi/.m2/repository/org/springframework/spring-instrument/5.0.6.RELEASE/spring-instrument-5.0.6.RELEASE.jar -javaagent:C:/Users/andi/.m2/repository/org/aspectj/aspectjweaver/1.8.13/aspectjweaver-1.8.13.jar -javaagent:C:/Users/andi/Documents/develop/hotswap-agent-core-1.3.0.jar=autoHotswap=true -Xms256m -Xmx2G -Dsun.java2d.cmm=sun.java2d.cmm.kcms.KcmsServiceProvider -Xverify:none -XX:TieredStopAtLevel=1 -Dfile.encoding=UTF-8 
java_command: com.patho.main.PathoFrohApplication
java_class_path (initial): C:\Program Files\Java\jdk1.8.0_152\jre\lib\resources.jar;C:\Program Files\Java\jdk1.8.0_152\jre\lib\rt.jar;C:\Program Files\Java\jdk1.8.0_152\jre\lib\jsse.jar;C:\Program Files\Java\jdk1.8.0_152\jre\lib\jce.jar;C:\Program Files\Java\jdk1.8.0_152\jre\lib\charsets.jar;C:\Program Files\Java\jdk1.8.0_152\jre\lib\jfr.jar;C:\Program Files\Java\jdk1.8.0_152\jre\lib\ext\access-bridge-64.jar;C:\Program Files\Java\jdk1.8.0_152\jre\lib\ext\cldrdata.jar;C:\Program Files\Java\jdk1.8.0_152\jre\lib\ext\dnsns.jar;C:\Program Files\Java\jdk1.8.0_152\jre\lib\ext\jaccess.jar;C:\Program Files\Java\jdk1.8.0_152\jre\lib\ext\jfxrt.jar;C:\Program Files\Java\jdk1.8.0_152\jre\lib\ext\localedata.jar;C:\Program Files\Java\jdk1.8.0_152\jre\lib\ext\nashorn.jar;C:\Program Files\Java\jdk1.8.0_152\jre\lib\ext\sunec.jar;C:\Program Files\Java\jdk1.8.0_152\jre\lib\ext\sunjce_provider.jar;C:\Program Files\Java\jdk1.8.0_152\jre\lib\ext\sunmscapi.jar;C:\Program Files\Java\jdk1.8.0_152\jre\lib\ext\sunpkcs11.jar;C:\Program Files\Java\jdk1.8.0_152\jre\lib\ext\zipfs.jar;C:\Users\andi\eclipse-workspace\PathoFroh\target\classes;C:\Users\andi\.m2\repository\org\springframework\boot\spring-boot-starter\2.0.2.RELEASE\spring-boot-starter-2.0.2.RELEASE.jar;C:\Users\andi\.m2\repository\org\springframework\boot\spring-boot\2.0.2.RELEASE\spring-boot-2.0.2.RELEASE.jar;C:\Users\andi\.m2\repository\org\springframework\boot\spring-boot-autoconfigure\2.0.2.RELEASE\spring-boot-autoconfigure-2.0.2.RELEASE.jar;C:\Users\andi\.m2\repository\org\springframework\boot\spring-boot-starter-logging\2.0.2.RELEASE\spring-boot-starter-logging-2.0.2.RELEASE.jar;C:\Users\andi\.m2\repository\ch\qos\logback\logback-classic\1.2.3\logback-classic-1.2.3.jar;C:\Users\andi\.m2\repository\ch\qos\logback\logback-core\1.2.3\logback-core-1.2.3.jar;C:\Users\andi\.m2\repository\org\apache\logging\log4j\log4j-to-slf4j\2.10.0\log4j-to-slf4j-2.10.0.jar;C:\Users\andi\.m2\repository\org\apache\logging\log4j\log4j-api\2.10.0\log4j
Launcher Type: SUN_STANDARD

Environment Variables:
PATH=C:\Program Files\Java\jdk1.8.0_152\jre\bin;C:/Program Files/Java/jre1.8.0_181/bin/server;C:/Program Files/Java/jre1.8.0_181/bin;C:/Program Files/Java/jre1.8.0_181/lib/amd64;C:\Program Files (x86)\Common Files\Oracle\Java\javapath;C:\ProgramData\Oracle\Java\javapath;C:\Program Files (x86)\Intel\iCLS Client\;C:\Program Files\Intel\iCLS Client\;C:\Windows\system32;C:\Windows;C:\Windows\System32\Wbem;C:\Windows\System32\WindowsPowerShell\v1.0\;C:\Program Files (x86)\NVIDIA Corporation\PhysX\Common;C:\Program Files\Intel\Intel(R) Management Engine Components\DAL;C:\Program Files (x86)\Intel\Intel(R) Management Engine Components\DAL;C:\Program Files\Intel\Intel(R) Management Engine Components\IPT;C:\Program Files (x86)\Intel\Intel(R) Management Engine Components\IPT;C:\Program Files\Git\cmd;C:\Program Files\TortoiseGit\bin;C:\Program Files\Intel\WiFi\bin\;C:\Program Files\Common Files\Intel\WirelessCommon\;C:\Program Files\MiKTeX 2.9\miktex\bin\x64\;C:\Program Files\nodejs\;C:\Program Files\Calibre2\;C:\Users\andi\AppData\Local\Microsoft\WindowsApps;C:\Program Files\Intel\WiFi\bin\;C:\Program Files\Common Files\Intel\WirelessCommon\;C:\Users\andi\AppData\Roaming\npm;C:\Users\andi\Documents\develop\eclipse;
USERNAME=andi
OS=Windows_NT
PROCESSOR_IDENTIFIER=Intel64 Family 6 Model 60 Stepping 3, GenuineIntel



---------------  S Y S T E M  ---------------

OS: Windows 10.0 , 64 bit Build 16299 (10.0.16299.431)

CPU:total 8 (initial active 8) (4 cores per cpu, 2 threads per core) family 6 model 60 stepping 3, cmov, cx8, fxsr, mmx, sse, sse2, sse3, ssse3, sse4.1, sse4.2, popcnt, avx, avx2, aes, clmul, erms, lzcnt, ht, tsc, tscinvbit, bmi1, bmi2

Memory: 4k page, physical 8271256k(1328640k free), swap 13409532k(2015924k free)

vm_info: Dynamic Code Evolution 64-Bit Server VM (25.71-b01-dcevmlight-30) for windows-amd64 JRE (1.8.0), built on Feb 14 2018 07:21:37 by "Administrator" with MS VC++ 10.0 (VS2010)

time: Sat Sep 01 15:47:16 2018
elapsed time: 1326 seconds (0d 0h 22m 6s)

