#
# A fatal error has been detected by the Java Runtime Environment:
#
#  EXCEPTION_ACCESS_VIOLATION (0xc0000005) at pc=0x0000000076cc27bd, pid=6668, tid=0x0000000000001a58
#
# JRE version: Java(TM) SE Runtime Environment (8.0_191-b12) (build 1.8.0_191-b12)
# Java VM: Dynamic Code Evolution 64-Bit Server VM (25.71-b01-dcevmlight-26 mixed mode windows-amd64 compressed oops)
# Problematic frame:
# V  [jvm.dll+0xd27bd]
#
# Failed to write core dump. Minidumps are not enabled by default on client versions of Windows
#
# If you would like to submit a bug report, please visit:
#   https://github.com/dcevm/dcevm/issues
#

---------------  T H R E A D  ---------------

Current thread (0x000000000288e800):  VMThread [stack: 0x0000000012e20000,0x0000000012f20000] [id=6744]

siginfo: ExceptionCode=0xc0000005, reading address 0x0000000000000010

Registers:
RAX=0x00000000000000ff, RBX=0x0000000000002000, RCX=0x0000000000000000, RDX=0x0000000000000000
RSP=0x0000000012f1f110, RBP=0x0000000012f1f240, RSI=0x0000000000002000, RDI=0x0000000016af10b0
R8 =0x00000000027be3a0, R9 =0x0000000000000003, R10=0x0000000000000003, R11=0x0000000016af1bd1
R12=0x0000000012f1f2d0, R13=0x0000000012f1f2c0, R14=0x0000000000000000, R15=0x0000000000000000
RIP=0x0000000076cc27bd, EFLAGS=0x0000000000010202

Top of Stack: (sp=0x0000000012f1f110)
0x0000000012f1f110:   00000000000000b7 0000000012f1f240
0x0000000012f1f120:   00000000000000b7 00000000505220da
0x0000000012f1f130:   0000000000000000 0000000076da71d0
0x0000000012f1f140:   0000000000000000 00000000000000b7
0x0000000012f1f150:   00000000027b1cf8 00000000505220da
0x0000000012f1f160:   0000000012f1f240 00000000505220da
0x0000000012f1f170:   000000000288fee0 0000000050554e7e
0x0000000012f1f180:   00000000027b1cf8 0000000050525695
0x0000000012f1f190:   0000000012f1f4f0 00000000505220da
0x0000000012f1f1a0:   0000000000000000 00000000ffffffd9
0x0000000012f1f1b0:   0000000000000027 00000000505538a8
0x0000000012f1f1c0:   0000000012f1f6a8 0000000012f1f2c0
0x0000000012f1f1d0:   0000000012f1f4f0 000000005053d79a
0x0000000012f1f1e0:   000000000288fee0 0000000050554e7e
0x0000000012f1f1f0:   0000000012f1f6a8 0000000050525695
0x0000000012f1f200:   ffffffff00000027 0000000000000027 

Instructions: (pc=0x0000000076cc27bd)
0x0000000076cc279d:   0f b7 d8 48 63 c3 0f b7 44 c7 50 48 8b 44 c7 50
0x0000000076cc27ad:   48 89 44 24 30 f6 d0 48 8b 4c 24 30 a8 01 74 0f
0x0000000076cc27bd:   48 8b 41 10 48 8b 5c 24 38 48 83 c4 20 5f c3 48
0x0000000076cc27cd:   8b 5c 24 38 48 83 e1 fe 48 8b c1 48 83 c4 20 5f 


Register to memory mapping:

RAX=0x00000000000000ff is an unknown value
RBX=0x0000000000002000 is an unknown value
RCX=0x0000000000000000 is an unknown value
RDX=0x0000000000000000 is an unknown value
RSP=0x0000000012f1f110 is an unknown value
RBP=0x0000000012f1f240 is an unknown value
RSI=0x0000000000002000 is an unknown value
RDI=0x0000000016af10b0 is pointing into metadata
R8 =0x00000000027be3a0 is an unknown value
R9 =0x0000000000000003 is an unknown value
R10=0x0000000000000003 is an unknown value
R11=0x0000000016af1bd1 is pointing into metadata
R12=0x0000000012f1f2d0 is an unknown value
R13=0x0000000012f1f2c0 is an unknown value
R14=0x0000000000000000 is an unknown value
R15=0x0000000000000000 is an unknown value


Stack: [0x0000000012e20000,0x0000000012f20000],  sp=0x0000000012f1f110,  free space=1020k
Native frames: (J=compiled Java code, j=interpreted, Vv=VM code, C=native code)
V  [jvm.dll+0xd27bd]
V  [jvm.dll+0x1b71d0]
V  [jvm.dll+0x1b8122]
V  [jvm.dll+0x1a9e55]
V  [jvm.dll+0x1af00f]
V  [jvm.dll+0x1afc6a]
V  [jvm.dll+0x22caf7]
V  [jvm.dll+0x22bdb2]
V  [jvm.dll+0x22c231]
V  [jvm.dll+0x22c44e]
V  [jvm.dll+0x2767ea]
C  [msvcr100.dll+0x21d9f]
C  [msvcr100.dll+0x21e3b]
C  [KERNEL32.DLL+0x18102]
C  [ntdll.dll+0x5c5b4]

VM_Operation (0x00000000583eed40): RedefineClasses, mode: safepoint, requested by thread 0x000000001c23f800


---------------  P R O C E S S  ---------------

Java Threads: ( => current thread )
  0x000000001c23f800 JavaThread "Thread-926" daemon [_thread_blocked, id=10020, stack(0x00000000582f0000,0x00000000583f0000)]
  0x000000001c240000 JavaThread "RMI TCP Connection(idle)" daemon [_thread_blocked, id=9000, stack(0x00000000208c0000,0x00000000209c0000)]
  0x000000001c239800 JavaThread "DestroyJavaVM" [_thread_blocked, id=4292, stack(0x00000000025a0000,0x00000000026a0000)]
  0x000000001c23a000 JavaThread "http-nio-8080-AsyncTimeout" daemon [_thread_blocked, id=5436, stack(0x000000001f2f0000,0x000000001f3f0000)]
  0x0000000018e7a000 JavaThread "http-nio-8080-Acceptor-0" daemon [_thread_in_native, id=4000, stack(0x000000001f1f0000,0x000000001f2f0000)]
  0x0000000018e72800 JavaThread "http-nio-8080-ClientPoller-1" daemon [_thread_in_native, id=8008, stack(0x000000001f0f0000,0x000000001f1f0000)]
  0x0000000018e79000 JavaThread "http-nio-8080-ClientPoller-0" daemon [_thread_in_native, id=5904, stack(0x000000001eff0000,0x000000001f0f0000)]
  0x0000000018e77800 JavaThread "http-nio-8080-exec-10" daemon [_thread_blocked, id=6548, stack(0x000000001eef0000,0x000000001eff0000)]
  0x0000000018e74800 JavaThread "http-nio-8080-exec-9" daemon [_thread_blocked, id=2556, stack(0x000000001edf0000,0x000000001eef0000)]
  0x0000000018e77000 JavaThread "http-nio-8080-exec-8" daemon [_thread_blocked, id=6788, stack(0x000000001ecf0000,0x000000001edf0000)]
  0x0000000018e78800 JavaThread "http-nio-8080-exec-7" daemon [_thread_blocked, id=3508, stack(0x000000001ebf0000,0x000000001ecf0000)]
  0x0000000018e73000 JavaThread "http-nio-8080-exec-6" daemon [_thread_blocked, id=5412, stack(0x000000001eaf0000,0x000000001ebf0000)]
  0x0000000018e76000 JavaThread "http-nio-8080-exec-5" daemon [_thread_blocked, id=504, stack(0x000000001e9f0000,0x000000001eaf0000)]
  0x0000000018e74000 JavaThread "http-nio-8080-exec-4" daemon [_thread_blocked, id=4256, stack(0x000000001e8f0000,0x000000001e9f0000)]
  0x0000000018e75800 JavaThread "http-nio-8080-exec-3" daemon [_thread_blocked, id=9124, stack(0x000000001e7f0000,0x000000001e8f0000)]
  0x0000000018e71000 JavaThread "http-nio-8080-exec-2" daemon [_thread_blocked, id=7180, stack(0x000000001e6f0000,0x000000001e7f0000)]
  0x0000000018e6d000 JavaThread "http-nio-8080-exec-1" daemon [_thread_blocked, id=6552, stack(0x000000001e5f0000,0x000000001e6f0000)]
  0x0000000018e70000 JavaThread "NioBlockingSelector.BlockPoller-1" daemon [_thread_in_native, id=5468, stack(0x000000001e4f0000,0x000000001e5f0000)]
  0x0000000018e6a800 JavaThread "Live Reload Server" daemon [_thread_in_native, id=8824, stack(0x000000001e3f0000,0x000000001e4f0000)]
  0x0000000018e71800 JavaThread "File Watcher" daemon [_thread_blocked, id=8864, stack(0x000000001e1f0000,0x000000001e2f0000)]
  0x0000000018e6c000 JavaThread "HikariPool-1 housekeeper" daemon [_thread_blocked, id=7120, stack(0x000000001c5f0000,0x000000001c6f0000)]
  0x0000000018e6f000 JavaThread "PostgreSQL-JDBC-SharedTimer-1" daemon [_thread_blocked, id=8728, stack(0x000000001c4f0000,0x000000001c5f0000)]
  0x0000000018e6b800 JavaThread "container-0" [_thread_blocked, id=6092, stack(0x000000001b320000,0x000000001b420000)]
  0x0000000017f7b800 JavaThread "ContainerBackgroundProcessor[StandardEngine[Tomcat]]" daemon [_thread_blocked, id=8000, stack(0x000000001b220000,0x000000001b320000)]
  0x0000000015603000 JavaThread "JMX server connection timeout 25" daemon [_thread_blocked, id=7064, stack(0x0000000016d50000,0x0000000016e50000)]
  0x00000000155d6800 JavaThread "RMI Scheduler(0)" daemon [_thread_blocked, id=8796, stack(0x0000000016c50000,0x0000000016d50000)]
  0x00000000153ac800 JavaThread "RMI TCP Accept-0" daemon [_thread_in_native, id=7148, stack(0x0000000016540000,0x0000000016640000)]
  0x00000000153a9000 JavaThread "RMI TCP Accept-53684" daemon [_thread_in_native, id=10032, stack(0x0000000016440000,0x0000000016540000)]
  0x000000001539c000 JavaThread "RMI TCP Accept-0" daemon [_thread_in_native, id=9804, stack(0x0000000016340000,0x0000000016440000)]
  0x00000000143c3000 JavaThread "Service Thread" daemon [_thread_blocked, id=5232, stack(0x0000000015070000,0x0000000015170000)]
  0x0000000014440800 JavaThread "C1 CompilerThread3" daemon [_thread_blocked, id=8744, stack(0x0000000014f70000,0x0000000015070000)]
  0x000000001443d800 JavaThread "C2 CompilerThread2" daemon [_thread_blocked, id=96, stack(0x0000000014e70000,0x0000000014f70000)]
  0x000000001443a800 JavaThread "C2 CompilerThread1" daemon [_thread_blocked, id=5988, stack(0x0000000014d70000,0x0000000014e70000)]
  0x0000000014439800 JavaThread "C2 CompilerThread0" daemon [_thread_blocked, id=6468, stack(0x0000000014c70000,0x0000000014d70000)]
  0x0000000014225800 JavaThread "Thread-4" daemon [_thread_blocked, id=7632, stack(0x0000000014970000,0x0000000014a70000)]
  0x0000000014224800 JavaThread "HotSwap Dispatcher" daemon [_thread_blocked, id=5180, stack(0x0000000014870000,0x0000000014970000)]
  0x000000001421c800 JavaThread "HotSwap Watcher" daemon [_thread_blocked, id=8748, stack(0x0000000014770000,0x0000000014870000)]
  0x0000000014296800 JavaThread "Thread-1" daemon [_thread_in_native, id=9488, stack(0x0000000014670000,0x0000000014770000)]
  0x0000000012d3c800 JavaThread "JDWP Command Reader" daemon [_thread_in_native, id=6544, stack(0x0000000013970000,0x0000000013a70000)]
  0x0000000012d39800 JavaThread "JDWP Event Helper Thread" daemon [_thread_blocked, id=8868, stack(0x0000000013870000,0x0000000013970000)]
  0x0000000012d2c800 JavaThread "JDWP Transport Listener: dt_socket" daemon [_thread_blocked, id=1332, stack(0x0000000013770000,0x0000000013870000)]
  0x0000000012d1d800 JavaThread "Attach Listener" daemon [_thread_blocked, id=5124, stack(0x0000000013330000,0x0000000013430000)]
  0x0000000012d1c800 JavaThread "Signal Dispatcher" daemon [_thread_blocked, id=5056, stack(0x0000000013230000,0x0000000013330000)]
  0x000000000289e000 JavaThread "Finalizer" daemon [_thread_blocked, id=8220, stack(0x0000000013020000,0x0000000013120000)]
  0x0000000002896000 JavaThread "Reference Handler" daemon [_thread_blocked, id=8960, stack(0x0000000012f20000,0x0000000013020000)]

Other Threads:
=>0x000000000288e800 VMThread [stack: 0x0000000012e20000,0x0000000012f20000] [id=6744]
  0x00000000153cd800 WatcherThread [stack: 0x0000000016640000,0x0000000016740000] [id=5708]

VM state:at safepoint (normal execution)

VM Mutex/Monitor currently owned by a thread:  ([mutex/lock_event])
[0x00000000027a0350] Threads_lock - owner thread: 0x000000000288e800
[0x00000000027a0750] Heap_lock - owner thread: 0x000000001c23f800

Heap:
 def new generation   total 78720K, used 5322K [0x0000000080000000, 0x0000000085560000, 0x00000000aaaa0000)
  eden space 70016K,   5% used [0x0000000080000000, 0x00000000803b5120, 0x0000000084460000)
  from space 8704K,  17% used [0x0000000084460000, 0x00000000845dd700, 0x0000000084ce0000)
  to   space 8704K,   0% used [0x0000000084ce0000, 0x0000000084ce0000, 0x0000000085560000)
 tenured generation   total 174784K, used 119843K [0x00000000aaaa0000, 0x00000000b5550000, 0x0000000100000000)
   the space 174784K,  68% used [0x00000000aaaa0000, 0x00000000b1fa8cd0, 0x00000000b1fa8e00, 0x00000000b5550000)
 Metaspace       used 112878K, capacity 119714K, committed 120012K, reserved 1153024K
  class space    used 15183K, capacity 16578K, committed 16640K, reserved 1048576K

Card table byte_map: [0x0000000011d60000,0x0000000012170000] byte_map_base: 0x0000000011960000

Polling page: 0x00000000026a0000

CodeCache: size=245760Kb used=7279Kb max_used=33091Kb free=238480Kb
 bounds [0x00000000029a0000, 0x0000000004a00000, 0x00000000119a0000]
 total_blobs=4251 nmethods=3591 adapters=580
 compilation: enabled

Compilation events (10 events):
Event: 462.974 Thread 0x0000000014440800 nmethod 26603 0x0000000002dc86d0 code [0x0000000002dc89c0, 0x0000000002dc9908]
Event: 462.974 Thread 0x0000000014440800 26718       1       java.io.DataOutputStream::writeInt (65 bytes)
Event: 462.974 Thread 0x0000000014440800 nmethod 26718 0x0000000002dc8210 code [0x0000000002dc83a0, 0x0000000002dc85d8]
Event: 462.974 Thread 0x0000000014440800 26720       1       org.hotswap.agent.javassist.bytecode.ExceptionTable::size (8 bytes)
Event: 462.974 Thread 0x0000000014440800 nmethod 26720 0x0000000002dc7f10 code [0x0000000002dc8060, 0x0000000002dc8170]
Event: 462.974 Thread 0x0000000014440800 26664       1       org.hotswap.agent.javassist.bytecode.MethodrefInfo::getTag (3 bytes)
Event: 462.974 Thread 0x0000000014440800 nmethod 26664 0x0000000002dc7c50 code [0x0000000002dc7da0, 0x0000000002dc7eb0]
Event: 462.974 Thread 0x0000000014440800 26686       1       java.lang.StringBuilder::append (8 bytes)
Event: 462.975 Thread 0x0000000014440800 nmethod 26686 0x0000000002dc7550 code [0x0000000002dc76e0, 0x0000000002dc79f8]
Event: 462.975 Thread 0x0000000014440800 26722       1       java.util.ArrayList::grow (45 bytes)

GC Heap History (10 events):
Event: 351.977 GC heap before
{Heap before GC invocations=83 (full 4):
 def new generation   total 78720K, used 73061K [0x0000000080000000, 0x0000000085560000, 0x00000000aaaa0000)
  eden space 70016K, 100% used [0x0000000080000000, 0x0000000084460000, 0x0000000084460000)
  from space 8704K,  34% used [0x0000000084ce0000, 0x0000000084fd9610, 0x0000000085560000)
  to   space 8704K,   0% used [0x0000000084460000, 0x0000000084460000, 0x0000000084ce0000)
 tenured generation   total 174784K, used 118392K [0x00000000aaaa0000, 0x00000000b5550000, 0x0000000100000000)
   the space 174784K,  67% used [0x00000000aaaa0000, 0x00000000b1e3e3e0, 0x00000000b1e3e400, 0x00000000b5550000)
 Metaspace       used 112003K, capacity 118652K, committed 118860K, reserved 1150976K
  class space    used 15121K, capacity 16507K, committed 16512K, reserved 1048576K
Event: 351.986 GC heap after
Heap after GC invocations=84 (full 4):
 def new generation   total 78720K, used 3320K [0x0000000080000000, 0x0000000085560000, 0x00000000aaaa0000)
  eden space 70016K,   0% used [0x0000000080000000, 0x0000000080000000, 0x0000000084460000)
  from space 8704K,  38% used [0x0000000084460000, 0x000000008479e3e8, 0x0000000084ce0000)
  to   space 8704K,   0% used [0x0000000084ce0000, 0x0000000084ce0000, 0x0000000085560000)
 tenured generation   total 174784K, used 118392K [0x00000000aaaa0000, 0x00000000b5550000, 0x0000000100000000)
   the space 174784K,  67% used [0x00000000aaaa0000, 0x00000000b1e3e3e0, 0x00000000b1e3e400, 0x00000000b5550000)
 Metaspace       used 112003K, capacity 118652K, committed 118860K, reserved 1150976K
  class space    used 15121K, capacity 16507K, committed 16512K, reserved 1048576K
}
Event: 359.535 GC heap before
{Heap before GC invocations=84 (full 4):
 def new generation   total 78720K, used 73336K [0x0000000080000000, 0x0000000085560000, 0x00000000aaaa0000)
  eden space 70016K, 100% used [0x0000000080000000, 0x0000000084460000, 0x0000000084460000)
  from space 8704K,  38% used [0x0000000084460000, 0x000000008479e3e8, 0x0000000084ce0000)
  to   space 8704K,   0% used [0x0000000084ce0000, 0x0000000084ce0000, 0x0000000085560000)
 tenured generation   total 174784K, used 118392K [0x00000000aaaa0000, 0x00000000b5550000, 0x0000000100000000)
   the space 174784K,  67% used [0x00000000aaaa0000, 0x00000000b1e3e3e0, 0x00000000b1e3e400, 0x00000000b5550000)
 Metaspace       used 112576K, capacity 119412K, committed 119500K, reserved 1153024K
  class space    used 15170K, capacity 16569K, committed 16640K, reserved 1048576K
Event: 359.545 GC heap after
Heap after GC invocations=85 (full 4):
 def new generation   total 78720K, used 4947K [0x0000000080000000, 0x0000000085560000, 0x00000000aaaa0000)
  eden space 70016K,   0% used [0x0000000080000000, 0x0000000080000000, 0x0000000084460000)
  from space 8704K,  56% used [0x0000000084ce0000, 0x00000000851b4f70, 0x0000000085560000)
  to   space 8704K,   0% used [0x0000000084460000, 0x0000000084460000, 0x0000000084ce0000)
 tenured generation   total 174784K, used 118392K [0x00000000aaaa0000, 0x00000000b5550000, 0x0000000100000000)
   the space 174784K,  67% used [0x00000000aaaa0000, 0x00000000b1e3e3e0, 0x00000000b1e3e400, 0x00000000b5550000)
 Metaspace       used 112576K, capacity 119412K, committed 119500K, reserved 1153024K
  class space    used 15170K, capacity 16569K, committed 16640K, reserved 1048576K
}
Event: 392.116 GC heap before
{Heap before GC invocations=85 (full 4):
 def new generation   total 78720K, used 74963K [0x0000000080000000, 0x0000000085560000, 0x00000000aaaa0000)
  eden space 70016K, 100% used [0x0000000080000000, 0x0000000084460000, 0x0000000084460000)
  from space 8704K,  56% used [0x0000000084ce0000, 0x00000000851b4f70, 0x0000000085560000)
  to   space 8704K,   0% used [0x0000000084460000, 0x0000000084460000, 0x0000000084ce0000)
 tenured generation   total 174784K, used 118392K [0x00000000aaaa0000, 0x00000000b5550000, 0x0000000100000000)
   the space 174784K,  67% used [0x00000000aaaa0000, 0x00000000b1e3e3e0, 0x00000000b1e3e400, 0x00000000b5550000)
 Metaspace       used 112692K, capacity 119522K, committed 119756K, reserved 1153024K
  class space    used 15176K, capacity 16578K, committed 16640K, reserved 1048576K
Event: 392.126 GC heap after
Heap after GC invocations=86 (full 4):
 def new generation   total 78720K, used 1756K [0x0000000080000000, 0x0000000085560000, 0x00000000aaaa0000)
  eden space 70016K,   0% used [0x0000000080000000, 0x0000000080000000, 0x0000000084460000)
  from space 8704K,  20% used [0x0000000084460000, 0x00000000846171b8, 0x0000000084ce0000)
  to   space 8704K,   0% used [0x0000000084ce0000, 0x0000000084ce0000, 0x0000000085560000)
 tenured generation   total 174784K, used 119527K [0x00000000aaaa0000, 0x00000000b5550000, 0x0000000100000000)
   the space 174784K,  68% used [0x00000000aaaa0000, 0x00000000b1f59d68, 0x00000000b1f59e00, 0x00000000b5550000)
 Metaspace       used 112692K, capacity 119522K, committed 119756K, reserved 1153024K
  class space    used 15176K, capacity 16578K, committed 16640K, reserved 1048576K
}
Event: 429.755 GC heap before
{Heap before GC invocations=86 (full 4):
 def new generation   total 78720K, used 71772K [0x0000000080000000, 0x0000000085560000, 0x00000000aaaa0000)
  eden space 70016K, 100% used [0x0000000080000000, 0x0000000084460000, 0x0000000084460000)
  from space 8704K,  20% used [0x0000000084460000, 0x00000000846171b8, 0x0000000084ce0000)
  to   space 8704K,   0% used [0x0000000084ce0000, 0x0000000084ce0000, 0x0000000085560000)
 tenured generation   total 174784K, used 119527K [0x00000000aaaa0000, 0x00000000b5550000, 0x0000000100000000)
   the space 174784K,  68% used [0x00000000aaaa0000, 0x00000000b1f59d68, 0x00000000b1f59e00, 0x00000000b5550000)
 Metaspace       used 112692K, capacity 119522K, committed 119756K, reserved 1153024K
  class space    used 15176K, capacity 16578K, committed 16640K, reserved 1048576K
Event: 429.762 GC heap after
Heap after GC invocations=87 (full 4):
 def new generation   total 78720K, used 2052K [0x0000000080000000, 0x0000000085560000, 0x00000000aaaa0000)
  eden space 70016K,   0% used [0x0000000080000000, 0x0000000080000000, 0x0000000084460000)
  from space 8704K,  23% used [0x0000000084ce0000, 0x0000000084ee1360, 0x0000000085560000)
  to   space 8704K,   0% used [0x0000000084460000, 0x0000000084460000, 0x0000000084ce0000)
 tenured generation   total 174784K, used 119527K [0x00000000aaaa0000, 0x00000000b5550000, 0x0000000100000000)
   the space 174784K,  68% used [0x00000000aaaa0000, 0x00000000b1f59d68, 0x00000000b1f59e00, 0x00000000b5550000)
 Metaspace       used 112692K, capacity 119522K, committed 119756K, reserved 1153024K
  class space    used 15176K, capacity 16578K, committed 16640K, reserved 1048576K
}
Event: 462.936 GC heap before
{Heap before GC invocations=87 (full 4):
 def new generation   total 78720K, used 72068K [0x0000000080000000, 0x0000000085560000, 0x00000000aaaa0000)
  eden space 70016K, 100% used [0x0000000080000000, 0x0000000084460000, 0x0000000084460000)
  from space 8704K,  23% used [0x0000000084ce0000, 0x0000000084ee1360, 0x0000000085560000)
  to   space 8704K,   0% used [0x0000000084460000, 0x0000000084460000, 0x0000000084ce0000)
 tenured generation   total 174784K, used 119527K [0x00000000aaaa0000, 0x00000000b5550000, 0x0000000100000000)
   the space 174784K,  68% used [0x00000000aaaa0000, 0x00000000b1f59d68, 0x00000000b1f59e00, 0x00000000b5550000)
 Metaspace       used 112769K, capacity 119586K, committed 119756K, reserved 1153024K
  class space    used 15178K, capacity 16578K, committed 16640K, reserved 1048576K
Event: 462.945 GC heap after
Heap after GC invocations=88 (full 4):
 def new generation   total 78720K, used 1525K [0x0000000080000000, 0x0000000085560000, 0x00000000aaaa0000)
  eden space 70016K,   0% used [0x0000000080000000, 0x0000000080000000, 0x0000000084460000)
  from space 8704K,  17% used [0x0000000084460000, 0x00000000845dd700, 0x0000000084ce0000)
  to   space 8704K,   0% used [0x0000000084ce0000, 0x0000000084ce0000, 0x0000000085560000)
 tenured generation   total 174784K, used 119843K [0x00000000aaaa0000, 0x00000000b5550000, 0x0000000100000000)
   the space 174784K,  68% used [0x00000000aaaa0000, 0x00000000b1fa8cd0, 0x00000000b1fa8e00, 0x00000000b5550000)
 Metaspace       used 112769K, capacity 119586K, committed 119756K, reserved 1153024K
  class space    used 15178K, capacity 16578K, committed 16640K, reserved 1048576K
}

Deoptimization events (0 events):
No events

Internal exceptions (10 events):
Event: 358.879 Thread 0x0000000018e77000 Exception <a 'java/lang/NullPointerException'> (0x00000000839e5ac0) thrown at [C:\Jenkins\workspace\DCEVM-8u161\jdk\JDK1.8.0_181-x64\k\product\oops\nocompressed\slave\dcevm-win\hotspot\src\share\vm\interpreter\linkResolver.cpp, line 1197]
Event: 358.879 Thread 0x0000000018e77000 Exception <a 'java/lang/NullPointerException'> (0x00000000839e9cd0) thrown at [C:\Jenkins\workspace\DCEVM-8u161\jdk\JDK1.8.0_181-x64\k\product\oops\nocompressed\slave\dcevm-win\hotspot\src\share\vm\interpreter\linkResolver.cpp, line 1197]
Event: 358.879 Thread 0x0000000018e77000 Exception <a 'java/lang/NullPointerException'> (0x00000000839efaf8) thrown at [C:\Jenkins\workspace\DCEVM-8u161\jdk\JDK1.8.0_181-x64\k\product\oops\nocompressed\slave\dcevm-win\hotspot\src\share\vm\interpreter\linkResolver.cpp, line 1197]
Event: 358.880 Thread 0x0000000018e77000 Exception <a 'java/lang/NullPointerException'> (0x00000000839f43f0) thrown at [C:\Jenkins\workspace\DCEVM-8u161\jdk\JDK1.8.0_181-x64\k\product\oops\nocompressed\slave\dcevm-win\hotspot\src\share\vm\interpreter\linkResolver.cpp, line 1197]
Event: 358.880 Thread 0x0000000018e77000 Exception <a 'java/lang/NullPointerException'> (0x00000000839f86a8) thrown at [C:\Jenkins\workspace\DCEVM-8u161\jdk\JDK1.8.0_181-x64\k\product\oops\nocompressed\slave\dcevm-win\hotspot\src\share\vm\interpreter\linkResolver.cpp, line 1197]
Event: 365.142 Thread 0x0000000018e77800 Exception <a 'java/lang/NullPointerException'> (0x0000000080dc43b8) thrown at [C:\Jenkins\workspace\DCEVM-8u161\jdk\JDK1.8.0_181-x64\k\product\oops\nocompressed\slave\dcevm-win\hotspot\src\share\vm\interpreter\linkResolver.cpp, line 1197]
Event: 365.142 Thread 0x0000000018e77800 Exception <a 'java/lang/NullPointerException'> (0x0000000080dc7430) thrown at [C:\Jenkins\workspace\DCEVM-8u161\jdk\JDK1.8.0_181-x64\k\product\oops\nocompressed\slave\dcevm-win\hotspot\src\share\vm\interpreter\linkResolver.cpp, line 1197]
Event: 366.835 Thread 0x0000000018e75800 Exception <a 'java/lang/NullPointerException'> (0x00000000810d45e8) thrown at [C:\Jenkins\workspace\DCEVM-8u161\jdk\JDK1.8.0_181-x64\k\product\oops\nocompressed\slave\dcevm-win\hotspot\src\share\vm\interpreter\linkResolver.cpp, line 1197]
Event: 366.836 Thread 0x0000000018e75800 Exception <a 'java/lang/NullPointerException'> (0x00000000810d8668) thrown at [C:\Jenkins\workspace\DCEVM-8u161\jdk\JDK1.8.0_181-x64\k\product\oops\nocompressed\slave\dcevm-win\hotspot\src\share\vm\interpreter\linkResolver.cpp, line 1197]
Event: 366.836 Thread 0x0000000018e75800 Exception <a 'java/lang/NullPointerException'> (0x00000000810dc398) thrown at [C:\Jenkins\workspace\DCEVM-8u161\jdk\JDK1.8.0_181-x64\k\product\oops\nocompressed\slave\dcevm-win\hotspot\src\share\vm\interpreter\linkResolver.cpp, line 1197]

Events (10 events):
Event: 462.948 Thread 0x0000000014440800 flushing nmethod 0x0000000003f71510
Event: 462.948 Thread 0x0000000014440800 flushing nmethod 0x0000000003f717d0
Event: 462.948 Thread 0x0000000014440800 flushing nmethod 0x0000000003f71b90
Event: 462.948 Thread 0x0000000014440800 flushing nmethod 0x0000000003f72850
Event: 462.948 Thread 0x0000000014440800 flushing nmethod 0x0000000003f72dd0
Event: 462.948 Thread 0x0000000014440800 flushing nmethod 0x0000000003f73150
Event: 462.948 Thread 0x0000000014440800 flushing nmethod 0x0000000003f73450
Event: 462.948 Thread 0x0000000014440800 flushing nmethod 0x0000000003f73810
Event: 462.948 Thread 0x0000000014440800 flushing nmethod 0x0000000003f74010
Event: 462.975 Executing VM operation: RedefineClasses


Dynamic libraries:
0x00007ff648170000 - 0x00007ff6481a7000 	C:\Program Files\Java\jre1.8.0_191\bin\javaw.exe
0x00007ff8f7490000 - 0x00007ff8f7651000 	C:\WINDOWS\SYSTEM32\ntdll.dll
0x00007ff8f65d0000 - 0x00007ff8f667d000 	C:\WINDOWS\system32\KERNEL32.DLL
0x00007ff8f46a0000 - 0x00007ff8f4888000 	C:\WINDOWS\system32\KERNELBASE.dll
0x00007ff8f6fa0000 - 0x00007ff8f7047000 	C:\WINDOWS\system32\ADVAPI32.dll
0x00007ff8f73e0000 - 0x00007ff8f747d000 	C:\WINDOWS\system32\msvcrt.dll
0x00007ff8f49f0000 - 0x00007ff8f4a4b000 	C:\WINDOWS\system32\sechost.dll
0x00007ff8f6c20000 - 0x00007ff8f6d3d000 	C:\WINDOWS\system32\RPCRT4.dll
0x00007ff8f4d00000 - 0x00007ff8f4e56000 	C:\WINDOWS\system32\USER32.dll
0x00007ff8f4b70000 - 0x00007ff8f4cf7000 	C:\WINDOWS\system32\GDI32.dll
0x00007ff8e3970000 - 0x00007ff8e3be4000 	C:\WINDOWS\WinSxS\amd64_microsoft.windows.common-controls_6595b64144ccf1df_6.0.10586.839_none_a2ddba30a539a2ae\COMCTL32.dll
0x00007ff8f7160000 - 0x00007ff8f73de000 	C:\WINDOWS\system32\combase.dll
0x00007ff8f3e20000 - 0x00007ff8f3e8a000 	C:\WINDOWS\system32\bcryptPrimitives.dll
0x00007ff8f6db0000 - 0x00007ff8f6deb000 	C:\WINDOWS\system32\IMM32.DLL
0x0000000050500000 - 0x00000000505d2000 	C:\Program Files\Java\jre1.8.0_191\bin\msvcr100.dll
0x0000000076bf0000 - 0x0000000077441000 	C:\Program Files\Java\jre1.8.0_191\bin\dcevm\jvm.dll
0x00007ff8f7480000 - 0x00007ff8f7488000 	C:\WINDOWS\system32\PSAPI.DLL
0x00007ff8e67e0000 - 0x00007ff8e67e9000 	C:\WINDOWS\SYSTEM32\WSOCK32.dll
0x00007ff8f2320000 - 0x00007ff8f2343000 	C:\WINDOWS\SYSTEM32\WINMM.dll
0x00007ff8e67d0000 - 0x00007ff8e67da000 	C:\WINDOWS\SYSTEM32\VERSION.dll
0x00007ff8f6d40000 - 0x00007ff8f6dab000 	C:\WINDOWS\system32\WS2_32.dll
0x00007ff8f22c0000 - 0x00007ff8f22ec000 	C:\WINDOWS\SYSTEM32\WINMMBASE.dll
0x00007ff8f3c00000 - 0x00007ff8f3c43000 	C:\WINDOWS\system32\cfgmgr32.dll
0x00000000506e0000 - 0x00000000506ef000 	C:\Program Files\Java\jre1.8.0_191\bin\verify.dll
0x00000000506b0000 - 0x00000000506d9000 	C:\Program Files\Java\jre1.8.0_191\bin\java.dll
0x00000000504b0000 - 0x00000000504e5000 	C:\Program Files\Java\jre1.8.0_191\bin\jdwp.dll
0x00000000507e0000 - 0x00000000507e8000 	C:\Program Files\Java\jre1.8.0_191\bin\npt.dll
0x0000000050680000 - 0x00000000506a3000 	C:\Program Files\Java\jre1.8.0_191\bin\instrument.dll
0x0000000050660000 - 0x0000000050676000 	C:\Program Files\Java\jre1.8.0_191\bin\zip.dll
0x00007ff8f5010000 - 0x00007ff8f656c000 	C:\WINDOWS\system32\SHELL32.dll
0x00007ff8f3e90000 - 0x00007ff8f44d5000 	C:\WINDOWS\system32\windows.storage.dll
0x00007ff8f6f40000 - 0x00007ff8f6f92000 	C:\WINDOWS\system32\shlwapi.dll
0x00007ff8f3b30000 - 0x00007ff8f3b3f000 	C:\WINDOWS\system32\kernel.appcore.dll
0x00007ff8f3b40000 - 0x00007ff8f3bf5000 	C:\WINDOWS\system32\shcore.dll
0x00007ff8f3ad0000 - 0x00007ff8f3b1b000 	C:\WINDOWS\system32\powrprof.dll
0x00007ff8f3ab0000 - 0x00007ff8f3ac4000 	C:\WINDOWS\system32\profapi.dll
0x00000000507d0000 - 0x00000000507d9000 	C:\Program Files\Java\jre1.8.0_191\bin\dt_socket.dll
0x00007ff8e43c0000 - 0x00007ff8e43d6000 	C:\WINDOWS\system32\napinsp.dll
0x00007ff8e4380000 - 0x00007ff8e439a000 	C:\WINDOWS\system32\pnrpnsp.dll
0x00007ff8f1fd0000 - 0x00007ff8f1fe8000 	C:\WINDOWS\system32\NLAapi.dll
0x00007ff8f3380000 - 0x00007ff8f33dc000 	C:\WINDOWS\System32\mswsock.dll
0x00007ff8f2590000 - 0x00007ff8f263a000 	C:\WINDOWS\SYSTEM32\DNSAPI.dll
0x00007ff8f6b30000 - 0x00007ff8f6b38000 	C:\WINDOWS\system32\NSI.dll
0x00007ff8e4370000 - 0x00007ff8e437d000 	C:\WINDOWS\System32\winrnr.dll
0x00007ff8f07d0000 - 0x00007ff8f0837000 	C:\WINDOWS\System32\fwpuclnt.dll
0x00007ff8f39e0000 - 0x00007ff8f3a09000 	C:\WINDOWS\SYSTEM32\bcrypt.dll
0x00007ff8ee770000 - 0x00007ff8ee77a000 	C:\Windows\System32\rasadhlp.dll
0x0000000050640000 - 0x000000005065a000 	C:\Program Files\Java\jre1.8.0_191\bin\net.dll
0x0000000050620000 - 0x0000000050631000 	C:\Program Files\Java\jre1.8.0_191\bin\nio.dll
0x00000000505e0000 - 0x00000000505ed000 	C:\Program Files\Java\jre1.8.0_191\bin\management.dll
0x00007ff8f1100000 - 0x00007ff8f1138000 	C:\WINDOWS\SYSTEM32\IPHLPAPI.DLL
0x00007ff8f3430000 - 0x00007ff8f3447000 	C:\WINDOWS\SYSTEM32\CRYPTSP.dll
0x00007ff8f30c0000 - 0x00007ff8f30f4000 	C:\WINDOWS\system32\rsaenh.dll
0x00007ff8f3210000 - 0x00007ff8f322f000 	C:\WINDOWS\SYSTEM32\USERENV.dll
0x00007ff8f39d0000 - 0x00007ff8f39db000 	C:\WINDOWS\SYSTEM32\CRYPTBASE.dll
0x00007ff8f0390000 - 0x00007ff8f03a6000 	C:\WINDOWS\SYSTEM32\dhcpcsvc6.DLL
0x00007ff8f08b0000 - 0x00007ff8f08ca000 	C:\WINDOWS\SYSTEM32\dhcpcsvc.DLL
0x0000000076a50000 - 0x0000000076be9000 	C:\Program Files\Java\jre1.8.0_191\bin\awt.dll
0x00007ff8f6b50000 - 0x00007ff8f6c16000 	C:\WINDOWS\system32\OLEAUT32.dll
0x00007ff8f1d30000 - 0x00007ff8f1da9000 	C:\WINDOWS\system32\apphelp.dll
0x00000000505f0000 - 0x0000000050614000 	C:\Program Files\Java\jre1.8.0_191\bin\sunec.dll
0x00007ff8e5830000 - 0x00007ff8e59bc000 	C:\WINDOWS\SYSTEM32\dbghelp.dll

VM Arguments:
jvm_args: -agentlib:jdwp=transport=dt_socket,suspend=y,address=localhost:53685 -Dcom.sun.management.jmxremote -Dcom.sun.management.jmxremote.port=53684 -Dcom.sun.management.jmxremote.authenticate=false -Dcom.sun.management.jmxremote.ssl=false -Djava.rmi.server.hostname=localhost -Dspring.liveBeansView.mbeanDomain -Dspring.application.admin.enabled=true -javaagent:C:\Users\dvk-glatza\.m2\repository/org/springframework/spring-instrument/5.0.9.RELEASE/spring-instrument-5.0.9.RELEASE.jar -javaagent:C:\Users\dvk-glatza\.m2\repository/org/aspectj/aspectjweaver/1.8.13/aspectjweaver-1.8.13.jar -javaagent:C:\Users\dvk-glatza\.m2\repository/org/hotswapagent/hotswap-agent-core/1.3.0/hotswap-agent-core-1.3.0.jar=autoHotswap=true -Xms256m -Xmx2G -Dsun.java2d.cmm=sun.java2d.cmm.kcms.KcmsServiceProvider -Dfile.encoding=UTF8 -Xverify:none -XX:TieredStopAtLevel=1 
java_command: com.patho.main.PathoFrohApplication
java_class_path (initial): C:\Program Files\Java\jre1.8.0_191\lib\resources.jar;C:\Program Files\Java\jre1.8.0_191\lib\rt.jar;C:\Program Files\Java\jre1.8.0_191\lib\jsse.jar;C:\Program Files\Java\jre1.8.0_191\lib\jce.jar;C:\Program Files\Java\jre1.8.0_191\lib\charsets.jar;C:\Program Files\Java\jre1.8.0_191\lib\jfr.jar;C:\Program Files\Java\jre1.8.0_191\lib\ext\access-bridge-64.jar;C:\Program Files\Java\jre1.8.0_191\lib\ext\cldrdata.jar;C:\Program Files\Java\jre1.8.0_191\lib\ext\dnsns.jar;C:\Program Files\Java\jre1.8.0_191\lib\ext\jaccess.jar;C:\Program Files\Java\jre1.8.0_191\lib\ext\jfxrt.jar;C:\Program Files\Java\jre1.8.0_191\lib\ext\localedata.jar;C:\Program Files\Java\jre1.8.0_191\lib\ext\nashorn.jar;C:\Program Files\Java\jre1.8.0_191\lib\ext\sunec.jar;C:\Program Files\Java\jre1.8.0_191\lib\ext\sunjce_provider.jar;C:\Program Files\Java\jre1.8.0_191\lib\ext\sunmscapi.jar;C:\Program Files\Java\jre1.8.0_191\lib\ext\sunpkcs11.jar;C:\Program Files\Java\jre1.8.0_191\lib\ext\zipfs.jar;C:\Users\dvk-glatza\Documents\workspace\maven.1541424072061\PathoFroh\target\classes;C:\Users\dvk-glatza\.m2\repository\org\springframework\boot\spring-boot-starter\2.0.5.RELEASE\spring-boot-starter-2.0.5.RELEASE.jar;C:\Users\dvk-glatza\.m2\repository\org\springframework\boot\spring-boot\2.0.5.RELEASE\spring-boot-2.0.5.RELEASE.jar;C:\Users\dvk-glatza\.m2\repository\org\springframework\boot\spring-boot-autoconfigure\2.0.5.RELEASE\spring-boot-autoconfigure-2.0.5.RELEASE.jar;C:\Users\dvk-glatza\.m2\repository\org\springframework\boot\spring-boot-starter-logging\2.0.5.RELEASE\spring-boot-starter-logging-2.0.5.RELEASE.jar;C:\Users\dvk-glatza\.m2\repository\ch\qos\logback\logback-classic\1.2.3\logback-classic-1.2.3.jar;C:\Users\dvk-glatza\.m2\repository\ch\qos\logback\logback-core\1.2.3\logback-core-1.2.3.jar;C:\Users\dvk-glatza\.m2\repository\org\apache\logging\log4j\log4j-to-slf4j\2.10.0\log4j-to-slf4j-2.10.0.jar;C:\Users\dvk-glatza\.m2\repository\org\apache\logging\log4j\log4j-api\2.10.0\l
Launcher Type: SUN_STANDARD

Environment Variables:
PATH=C:/Program Files/Java/jre1.8.0_191/bin/server;C:/Program Files/Java/jre1.8.0_191/bin;C:/Program Files/Java/jre1.8.0_191/lib/amd64;C:\Program Files (x86)\Common Files\Oracle\Java\javapath;C:\ProgramData\Oracle\Java\javapath;C:\WINDOWS\system32;C:\WINDOWS;C:\WINDOWS\System32\Wbem;C:\WINDOWS\System32\WindowsPowerShell\v1.0\;C:\Program Files (x86)\Common Files\Roxio Shared\DLLShared\;C:\Program Files (x86)\Common Files\Roxio Shared\10.0\DLLShared\;C:\Program Files\synedra\View;C:\Program Files\synedra\View\win32;C:\Program Files (x86)\Windows Live\Shared;C:\Program Files\MiKTeX 2.9\miktex\bin\x64\;C:\Users\dvk-glatza\Desktop\eclipse;
USERNAME=dvk-glatza
OS=Windows_NT
PROCESSOR_IDENTIFIER=Intel64 Family 6 Model 158 Stepping 9, GenuineIntel



---------------  S Y S T E M  ---------------

OS: Windows 10.0 , 64 bit Build 10586 (10.0.10586.589)

CPU:total 8 (initial active 8) (4 cores per cpu, 2 threads per core) family 6 model 158 stepping 9, cmov, cx8, fxsr, mmx, sse, sse2, sse3, ssse3, sse4.1, sse4.2, popcnt, avx, avx2, aes, clmul, erms, rtm, 3dnowpref, lzcnt, ht, tsc, tscinvbit, bmi1, bmi2, adx

Memory: 4k page, physical 33342812k(25225964k free), swap 38323548k(30097684k free)

vm_info: Dynamic Code Evolution 64-Bit Server VM (25.71-b01-dcevmlight-26) for windows-amd64 JRE (1.8.0), built on Jul 31 2018 12:14:42 by "" with MS VC++ 10.0 (VS2010)

time: Thu Nov 29 16:49:42 2018
elapsed time: 462 seconds (0d 0h 7m 42s)

