#
# A fatal error has been detected by the Java Runtime Environment:
#
#  EXCEPTION_ACCESS_VIOLATION (0xc0000005) at pc=0x0000000072a527bd, pid=14512, tid=0x00000000000023bc
#
# JRE version: Java(TM) SE Runtime Environment (8.0_152-b16) (build 1.8.0_152-b16)
# Java VM: Dynamic Code Evolution 64-Bit Server VM (25.71-b01-dcevmlight-30 mixed mode windows-amd64 compressed oops)
# Problematic frame:
# V  [jvm.dll+0xd27bd]
#
# Failed to write core dump. Minidumps are not enabled by default on client versions of Windows
#
# If you would like to submit a bug report, please visit:
#   https://github.com/dcevm/dcevm/issues
#

---------------  T H R E A D  ---------------

Current thread (0x00000000053de000):  VMThread [stack: 0x0000000015970000,0x0000000015a70000] [id=9148]

siginfo: ExceptionCode=0xc0000005, reading address 0x0000000000000010

Registers:
RAX=0x00000000000000ff, RBX=0x0000000000004800, RCX=0x0000000000000000, RDX=0x0000000000000000
RSP=0x0000000015a6f190, RBP=0x0000000015a6f2c0, RSI=0x0000000000004800, RDI=0x0000000022d85868
R8 =0x00000000158345a0, R9 =0x0000000000000003, R10=0x0000000000000003, R11=0x0000000022d85e49
R12=0x0000000015a6f350, R13=0x0000000015a6f340, R14=0x0000000000000000, R15=0x0000000000000002
RIP=0x0000000072a527bd, EFLAGS=0x0000000000010202

Top of Stack: (sp=0x0000000015a6f190)
0x0000000015a6f190:   00000000000000b6 0000000015a6f2c0
0x0000000015a6f1a0:   00000000000000b6 00000000732020da
0x0000000015a6f1b0:   0000000000000009 0000000072b371d0
0x0000000015a6f1c0:   0000000000000000 00000000000000b6
0x0000000015a6f1d0:   00000000000000c0 00000000732020da
0x0000000015a6f1e0:   0000000000000000 00000000732020da
0x0000000015a6f1f0:   00000000053df440 0000000073234e7e
0x0000000015a6f200:   00000000051edaa8 0000000073205695
0x0000000015a6f210:   0000000015a6f570 00000000732020da
0x0000000015a6f220:   0000000000000000 00000000ffffffd9
0x0000000015a6f230:   0000000000000027 00000000732338a8
0x0000000015a6f240:   0000000015a6f728 0000000015a6f340
0x0000000015a6f250:   0000000015a6f570 000000007321d79a
0x0000000015a6f260:   00000000053df440 0000000073234e7e
0x0000000015a6f270:   0000000015a6f728 0000000073205695
0x0000000015a6f280:   ffffffff00000027 0000000000000027 

Instructions: (pc=0x0000000072a527bd)
0x0000000072a5279d:   0f b7 d8 48 63 c3 0f b7 44 c7 50 48 8b 44 c7 50
0x0000000072a527ad:   48 89 44 24 30 f6 d0 48 8b 4c 24 30 a8 01 74 0f
0x0000000072a527bd:   48 8b 41 10 48 8b 5c 24 38 48 83 c4 20 5f c3 48
0x0000000072a527cd:   8b 5c 24 38 48 83 e1 fe 48 8b c1 48 83 c4 20 5f 


Register to memory mapping:

RAX=0x00000000000000ff is an unknown value
RBX=0x0000000000004800 is an unknown value
RCX=0x0000000000000000 is an unknown value
RDX=0x0000000000000000 is an unknown value
RSP=0x0000000015a6f190 is an unknown value
RBP=0x0000000015a6f2c0 is an unknown value
RSI=0x0000000000004800 is an unknown value
RDI=0x0000000022d85868 is pointing into metadata
R8 =0x00000000158345a0 is an unknown value
R9 =0x0000000000000003 is an unknown value
R10=0x0000000000000003 is an unknown value
R11=0x0000000022d85e49 is pointing into metadata
R12=0x0000000015a6f350 is an unknown value
R13=0x0000000015a6f340 is an unknown value
R14=0x0000000000000000 is an unknown value
R15=0x0000000000000002 is an unknown value


Stack: [0x0000000015970000,0x0000000015a70000],  sp=0x0000000015a6f190,  free space=1020k
Native frames: (J=compiled Java code, j=interpreted, Vv=VM code, C=native code)
V  [jvm.dll+0xd27bd]
V  [jvm.dll+0x1b71d0]
V  [jvm.dll+0x1b8122]
V  [jvm.dll+0x1a9e55]
V  [jvm.dll+0x1af00f]
V  [jvm.dll+0x1afc6a]
V  [jvm.dll+0x22caf7]
V  [jvm.dll+0x22bdb2]
V  [jvm.dll+0x22c231]
V  [jvm.dll+0x22c44e]
V  [jvm.dll+0x2767ea]
C  [msvcr100.dll+0x21d9f]
C  [msvcr100.dll+0x21e3b]
C  [KERNEL32.DLL+0x11fe4]
C  [ntdll.dll+0x6cb31]

VM_Operation (0x000000006e1ff090): RedefineClasses, mode: safepoint, requested by thread 0x000000001e0ac000


---------------  P R O C E S S  ---------------

Java Threads: ( => current thread )
  0x000000001e0ac000 JavaThread "Thread-1242" daemon [_thread_blocked, id=9144, stack(0x000000006e100000,0x000000006e200000)]
  0x0000000021ca5800 JavaThread "Thread-1227" daemon [_thread_blocked, id=10216, stack(0x000000006d200000,0x000000006d300000)]
  0x00000000218a4800 JavaThread "Thread-1211" daemon [_thread_blocked, id=9156, stack(0x000000006c200000,0x000000006c300000)]
  0x00000000218a3000 JavaThread "Thread-1191" daemon [_thread_blocked, id=6840, stack(0x000000006ac00000,0x000000006ad00000)]
  0x00000000218ed800 JavaThread "Thread-1187" daemon [_thread_blocked, id=8004, stack(0x000000006a800000,0x000000006a900000)]
  0x00000000218e3800 JavaThread "Thread-1178" daemon [_thread_blocked, id=3060, stack(0x0000000069f00000,0x000000006a000000)]
  0x00000000218e1800 JavaThread "Thread-1173" daemon [_thread_blocked, id=10800, stack(0x0000000069a00000,0x0000000069b00000)]
  0x00000000218e8000 JavaThread "Thread-1171" daemon [_thread_blocked, id=2764, stack(0x0000000069800000,0x0000000069900000)]
  0x00000000218e7800 JavaThread "Thread-1169" daemon [_thread_blocked, id=3232, stack(0x0000000069600000,0x0000000069700000)]
  0x00000000217f0000 JavaThread "Thread-1168" daemon [_thread_blocked, id=1480, stack(0x0000000069500000,0x0000000069600000)]
  0x00000000217f0800 JavaThread "Thread-1165" daemon [_thread_blocked, id=12808, stack(0x0000000069200000,0x0000000069300000)]
  0x00000000217ee800 JavaThread "Thread-1164" daemon [_thread_blocked, id=10108, stack(0x0000000069100000,0x0000000069200000)]
  0x00000000217f1800 JavaThread "Thread-1160" daemon [_thread_blocked, id=8976, stack(0x0000000068d00000,0x0000000068e00000)]
  0x00000000217dc000 JavaThread "Thread-1154" daemon [_thread_blocked, id=14456, stack(0x0000000068700000,0x0000000068800000)]
  0x0000000021718800 JavaThread "Thread-1152" daemon [_thread_blocked, id=6880, stack(0x0000000068500000,0x0000000068600000)]
  0x00000000217ea800 JavaThread "Thread-1150" daemon [_thread_blocked, id=11940, stack(0x0000000068300000,0x0000000068400000)]
  0x00000000217e5000 JavaThread "Thread-1148" daemon [_thread_blocked, id=3556, stack(0x0000000068100000,0x0000000068200000)]
  0x00000000217e5800 JavaThread "Thread-1147" daemon [_thread_blocked, id=13300, stack(0x0000000068000000,0x0000000068100000)]
  0x00000000217e4000 JavaThread "Thread-1146" daemon [_thread_blocked, id=8360, stack(0x0000000067f00000,0x0000000068000000)]
  0x00000000217e3000 JavaThread "Thread-1145" daemon [_thread_blocked, id=14524, stack(0x0000000067e00000,0x0000000067f00000)]
  0x000000001a312800 JavaThread "Thread-1144" daemon [_thread_blocked, id=5256, stack(0x0000000067d00000,0x0000000067e00000)]
  0x000000001acfd800 JavaThread "Thread-1140" daemon [_thread_blocked, id=5904, stack(0x0000000067900000,0x0000000067a00000)]
  0x000000001acfd000 JavaThread "Thread-1136" daemon [_thread_blocked, id=3156, stack(0x0000000067500000,0x0000000067600000)]
  0x000000001ad00800 JavaThread "Thread-1135" daemon [_thread_blocked, id=1304, stack(0x0000000067400000,0x0000000067500000)]
  0x000000001acff000 JavaThread "Thread-1131" daemon [_thread_blocked, id=3520, stack(0x0000000067000000,0x0000000067100000)]
  0x000000001e349800 JavaThread "Thread-1129" daemon [_thread_blocked, id=1396, stack(0x0000000066e00000,0x0000000066f00000)]
  0x000000001e345000 JavaThread "Thread-1127" daemon [_thread_blocked, id=10260, stack(0x0000000066c00000,0x0000000066d00000)]
  0x000000001acf5000 JavaThread "Thread-1120" daemon [_thread_blocked, id=4636, stack(0x0000000066500000,0x0000000066600000)]
  0x0000000021803000 JavaThread "Thread-1110" daemon [_thread_blocked, id=6472, stack(0x0000000065b00000,0x0000000065c00000)]
  0x0000000021800000 JavaThread "Thread-1106" daemon [_thread_blocked, id=4244, stack(0x0000000065700000,0x0000000065800000)]
  0x00000000217ff000 JavaThread "Thread-1104" daemon [_thread_blocked, id=4628, stack(0x0000000065500000,0x0000000065600000)]
  0x000000001e54f000 JavaThread "Thread-1099" daemon [_thread_blocked, id=5736, stack(0x0000000065000000,0x0000000065100000)]
  0x000000001e54c800 JavaThread "Thread-1097" daemon [_thread_blocked, id=1864, stack(0x0000000064e00000,0x0000000064f00000)]
  0x000000001e54c000 JavaThread "Thread-1095" daemon [_thread_blocked, id=2460, stack(0x0000000064c00000,0x0000000064d00000)]
  0x000000001e550800 JavaThread "Thread-1093" daemon [_thread_blocked, id=13476, stack(0x0000000064a00000,0x0000000064b00000)]
  0x000000001b18d000 JavaThread "Thread-1088" daemon [_thread_blocked, id=5352, stack(0x0000000064500000,0x0000000064600000)]
  0x000000001b18a000 JavaThread "Thread-1083" daemon [_thread_blocked, id=8288, stack(0x0000000064000000,0x0000000064100000)]
  0x000000001e360800 JavaThread "Thread-1082" daemon [_thread_blocked, id=2936, stack(0x0000000063f00000,0x0000000064000000)]
  0x000000001e360000 JavaThread "Thread-1081" daemon [_thread_blocked, id=11528, stack(0x0000000063e00000,0x0000000063f00000)]
  0x000000001e35f000 JavaThread "Thread-1079" daemon [_thread_blocked, id=4604, stack(0x0000000063c00000,0x0000000063d00000)]
  0x000000001e35d800 JavaThread "Thread-1077" daemon [_thread_blocked, id=6072, stack(0x0000000063a00000,0x0000000063b00000)]
  0x000000001e35d000 JavaThread "Thread-1074" daemon [_thread_blocked, id=7292, stack(0x0000000063700000,0x0000000063800000)]
  0x0000000016fc5800 JavaThread "Thread-1072" daemon [_thread_blocked, id=10648, stack(0x0000000063500000,0x0000000063600000)]
  0x0000000016fca800 JavaThread "Thread-1071" daemon [_thread_blocked, id=10248, stack(0x0000000063400000,0x0000000063500000)]
  0x000000001e370000 JavaThread "Thread-1068" daemon [_thread_blocked, id=1844, stack(0x0000000063100000,0x0000000063200000)]
  0x000000001e36e800 JavaThread "Thread-1066" daemon [_thread_blocked, id=1892, stack(0x0000000062f00000,0x0000000063000000)]
  0x000000001e374000 JavaThread "Thread-1065" daemon [_thread_blocked, id=4456, stack(0x0000000062e00000,0x0000000062f00000)]
  0x000000002181b000 JavaThread "Thread-1059" daemon [_thread_blocked, id=12052, stack(0x0000000062800000,0x0000000062900000)]
  0x0000000021814000 JavaThread "Thread-1056" daemon [_thread_blocked, id=13220, stack(0x0000000062500000,0x0000000062600000)]
  0x000000001a311800 JavaThread "Thread-1051" daemon [_thread_blocked, id=6648, stack(0x0000000062000000,0x0000000062100000)]
  0x000000001a313000 JavaThread "Thread-1049" daemon [_thread_blocked, id=7968, stack(0x0000000061e00000,0x0000000061f00000)]
  0x0000000016fc8800 JavaThread "Thread-1046" daemon [_thread_blocked, id=5328, stack(0x0000000061b00000,0x0000000061c00000)]
  0x0000000016fc4800 JavaThread "Thread-1045" daemon [_thread_blocked, id=6644, stack(0x0000000061a00000,0x0000000061b00000)]
  0x0000000016fcb800 JavaThread "Thread-1043" daemon [_thread_blocked, id=14092, stack(0x0000000061800000,0x0000000061900000)]
  0x0000000021725000 JavaThread "Thread-1039" daemon [_thread_blocked, id=14084, stack(0x0000000061400000,0x0000000061500000)]
  0x000000001a30c800 JavaThread "Thread-1037" daemon [_thread_blocked, id=14564, stack(0x0000000061200000,0x0000000061300000)]
  0x000000001d9b6800 JavaThread "Thread-1035" daemon [_thread_blocked, id=4940, stack(0x0000000061000000,0x0000000061100000)]
  0x000000001d9b9800 JavaThread "Thread-1032" daemon [_thread_blocked, id=14184, stack(0x0000000060d00000,0x0000000060e00000)]
  0x000000001d9b9000 JavaThread "Thread-1026" daemon [_thread_blocked, id=11384, stack(0x0000000060700000,0x0000000060800000)]
  0x00000000170ad000 JavaThread "Thread-1025" daemon [_thread_blocked, id=9152, stack(0x0000000060600000,0x0000000060700000)]
  0x00000000170a9000 JavaThread "Thread-1019" daemon [_thread_blocked, id=4804, stack(0x0000000060000000,0x0000000060100000)]
  0x00000000170b0000 JavaThread "Thread-1018" daemon [_thread_blocked, id=9004, stack(0x000000005ff00000,0x0000000060000000)]
  0x000000001e535800 JavaThread "Thread-1015" daemon [_thread_blocked, id=8432, stack(0x000000005fc00000,0x000000005fd00000)]
  0x000000001e53a000 JavaThread "Thread-1011" daemon [_thread_blocked, id=9068, stack(0x000000005f800000,0x000000005f900000)]
  0x000000001e539000 JavaThread "Thread-1010" daemon [_thread_blocked, id=14756, stack(0x000000005f700000,0x000000005f800000)]
  0x0000000021729800 JavaThread "Thread-1008" daemon [_thread_blocked, id=11108, stack(0x000000005f500000,0x000000005f600000)]
  0x0000000021723800 JavaThread "Thread-1006" daemon [_thread_blocked, id=12612, stack(0x000000005f300000,0x000000005f400000)]
  0x0000000021726800 JavaThread "Thread-1004" daemon [_thread_blocked, id=7196, stack(0x000000005f100000,0x000000005f200000)]
  0x000000001e312800 JavaThread "Thread-996" daemon [_thread_blocked, id=11088, stack(0x000000005e900000,0x000000005ea00000)]
  0x000000001e312000 JavaThread "Thread-995" daemon [_thread_blocked, id=2316, stack(0x000000005e800000,0x000000005e900000)]
  0x000000001e30f800 JavaThread "Thread-993" daemon [_thread_blocked, id=11028, stack(0x000000005e600000,0x000000005e700000)]
  0x0000000021818000 JavaThread "Thread-990" daemon [_thread_blocked, id=9512, stack(0x000000005e300000,0x000000005e400000)]
  0x000000001e0b3000 JavaThread "DestroyJavaVM" [_thread_blocked, id=6848, stack(0x00000000051f0000,0x00000000052f0000)]
  0x000000001e0ab800 JavaThread "http-nio-8080-AsyncTimeout" daemon [_thread_blocked, id=11508, stack(0x0000000020fa0000,0x00000000210a0000)]
  0x000000001e0b2000 JavaThread "http-nio-8080-Acceptor-0" daemon [_thread_in_native, id=10188, stack(0x0000000020ea0000,0x0000000020fa0000)]
  0x000000001e0b1800 JavaThread "http-nio-8080-ClientPoller-1" daemon [_thread_in_native, id=8040, stack(0x0000000020da0000,0x0000000020ea0000)]
  0x000000001e0b0000 JavaThread "http-nio-8080-ClientPoller-0" daemon [_thread_in_native, id=6204, stack(0x0000000020ca0000,0x0000000020da0000)]
  0x000000001e0ad000 JavaThread "http-nio-8080-exec-10" daemon [_thread_blocked, id=11032, stack(0x0000000020ba0000,0x0000000020ca0000)]
  0x000000001e0b0800 JavaThread "http-nio-8080-exec-9" daemon [_thread_blocked, id=12128, stack(0x0000000020aa0000,0x0000000020ba0000)]
  0x000000001e0af000 JavaThread "http-nio-8080-exec-8" daemon [_thread_blocked, id=3180, stack(0x00000000209a0000,0x0000000020aa0000)]
  0x000000001e0ae800 JavaThread "http-nio-8080-exec-7" daemon [_thread_blocked, id=4588, stack(0x00000000208a0000,0x00000000209a0000)]
  0x000000001e0ad800 JavaThread "http-nio-8080-exec-6" daemon [_thread_blocked, id=11828, stack(0x00000000207a0000,0x00000000208a0000)]
  0x000000001de11000 JavaThread "http-nio-8080-exec-5" daemon [_thread_blocked, id=936, stack(0x00000000206a0000,0x00000000207a0000)]
  0x000000001de0c800 JavaThread "http-nio-8080-exec-4" daemon [_thread_blocked, id=9620, stack(0x00000000205a0000,0x00000000206a0000)]
  0x000000001de10800 JavaThread "http-nio-8080-exec-3" daemon [_thread_blocked, id=10528, stack(0x00000000204a0000,0x00000000205a0000)]
  0x000000001de0b000 JavaThread "http-nio-8080-exec-2" daemon [_thread_blocked, id=11084, stack(0x00000000203a0000,0x00000000204a0000)]
  0x000000001de0f800 JavaThread "http-nio-8080-exec-1" daemon [_thread_blocked, id=11668, stack(0x00000000202a0000,0x00000000203a0000)]
  0x000000001de0f000 JavaThread "NioBlockingSelector.BlockPoller-1" daemon [_thread_in_native, id=13000, stack(0x00000000201a0000,0x00000000202a0000)]
  0x000000001de0e000 JavaThread "Live Reload Server" daemon [_thread_in_native, id=6820, stack(0x00000000200a0000,0x00000000201a0000)]
  0x000000001de0c000 JavaThread "File Watcher" daemon [_thread_blocked, id=5952, stack(0x000000001fea0000,0x000000001ffa0000)]
  0x000000001b146000 JavaThread "HikariPool-1 housekeeper" daemon [_thread_blocked, id=4528, stack(0x000000001d4d0000,0x000000001d5d0000)]
  0x000000001b042800 JavaThread "PostgreSQL-JDBC-SharedTimer-1" daemon [_thread_blocked, id=5592, stack(0x000000001d3d0000,0x000000001d4d0000)]
  0x000000001abc0000 JavaThread "container-0" [_thread_blocked, id=13600, stack(0x000000001d1d0000,0x000000001d2d0000)]
  0x000000001ab48000 JavaThread "ContainerBackgroundProcessor[StandardEngine[Tomcat]]" daemon [_thread_blocked, id=11500, stack(0x000000001d0d0000,0x000000001d1d0000)]
  0x0000000016fe8000 JavaThread "Service Thread" daemon [_thread_blocked, id=15068, stack(0x0000000017bd0000,0x0000000017cd0000)]
  0x0000000016e59800 JavaThread "C1 CompilerThread3" daemon [_thread_blocked, id=13308, stack(0x0000000017ad0000,0x0000000017bd0000)]
  0x0000000016e56800 JavaThread "C2 CompilerThread2" daemon [_thread_blocked, id=4068, stack(0x00000000179d0000,0x0000000017ad0000)]
  0x0000000016d14800 JavaThread "C2 CompilerThread1" daemon [_thread_blocked, id=11916, stack(0x00000000178d0000,0x00000000179d0000)]
  0x0000000016d13800 JavaThread "C2 CompilerThread0" daemon [_thread_blocked, id=12160, stack(0x00000000177d0000,0x00000000178d0000)]
  0x0000000016cf4800 JavaThread "Thread-4" daemon [_thread_blocked, id=10820, stack(0x00000000174d0000,0x00000000175d0000)]
  0x0000000016c77800 JavaThread "HotSwap Dispatcher" daemon [_thread_blocked, id=8852, stack(0x00000000173d0000,0x00000000174d0000)]
  0x0000000016ba4800 JavaThread "HotSwap Watcher" daemon [_thread_blocked, id=12616, stack(0x00000000172d0000,0x00000000173d0000)]
  0x0000000016c8e800 JavaThread "Thread-1" daemon [_thread_in_native, id=11472, stack(0x00000000171d0000,0x00000000172d0000)]
  0x000000001588a800 JavaThread "JDWP Command Reader" daemon [_thread_in_native, id=6124, stack(0x00000000164d0000,0x00000000165d0000)]
  0x0000000015889000 JavaThread "JDWP Event Helper Thread" daemon [_thread_blocked, id=13016, stack(0x00000000163d0000,0x00000000164d0000)]
  0x000000001587b800 JavaThread "JDWP Transport Listener: dt_socket" daemon [_thread_blocked, id=14616, stack(0x00000000162d0000,0x00000000163d0000)]
  0x000000001586d000 JavaThread "Attach Listener" daemon [_thread_blocked, id=10928, stack(0x0000000015e90000,0x0000000015f90000)]
  0x0000000015868800 JavaThread "Signal Dispatcher" daemon [_thread_blocked, id=5236, stack(0x0000000015d90000,0x0000000015e90000)]
  0x0000000015855800 JavaThread "Finalizer" daemon [_thread_blocked, id=7560, stack(0x0000000015b70000,0x0000000015c70000)]
  0x00000000053e5800 JavaThread "Reference Handler" daemon [_thread_blocked, id=8996, stack(0x0000000015a70000,0x0000000015b70000)]

Other Threads:
=>0x00000000053de000 VMThread [stack: 0x0000000015970000,0x0000000015a70000] [id=9148]
  0x0000000016feb000 WatcherThread [stack: 0x0000000017cd0000,0x0000000017dd0000] [id=11892]

VM state:at safepoint (normal execution)

VM Mutex/Monitor currently owned by a thread:  ([mutex/lock_event])
[0x00000000052f1050] Threads_lock - owner thread: 0x00000000053de000
[0x00000000052f63f0] Heap_lock - owner thread: 0x000000001e0ac000

Heap:
 def new generation   total 78720K, used 30701K [0x0000000080000000, 0x0000000085560000, 0x00000000aaaa0000)
  eden space 70016K,  39% used [0x0000000080000000, 0x0000000081b10e20, 0x0000000084460000)
  from space 8704K,  34% used [0x0000000084ce0000, 0x0000000084fca630, 0x0000000085560000)
  to   space 8704K,   0% used [0x0000000084460000, 0x0000000084460000, 0x0000000084ce0000)
 tenured generation   total 174784K, used 96759K [0x00000000aaaa0000, 0x00000000b5550000, 0x0000000100000000)
   the space 174784K,  55% used [0x00000000aaaa0000, 0x00000000b091ddc0, 0x00000000b091de00, 0x00000000b5550000)
 Metaspace       used 106250K, capacity 113248K, committed 113408K, reserved 1146880K
  class space    used 14489K, capacity 15794K, committed 15872K, reserved 1048576K

Card table byte_map: [0x00000000148b0000,0x0000000014cc0000] byte_map_base: 0x00000000144b0000

Polling page: 0x0000000003800000

CodeCache: size=245760Kb used=17819Kb max_used=29778Kb free=227940Kb
 bounds [0x00000000054f0000, 0x0000000007210000, 0x00000000144f0000]
 total_blobs=9962 nmethods=9321 adapters=560
 compilation: enabled

Compilation events (10 events):
Event: 412.823 Thread 0x0000000016e59800 30851       1       org.aspectj.apache.bcel.classfile.Code::calculateLength (48 bytes)
Event: 412.823 Thread 0x0000000016e59800 nmethod 30851 0x000000000669ef50 code [0x000000000669f0c0, 0x000000000669f268]
Event: 412.823 Thread 0x0000000016e59800 30852       1       org.aspectj.apache.bcel.classfile.Code::getInternalLength (44 bytes)
Event: 412.823 Thread 0x0000000016e59800 nmethod 30852 0x000000000669ec10 code [0x000000000669ed60, 0x000000000669eeb0]
Event: 412.823 Thread 0x0000000016e59800 30853       1       org.aspectj.weaver.ReferenceType::isExposedToWeaver (25 bytes)
Event: 412.824 Thread 0x0000000016e59800 nmethod 30853 0x000000000669e810 code [0x000000000669e980, 0x000000000669eb28]
Event: 412.824 Thread 0x0000000016e59800 30854       1       org.aspectj.weaver.patterns.ExactTypePattern::matchesExactly (128 bytes)
Event: 412.824 Thread 0x0000000016e59800 nmethod 30854 0x000000000669dd10 code [0x000000000669df40, 0x000000000669e3f8]
Event: 412.824 Thread 0x0000000016e59800 30859       1       org.aspectj.weaver.patterns.KindedPointcut::fastMatch (395 bytes)
Event: 412.826 Thread 0x0000000016e59800 nmethod 30859 0x000000000669c810 code [0x000000000669cac0, 0x000000000669d448]

GC Heap History (10 events):
Event: 318.094 GC heap before
{Heap before GC invocations=74 (full 4):
 def new generation   total 78720K, used 72605K [0x0000000080000000, 0x0000000085560000, 0x00000000aaaa0000)
  eden space 70016K,  99% used [0x0000000080000000, 0x0000000084443620, 0x0000000084460000)
  from space 8704K,  31% used [0x0000000084460000, 0x0000000084703eb8, 0x0000000084ce0000)
  to   space 8704K,   0% used [0x0000000084ce0000, 0x0000000084ce0000, 0x0000000085560000)
 tenured generation   total 174784K, used 96759K [0x00000000aaaa0000, 0x00000000b5550000, 0x0000000100000000)
   the space 174784K,  55% used [0x00000000aaaa0000, 0x00000000b091ddc0, 0x00000000b091de00, 0x00000000b5550000)
 Metaspace       used 105305K, capacity 111944K, committed 112256K, reserved 1146880K
  class space    used 14396K, capacity 15646K, committed 15744K, reserved 1048576K
Event: 318.109 GC heap after
Heap after GC invocations=75 (full 4):
 def new generation   total 78720K, used 3259K [0x0000000080000000, 0x0000000085560000, 0x00000000aaaa0000)
  eden space 70016K,   0% used [0x0000000080000000, 0x0000000080000000, 0x0000000084460000)
  from space 8704K,  37% used [0x0000000084ce0000, 0x000000008500efe8, 0x0000000085560000)
  to   space 8704K,   0% used [0x0000000084460000, 0x0000000084460000, 0x0000000084ce0000)
 tenured generation   total 174784K, used 96759K [0x00000000aaaa0000, 0x00000000b5550000, 0x0000000100000000)
   the space 174784K,  55% used [0x00000000aaaa0000, 0x00000000b091ddc0, 0x00000000b091de00, 0x00000000b5550000)
 Metaspace       used 105305K, capacity 111944K, committed 112256K, reserved 1146880K
  class space    used 14396K, capacity 15646K, committed 15744K, reserved 1048576K
}
Event: 346.460 GC heap before
{Heap before GC invocations=75 (full 4):
 def new generation   total 78720K, used 73275K [0x0000000080000000, 0x0000000085560000, 0x00000000aaaa0000)
  eden space 70016K, 100% used [0x0000000080000000, 0x0000000084460000, 0x0000000084460000)
  from space 8704K,  37% used [0x0000000084ce0000, 0x000000008500efe8, 0x0000000085560000)
  to   space 8704K,   0% used [0x0000000084460000, 0x0000000084460000, 0x0000000084ce0000)
 tenured generation   total 174784K, used 96759K [0x00000000aaaa0000, 0x00000000b5550000, 0x0000000100000000)
   the space 174784K,  55% used [0x00000000aaaa0000, 0x00000000b091ddc0, 0x00000000b091de00, 0x00000000b5550000)
 Metaspace       used 105548K, capacity 112194K, committed 112512K, reserved 1146880K
  class space    used 14414K, capacity 15677K, committed 15744K, reserved 1048576K
Event: 346.471 GC heap after
Heap after GC invocations=76 (full 4):
 def new generation   total 78720K, used 3497K [0x0000000080000000, 0x0000000085560000, 0x00000000aaaa0000)
  eden space 70016K,   0% used [0x0000000080000000, 0x0000000080000000, 0x0000000084460000)
  from space 8704K,  40% used [0x0000000084460000, 0x00000000847ca638, 0x0000000084ce0000)
  to   space 8704K,   0% used [0x0000000084ce0000, 0x0000000084ce0000, 0x0000000085560000)
 tenured generation   total 174784K, used 96759K [0x00000000aaaa0000, 0x00000000b5550000, 0x0000000100000000)
   the space 174784K,  55% used [0x00000000aaaa0000, 0x00000000b091ddc0, 0x00000000b091de00, 0x00000000b5550000)
 Metaspace       used 105548K, capacity 112194K, committed 112512K, reserved 1146880K
  class space    used 14414K, capacity 15677K, committed 15744K, reserved 1048576K
}
Event: 375.394 GC heap before
{Heap before GC invocations=76 (full 4):
 def new generation   total 78720K, used 73513K [0x0000000080000000, 0x0000000085560000, 0x00000000aaaa0000)
  eden space 70016K, 100% used [0x0000000080000000, 0x0000000084460000, 0x0000000084460000)
  from space 8704K,  40% used [0x0000000084460000, 0x00000000847ca638, 0x0000000084ce0000)
  to   space 8704K,   0% used [0x0000000084ce0000, 0x0000000084ce0000, 0x0000000085560000)
 tenured generation   total 174784K, used 96759K [0x00000000aaaa0000, 0x00000000b5550000, 0x0000000100000000)
   the space 174784K,  55% used [0x00000000aaaa0000, 0x00000000b091ddc0, 0x00000000b091de00, 0x00000000b5550000)
 Metaspace       used 105662K, capacity 112406K, committed 112512K, reserved 1146880K
  class space    used 14422K, capacity 15691K, committed 15744K, reserved 1048576K
Event: 375.405 GC heap after
Heap after GC invocations=77 (full 4):
 def new generation   total 78720K, used 2333K [0x0000000080000000, 0x0000000085560000, 0x00000000aaaa0000)
  eden space 70016K,   0% used [0x0000000080000000, 0x0000000080000000, 0x0000000084460000)
  from space 8704K,  26% used [0x0000000084ce0000, 0x0000000084f27488, 0x0000000085560000)
  to   space 8704K,   0% used [0x0000000084460000, 0x0000000084460000, 0x0000000084ce0000)
 tenured generation   total 174784K, used 96759K [0x00000000aaaa0000, 0x00000000b5550000, 0x0000000100000000)
   the space 174784K,  55% used [0x00000000aaaa0000, 0x00000000b091ddc0, 0x00000000b091de00, 0x00000000b5550000)
 Metaspace       used 105662K, capacity 112406K, committed 112512K, reserved 1146880K
  class space    used 14422K, capacity 15691K, committed 15744K, reserved 1048576K
}
Event: 382.156 GC heap before
{Heap before GC invocations=77 (full 4):
 def new generation   total 78720K, used 72349K [0x0000000080000000, 0x0000000085560000, 0x00000000aaaa0000)
  eden space 70016K, 100% used [0x0000000080000000, 0x0000000084460000, 0x0000000084460000)
  from space 8704K,  26% used [0x0000000084ce0000, 0x0000000084f27488, 0x0000000085560000)
  to   space 8704K,   0% used [0x0000000084460000, 0x0000000084460000, 0x0000000084ce0000)
 tenured generation   total 174784K, used 96759K [0x00000000aaaa0000, 0x00000000b5550000, 0x0000000100000000)
   the space 174784K,  55% used [0x00000000aaaa0000, 0x00000000b091ddc0, 0x00000000b091de00, 0x00000000b5550000)
 Metaspace       used 106186K, capacity 113184K, committed 113408K, reserved 1146880K
  class space    used 14488K, capacity 15794K, committed 15872K, reserved 1048576K
Event: 382.173 GC heap after
Heap after GC invocations=78 (full 4):
 def new generation   total 78720K, used 4046K [0x0000000080000000, 0x0000000085560000, 0x00000000aaaa0000)
  eden space 70016K,   0% used [0x0000000080000000, 0x0000000080000000, 0x0000000084460000)
  from space 8704K,  46% used [0x0000000084460000, 0x0000000084853958, 0x0000000084ce0000)
  to   space 8704K,   0% used [0x0000000084ce0000, 0x0000000084ce0000, 0x0000000085560000)
 tenured generation   total 174784K, used 96759K [0x00000000aaaa0000, 0x00000000b5550000, 0x0000000100000000)
   the space 174784K,  55% used [0x00000000aaaa0000, 0x00000000b091ddc0, 0x00000000b091de00, 0x00000000b5550000)
 Metaspace       used 106186K, capacity 113184K, committed 113408K, reserved 1146880K
  class space    used 14488K, capacity 15794K, committed 15872K, reserved 1048576K
}
Event: 412.273 GC heap before
{Heap before GC invocations=78 (full 4):
 def new generation   total 78720K, used 74062K [0x0000000080000000, 0x0000000085560000, 0x00000000aaaa0000)
  eden space 70016K, 100% used [0x0000000080000000, 0x0000000084460000, 0x0000000084460000)
  from space 8704K,  46% used [0x0000000084460000, 0x0000000084853958, 0x0000000084ce0000)
  to   space 8704K,   0% used [0x0000000084ce0000, 0x0000000084ce0000, 0x0000000085560000)
 tenured generation   total 174784K, used 96759K [0x00000000aaaa0000, 0x00000000b5550000, 0x0000000100000000)
   the space 174784K,  55% used [0x00000000aaaa0000, 0x00000000b091ddc0, 0x00000000b091de00, 0x00000000b5550000)
 Metaspace       used 106192K, capacity 113184K, committed 113408K, reserved 1146880K
  class space    used 14488K, capacity 15794K, committed 15872K, reserved 1048576K
Event: 412.288 GC heap after
Heap after GC invocations=79 (full 4):
 def new generation   total 78720K, used 2985K [0x0000000080000000, 0x0000000085560000, 0x00000000aaaa0000)
  eden space 70016K,   0% used [0x0000000080000000, 0x0000000080000000, 0x0000000084460000)
  from space 8704K,  34% used [0x0000000084ce0000, 0x0000000084fca630, 0x0000000085560000)
  to   space 8704K,   0% used [0x0000000084460000, 0x0000000084460000, 0x0000000084ce0000)
 tenured generation   total 174784K, used 96759K [0x00000000aaaa0000, 0x00000000b5550000, 0x0000000100000000)
   the space 174784K,  55% used [0x00000000aaaa0000, 0x00000000b091ddc0, 0x00000000b091de00, 0x00000000b5550000)
 Metaspace       used 106192K, capacity 113184K, committed 113408K, reserved 1146880K
  class space    used 14488K, capacity 15794K, committed 15872K, reserved 1048576K
}

Deoptimization events (0 events):
No events

Internal exceptions (10 events):
Event: 379.658 Thread 0x000000001e0ad800 Exception <a 'java/lang/NullPointerException'> (0x00000000825a2fb0) thrown at [C:\Jenkins\workspace\DCEVM-8u152\jdk\JDK1.8.0_152-x64\k\product\oops\nocompressed\slave\dcevm-win\hotspot\src\share\vm\interpreter\linkResolver.cpp, line 1197]
Event: 379.672 Thread 0x000000001e0ad800 Exception <a 'java/lang/NullPointerException'> (0x00000000825c14f8) thrown at [C:\Jenkins\workspace\DCEVM-8u152\jdk\JDK1.8.0_152-x64\k\product\oops\nocompressed\slave\dcevm-win\hotspot\src\share\vm\interpreter\linkResolver.cpp, line 1197]
Event: 379.674 Thread 0x000000001e0ad800 Exception <a 'java/lang/NullPointerException'> (0x00000000825c8700) thrown at [C:\Jenkins\workspace\DCEVM-8u152\jdk\JDK1.8.0_152-x64\k\product\oops\nocompressed\slave\dcevm-win\hotspot\src\share\vm\interpreter\linkResolver.cpp, line 1197]
Event: 379.677 Thread 0x000000001e0ad800 Exception <a 'java/lang/NullPointerException'> (0x00000000826175a8) thrown at [C:\Jenkins\workspace\DCEVM-8u152\jdk\JDK1.8.0_152-x64\k\product\oops\nocompressed\slave\dcevm-win\hotspot\src\share\vm\interpreter\linkResolver.cpp, line 1197]
Event: 379.891 Thread 0x000000001e0ad000 Exception <a 'java/lang/NullPointerException'> (0x0000000082f568e0) thrown at [C:\Jenkins\workspace\DCEVM-8u152\jdk\JDK1.8.0_152-x64\k\product\oops\nocompressed\slave\dcevm-win\hotspot\src\share\vm\interpreter\linkResolver.cpp, line 1197]
Event: 379.893 Thread 0x000000001e0ad000 Exception <a 'java/lang/NullPointerException'> (0x0000000082f5c9d8) thrown at [C:\Jenkins\workspace\DCEVM-8u152\jdk\JDK1.8.0_152-x64\k\product\oops\nocompressed\slave\dcevm-win\hotspot\src\share\vm\interpreter\linkResolver.cpp, line 1197]
Event: 379.894 Thread 0x000000001e0ad000 Exception <a 'java/lang/NullPointerException'> (0x0000000082f65e08) thrown at [C:\Jenkins\workspace\DCEVM-8u152\jdk\JDK1.8.0_152-x64\k\product\oops\nocompressed\slave\dcevm-win\hotspot\src\share\vm\interpreter\linkResolver.cpp, line 1197]
Event: 379.897 Thread 0x000000001e0ad000 Exception <a 'java/lang/NullPointerException'> (0x0000000082f786e0) thrown at [C:\Jenkins\workspace\DCEVM-8u152\jdk\JDK1.8.0_152-x64\k\product\oops\nocompressed\slave\dcevm-win\hotspot\src\share\vm\interpreter\linkResolver.cpp, line 1197]
Event: 379.898 Thread 0x000000001e0ad000 Exception <a 'java/lang/NullPointerException'> (0x0000000082f844f8) thrown at [C:\Jenkins\workspace\DCEVM-8u152\jdk\JDK1.8.0_152-x64\k\product\oops\nocompressed\slave\dcevm-win\hotspot\src\share\vm\interpreter\linkResolver.cpp, line 1197]
Event: 412.666 Thread 0x000000001e0ac000 Exception <a 'java/lang/ArrayIndexOutOfBoundsException': 45> (0x0000000081386ce0) thrown at [C:\Jenkins\workspace\DCEVM-8u152\jdk\JDK1.8.0_152-x64\k\product\oops\nocompressed\slave\dcevm-win\hotspot\src\share\vm\interpreter\interpreterRuntime.cpp, line 36

Events (10 events):
Event: 412.845 Thread 0x0000000016e59800 flushing nmethod 0x0000000005683490
Event: 412.845 Thread 0x0000000016e59800 flushing nmethod 0x0000000005683a90
Event: 412.845 Thread 0x0000000016e59800 flushing nmethod 0x0000000005684410
Event: 412.845 Thread 0x0000000016e59800 flushing nmethod 0x00000000056846d0
Event: 412.845 Thread 0x0000000016e59800 flushing nmethod 0x0000000005684990
Event: 412.845 Thread 0x0000000016e59800 flushing nmethod 0x0000000005684d90
Event: 412.845 Thread 0x0000000016e59800 flushing nmethod 0x0000000005685650
Event: 412.845 Thread 0x0000000016e59800 flushing nmethod 0x0000000005685950
Event: 412.846 Thread 0x0000000016e59800 flushing nmethod 0x00000000056868d0
Event: 412.846 Executing VM operation: RedefineClasses


Dynamic libraries:
0x00007ff6c8a60000 - 0x00007ff6c8a97000 	C:\Program Files\Java\jdk1.8.0_152\bin\javaw.exe
0x00007ff87e260000 - 0x00007ff87e440000 	C:\Windows\SYSTEM32\ntdll.dll
0x00007ff87d9a0000 - 0x00007ff87da4e000 	C:\Windows\System32\KERNEL32.DLL
0x00007ff87a6b0000 - 0x00007ff87a916000 	C:\Windows\System32\KERNELBASE.dll
0x00007ff87bd20000 - 0x00007ff87bdc1000 	C:\Windows\System32\ADVAPI32.dll
0x00007ff87b810000 - 0x00007ff87b8ad000 	C:\Windows\System32\msvcrt.dll
0x00007ff87bc90000 - 0x00007ff87bceb000 	C:\Windows\System32\sechost.dll
0x00007ff87db40000 - 0x00007ff87dc5f000 	C:\Windows\System32\RPCRT4.dll
0x00007ff87d810000 - 0x00007ff87d99f000 	C:\Windows\System32\USER32.dll
0x00007ff87afc0000 - 0x00007ff87afe0000 	C:\Windows\System32\win32u.dll
0x00007ff87dab0000 - 0x00007ff87dad8000 	C:\Windows\System32\GDI32.dll
0x00007ff87ab40000 - 0x00007ff87acd3000 	C:\Windows\System32\gdi32full.dll
0x00007ff87aaa0000 - 0x00007ff87ab3b000 	C:\Windows\System32\msvcp_win.dll
0x00007ff87a920000 - 0x00007ff87aa15000 	C:\Windows\System32\ucrtbase.dll
0x00007ff86c290000 - 0x00007ff86c4f9000 	C:\Windows\WinSxS\amd64_microsoft.windows.common-controls_6595b64144ccf1df_6.0.16299.611_none_15c7d8029365981f\COMCTL32.dll
0x00007ff87d430000 - 0x00007ff87d737000 	C:\Windows\System32\combase.dll
0x00007ff87aa20000 - 0x00007ff87aa92000 	C:\Windows\System32\bcryptPrimitives.dll
0x00007ff87bcf0000 - 0x00007ff87bd1d000 	C:\Windows\System32\IMM32.DLL
0x00000000731e0000 - 0x00000000732b2000 	C:\Program Files\Java\jdk1.8.0_152\jre\bin\msvcr100.dll
0x0000000072980000 - 0x00000000731d1000 	C:\Program Files\Java\jdk1.8.0_152\jre\bin\dcevm\jvm.dll
0x00007ff87d7e0000 - 0x00007ff87d7e8000 	C:\Windows\System32\PSAPI.DLL
0x00007ff877480000 - 0x00007ff8774a3000 	C:\Windows\SYSTEM32\WINMM.dll
0x00007ff85f1c0000 - 0x00007ff85f1c9000 	C:\Windows\SYSTEM32\WSOCK32.dll
0x00007ff875340000 - 0x00007ff87534a000 	C:\Windows\SYSTEM32\VERSION.dll
0x00007ff87b8b0000 - 0x00007ff87b91c000 	C:\Windows\System32\WS2_32.dll
0x00007ff877420000 - 0x00007ff87744a000 	C:\Windows\SYSTEM32\winmmbase.dll
0x00007ff87a660000 - 0x00007ff87a6aa000 	C:\Windows\System32\cfgmgr32.dll
0x0000000072970000 - 0x000000007297f000 	C:\Program Files\Java\jdk1.8.0_152\jre\bin\verify.dll
0x0000000072940000 - 0x0000000072969000 	C:\Program Files\Java\jdk1.8.0_152\jre\bin\java.dll
0x0000000072900000 - 0x0000000072935000 	C:\Program Files\Java\jdk1.8.0_152\jre\bin\jdwp.dll
0x00000000728f0000 - 0x00000000728f8000 	C:\Program Files\Java\jdk1.8.0_152\jre\bin\npt.dll
0x00000000728c0000 - 0x00000000728e3000 	C:\Program Files\Java\jdk1.8.0_152\jre\bin\instrument.dll
0x00000000728a0000 - 0x00000000728b6000 	C:\Program Files\Java\jdk1.8.0_152\jre\bin\zip.dll
0x00007ff87bff0000 - 0x00007ff87d428000 	C:\Windows\System32\SHELL32.dll
0x00007ff87bdd0000 - 0x00007ff87be76000 	C:\Windows\System32\shcore.dll
0x00007ff87afe0000 - 0x00007ff87b727000 	C:\Windows\System32\windows.storage.dll
0x00007ff87da50000 - 0x00007ff87daa1000 	C:\Windows\System32\shlwapi.dll
0x00007ff87a640000 - 0x00007ff87a651000 	C:\Windows\System32\kernel.appcore.dll
0x00007ff87a5d0000 - 0x00007ff87a61c000 	C:\Windows\System32\powrprof.dll
0x00007ff87a620000 - 0x00007ff87a63b000 	C:\Windows\System32\profapi.dll
0x0000000072890000 - 0x0000000072899000 	C:\Program Files\Java\jdk1.8.0_152\jre\bin\dt_socket.dll
0x00007ff83b070000 - 0x00007ff83b086000 	C:\Windows\system32\napinsp.dll
0x00007ff83b050000 - 0x00007ff83b06a000 	C:\Windows\system32\pnrpnsp.dll
0x00007ff874300000 - 0x00007ff874318000 	C:\Windows\system32\NLAapi.dll
0x00007ff879e40000 - 0x00007ff879ea6000 	C:\Windows\System32\mswsock.dll
0x00007ff879c10000 - 0x00007ff879cc6000 	C:\Windows\SYSTEM32\DNSAPI.dll
0x00007ff87dc60000 - 0x00007ff87dc68000 	C:\Windows\System32\NSI.dll
0x00007ff879bd0000 - 0x00007ff879c09000 	C:\Windows\SYSTEM32\IPHLPAPI.DLL
0x00007ff861d60000 - 0x00007ff861d6e000 	C:\Windows\System32\winrnr.dll
0x00007ff853810000 - 0x00007ff853825000 	C:\Windows\System32\wshbth.dll
0x00007ff86b0d0000 - 0x00007ff86b140000 	C:\Windows\System32\fwpuclnt.dll
0x00007ff87a110000 - 0x00007ff87a135000 	C:\Windows\SYSTEM32\bcrypt.dll
0x00007ff869940000 - 0x00007ff86994a000 	C:\Windows\System32\rasadhlp.dll
0x0000000072870000 - 0x000000007288a000 	C:\Program Files\Java\jdk1.8.0_152\jre\bin\net.dll
0x0000000072850000 - 0x0000000072861000 	C:\Program Files\Java\jdk1.8.0_152\jre\bin\nio.dll
0x0000000072840000 - 0x000000007284d000 	C:\Program Files\Java\jdk1.8.0_152\jre\bin\management.dll
0x00007ff87a000000 - 0x00007ff87a017000 	C:\Windows\SYSTEM32\CRYPTSP.dll
0x00007ff879a40000 - 0x00007ff879a73000 	C:\Windows\system32\rsaenh.dll
0x00007ff87a4e0000 - 0x00007ff87a509000 	C:\Windows\SYSTEM32\USERENV.dll
0x00007ff87a020000 - 0x00007ff87a02b000 	C:\Windows\SYSTEM32\CRYPTBASE.dll
0x00007ff874440000 - 0x00007ff874456000 	C:\Windows\SYSTEM32\dhcpcsvc6.DLL
0x00007ff875380000 - 0x00007ff87539a000 	C:\Windows\SYSTEM32\dhcpcsvc.DLL
0x00000000726a0000 - 0x0000000072838000 	C:\Program Files\Java\jdk1.8.0_152\jre\bin\awt.dll
0x00007ff87b740000 - 0x00007ff87b805000 	C:\Windows\System32\OLEAUT32.dll
0x00007ff878a40000 - 0x00007ff878ac8000 	C:\Windows\SYSTEM32\apphelp.dll
0x0000000072670000 - 0x0000000072694000 	C:\Program Files\Java\jdk1.8.0_152\jre\bin\sunec.dll
0x00007ff8720b0000 - 0x00007ff872278000 	C:\Windows\SYSTEM32\dbghelp.dll

VM Arguments:
jvm_args: -agentlib:jdwp=transport=dt_socket,suspend=y,address=localhost:52088 -javaagent:C:/Users/andi/.m2/repository/org/springframework/spring-instrument/5.0.6.RELEASE/spring-instrument-5.0.6.RELEASE.jar -javaagent:C:/Users/andi/.m2/repository/org/aspectj/aspectjweaver/1.8.13/aspectjweaver-1.8.13.jar -javaagent:C:/Users/andi/Documents/develop/hotswap-agent-core-1.3.0.jar=autoHotswap=true -Xms256m -Xmx2G -Dsun.java2d.cmm=sun.java2d.cmm.kcms.KcmsServiceProvider -Xverify:none -XX:TieredStopAtLevel=1 -Dfile.encoding=UTF-8 
java_command: com.patho.main.PathoFrohApplication
java_class_path (initial): C:\Program Files\Java\jdk1.8.0_152\jre\lib\resources.jar;C:\Program Files\Java\jdk1.8.0_152\jre\lib\rt.jar;C:\Program Files\Java\jdk1.8.0_152\jre\lib\jsse.jar;C:\Program Files\Java\jdk1.8.0_152\jre\lib\jce.jar;C:\Program Files\Java\jdk1.8.0_152\jre\lib\charsets.jar;C:\Program Files\Java\jdk1.8.0_152\jre\lib\jfr.jar;C:\Program Files\Java\jdk1.8.0_152\jre\lib\ext\access-bridge-64.jar;C:\Program Files\Java\jdk1.8.0_152\jre\lib\ext\cldrdata.jar;C:\Program Files\Java\jdk1.8.0_152\jre\lib\ext\dnsns.jar;C:\Program Files\Java\jdk1.8.0_152\jre\lib\ext\jaccess.jar;C:\Program Files\Java\jdk1.8.0_152\jre\lib\ext\jfxrt.jar;C:\Program Files\Java\jdk1.8.0_152\jre\lib\ext\localedata.jar;C:\Program Files\Java\jdk1.8.0_152\jre\lib\ext\nashorn.jar;C:\Program Files\Java\jdk1.8.0_152\jre\lib\ext\sunec.jar;C:\Program Files\Java\jdk1.8.0_152\jre\lib\ext\sunjce_provider.jar;C:\Program Files\Java\jdk1.8.0_152\jre\lib\ext\sunmscapi.jar;C:\Program Files\Java\jdk1.8.0_152\jre\lib\ext\sunpkcs11.jar;C:\Program Files\Java\jdk1.8.0_152\jre\lib\ext\zipfs.jar;C:\Users\andi\eclipse-workspace\PathoFroh\target\classes;C:\Users\andi\.m2\repository\org\springframework\boot\spring-boot-starter\2.0.2.RELEASE\spring-boot-starter-2.0.2.RELEASE.jar;C:\Users\andi\.m2\repository\org\springframework\boot\spring-boot\2.0.2.RELEASE\spring-boot-2.0.2.RELEASE.jar;C:\Users\andi\.m2\repository\org\springframework\boot\spring-boot-autoconfigure\2.0.2.RELEASE\spring-boot-autoconfigure-2.0.2.RELEASE.jar;C:\Users\andi\.m2\repository\org\springframework\boot\spring-boot-starter-logging\2.0.2.RELEASE\spring-boot-starter-logging-2.0.2.RELEASE.jar;C:\Users\andi\.m2\repository\ch\qos\logback\logback-classic\1.2.3\logback-classic-1.2.3.jar;C:\Users\andi\.m2\repository\ch\qos\logback\logback-core\1.2.3\logback-core-1.2.3.jar;C:\Users\andi\.m2\repository\org\apache\logging\log4j\log4j-to-slf4j\2.10.0\log4j-to-slf4j-2.10.0.jar;C:\Users\andi\.m2\repository\org\apache\logging\log4j\log4j-api\2.10.0\log4j
Launcher Type: SUN_STANDARD

Environment Variables:
PATH=C:\Program Files\Java\jdk1.8.0_152\jre\bin;C:/Program Files/Java/jre1.8.0_181/bin/server;C:/Program Files/Java/jre1.8.0_181/bin;C:/Program Files/Java/jre1.8.0_181/lib/amd64;C:\Program Files (x86)\Common Files\Oracle\Java\javapath;C:\ProgramData\Oracle\Java\javapath;C:\Program Files (x86)\Intel\iCLS Client\;C:\Program Files\Intel\iCLS Client\;C:\Windows\system32;C:\Windows;C:\Windows\System32\Wbem;C:\Windows\System32\WindowsPowerShell\v1.0\;C:\Program Files (x86)\NVIDIA Corporation\PhysX\Common;C:\Program Files\Intel\Intel(R) Management Engine Components\DAL;C:\Program Files (x86)\Intel\Intel(R) Management Engine Components\DAL;C:\Program Files\Intel\Intel(R) Management Engine Components\IPT;C:\Program Files (x86)\Intel\Intel(R) Management Engine Components\IPT;C:\Program Files\Git\cmd;C:\Program Files\TortoiseGit\bin;C:\Program Files\Intel\WiFi\bin\;C:\Program Files\Common Files\Intel\WirelessCommon\;C:\Program Files\MiKTeX 2.9\miktex\bin\x64\;C:\Program Files\nodejs\;C:\Program Files\Calibre2\;C:\Users\andi\AppData\Local\Microsoft\WindowsApps;C:\Program Files\Intel\WiFi\bin\;C:\Program Files\Common Files\Intel\WirelessCommon\;C:\Users\andi\AppData\Roaming\npm;C:\Users\andi\Documents\develop\eclipse;
USERNAME=andi
OS=Windows_NT
PROCESSOR_IDENTIFIER=Intel64 Family 6 Model 60 Stepping 3, GenuineIntel



---------------  S Y S T E M  ---------------

OS: Windows 10.0 , 64 bit Build 16299 (10.0.16299.431)

CPU:total 8 (initial active 8) (4 cores per cpu, 2 threads per core) family 6 model 60 stepping 3, cmov, cx8, fxsr, mmx, sse, sse2, sse3, ssse3, sse4.1, sse4.2, popcnt, avx, avx2, aes, clmul, erms, lzcnt, ht, tsc, tscinvbit, bmi1, bmi2

Memory: 4k page, physical 8271256k(1389448k free), swap 13251992k(3301708k free)

vm_info: Dynamic Code Evolution 64-Bit Server VM (25.71-b01-dcevmlight-30) for windows-amd64 JRE (1.8.0), built on Feb 14 2018 07:21:37 by "Administrator" with MS VC++ 10.0 (VS2010)

time: Sun Sep 02 10:45:54 2018
elapsed time: 412 seconds (0d 0h 6m 52s)

